This is the Morties Selfie!!
./selfie: 127592 bytes with 30126 instructions and 7088 bytes of data loaded from selfie.m
./selfie: this is selfie's minster executing selfie.m with 16MB of physical memory
HOW MUCH ALLOCATE :  16384
HOW MUCH ALLOCATE :  16384
HOW MUCH ALLOCATE :  16384
HOW MUCH ALLOCATE :  16384
FINISHED UP LOAD BINARYWriting StringWriting StringWriting Stringselfie.m: $pc=0x0: 0x24080007: addiu $t0,$zero,7: $t0=0,$zero=0 -> $t0=7
selfie.m: $pc=0x4: 0x24094000: addiu $t1,$zero,16384: $t1=0,$zero=0 -> $t1=16384
selfie.m: $pc=0x8: 0x01090019: multu $t0,$t1: $t0=7,$t1=16384,$lo=0 -> $lo=114688
selfie.m: $pc=0xC: 0x00004012: mflo $t0: $t0=7,$lo=114688 -> $t0=114688
selfie.m: $pc=0x10: 0x00000000: nop
selfie.m: $pc=0x14: 0x00000000: nop
selfie.m: $pc=0x18: 0x25083264: addiu $t0,$t0,12900: $t0=114688,$t0=114688 -> $t0=127588
selfie.m: $pc=0x1C: 0x251C0000: addiu $gp,$t0,0: $gp=0,$t0=127588 -> $gp=127588
selfie.m: $pc=0x20: 0x24080FFF: addiu $t0,$zero,4095: $t0=127588,$zero=0 -> $t0=4095
selfie.m: $pc=0x24: 0x24094000: addiu $t1,$zero,16384: $t1=16384,$zero=0 -> $t1=16384
selfie.m: $pc=0x28: 0x01090019: multu $t0,$t1: $t0=4095,$t1=16384,$lo=114688 -> $lo=67092480
selfie.m: $pc=0x2C: 0x00004012: mflo $t0: $t0=4095,$lo=67092480 -> $t0=67092480
selfie.m: $pc=0x30: 0x00000000: nop
selfie.m: $pc=0x34: 0x00000000: nop
selfie.m: $pc=0x38: 0x25083FFC: addiu $t0,$t0,16380: $t0=67092480,$t0=67092480 -> $t0=67108860
selfie.m: $pc=0x3C: 0x8D1D0000: lw $sp,0($t0): $sp=0,$t0=0x3FFFFFC -> $sp=67108832=memory[0xBFFFFFC]
selfie.m: $pc=0x40: 0x0C007542: jal 0x7542[0x1D508]: $ra=0x0 -> $ra=0x48,$pc=0x1D508
selfie.m: $pc=0x1D508: 0x27BDFFFC: addiu $sp,$sp,-4: $sp=67108832,$sp=67108832 -> $sp=67108828
selfie.m: $pc=0x1D50C: 0xAFBF0000: sw $ra,0($sp): $ra=72,$sp=0x3FFFFDC -> memory[0xBFFFFDC]=72=$ra
selfie.m: $pc=0x1D510: 0x27BDFFFC: addiu $sp,$sp,-4: $sp=67108828,$sp=67108828 -> $sp=67108824
selfie.m: $pc=0x1D514: 0xAFBE0000: sw $fp,0($sp): $fp=0,$sp=0x3FFFFD8 -> memory[0xBFFFFD8]=0=$fp
selfie.m: $pc=0x1D518: 0x27BE0000: addiu $fp,$sp,0: $fp=0,$sp=67108824 -> $fp=67108824
selfie.m: $pc=0x1D51C: 0x27BDFFFC: addiu $sp,$sp,-4: $sp=67108824,$sp=67108824 -> $sp=67108820
selfie.m: $pc=0x1D520: 0x8FC8000C: lw $t0,12($fp): $t0=67108860,$fp=0x3FFFFD8 -> $t0=1=memory[0xBFFFFE4]
selfie.m: $pc=0x1D524: 0x27BDFFFC: addiu $sp,$sp,-4: $sp=67108820,$sp=67108820 -> $sp=67108816
selfie.m: $pc=0x1D528: 0xAFA80000: sw $t0,0($sp): $t0=1,$sp=0x3FFFFD0 -> memory[0xBFFFFD0]=1=$t0
selfie.m: $pc=0x1D52C: 0x8FC80008: lw $t0,8($fp): $t0=1,$fp=0x3FFFFD8 -> $t0=67108856=memory[0xBFFFFE0]
selfie.m: $pc=0x1D530: 0x27BDFFFC: addiu $sp,$sp,-4: $sp=67108816,$sp=67108816 -> $sp=67108812
selfie.m: $pc=0x1D534: 0xAFA80000: sw $t0,0($sp): $t0=67108856,$sp=0x3FFFFCC -> memory[0xBFFFFCC]=67108856=$t0
selfie.m: $pc=0x1D538: 0x0C0008E1: jal 0x8E1[0x2384]: $ra=0x48 -> $ra=0x1D540,$pc=0x2384
selfie.m: $pc=0x2384: 0x27BDFFFC: addiu $sp,$sp,-4: $sp=67108812,$sp=67108812 -> $sp=67108808
selfie.m: $pc=0x2388: 0xAFBF0000: sw $ra,0($sp): $ra=120128,$sp=0x3FFFFC8 -> memory[0xBFFFFC8]=120128=$ra
selfie.m: $pc=0x238C: 0x27BDFFFC: addiu $sp,$sp,-4: $sp=67108808,$sp=67108808 -> $sp=67108804
selfie.m: $pc=0x2390: 0xAFBE0000: sw $fp,0($sp): $fp=67108824,$sp=0x3FFFFC4 -> memory[0xBFFFFC4]=67108824=$fp
selfie.m: $pc=0x2394: 0x27BE0000: addiu $fp,$sp,0: $fp=67108824,$sp=67108804 -> $fp=67108804
selfie.m: $pc=0x2398: 0x8FC8000C: lw $t0,12($fp): $t0=67108856,$fp=0x3FFFFC4 -> $t0=1=memory[0xBFFFFD0]
selfie.m: $pc=0x239C: 0xAF88F9DC: sw $t0,-1572($gp): $t0=1,$gp=0x1F264 -> memory[0x401EC40]=1=$t0
selfie.m: $pc=0x23A0: 0x8FC80008: lw $t0,8($fp): $t0=1,$fp=0x3FFFFC4 -> $t0=67108856=memory[0xBFFFFCC]
selfie.m: $pc=0x23A4: 0xAF88F9D8: sw $t0,-1576($gp): $t0=67108856,$gp=0x1F264 -> memory[0x401EC3C]=67108856=$t0
selfie.m: $pc=0x23A8: 0x0C00732F: jal 0x732F[0x1CCBC]: $ra=0x1D540 -> $ra=0x23B0,$pc=0x1CCBC
selfie.m: $pc=0x1CCBC: 0x27BDFFFC: addiu $sp,$sp,-4: $sp=67108804,$sp=67108804 -> $sp=67108800
selfie.m: $pc=0x1CCC0: 0xAFBF0000: sw $ra,0($sp): $ra=9136,$sp=0x3FFFFC0 -> memory[0xBFFFFC0]=9136=$ra
selfie.m: $pc=0x1CCC4: 0x27BDFFFC: addiu $sp,$sp,-4: $sp=67108800,$sp=67108800 -> $sp=67108796
selfie.m: $pc=0x1CCC8: 0xAFBE0000: sw $fp,0($sp): $fp=67108804,$sp=0x3FFFFBC -> memory[0xBFFFFBC]=67108804=$fp
selfie.m: $pc=0x1CCCC: 0x27BE0000: addiu $fp,$sp,0: $fp=67108804,$sp=67108796 -> $fp=67108796
selfie.m: $pc=0x1CCD0: 0x27BDFFFC: addiu $sp,$sp,-4: $sp=67108796,$sp=67108796 -> $sp=67108792
selfie.m: $pc=0x1CCD4: 0x0C007310: jal 0x7310[0x1CC40]: $ra=0x23B0 -> $ra=0x1CCDC,$pc=0x1CC40
selfie.m: $pc=0x1CC40: 0x27BDFFFC: addiu $sp,$sp,-4: $sp=67108792,$sp=67108792 -> $sp=67108788
selfie.m: $pc=0x1CC44: 0xAFBF0000: sw $ra,0($sp): $ra=117980,$sp=0x3FFFFB4 -> memory[0xBFFFFB4]=117980=$ra
selfie.m: $pc=0x1CC48: 0x27BDFFFC: addiu $sp,$sp,-4: $sp=67108788,$sp=67108788 -> $sp=67108784
selfie.m: $pc=0x1CC4C: 0xAFBE0000: sw $fp,0($sp): $fp=67108796,$sp=0x3FFFFB0 -> memory[0xBFFFFB0]=67108796=$fp
selfie.m: $pc=0x1CC50: 0x27BE0000: addiu $fp,$sp,0: $fp=67108796,$sp=67108784 -> $fp=67108784
selfie.m: $pc=0x1CC54: 0x0C0072F0: jal 0x72F0[0x1CBC0]: $ra=0x1CCDC -> $ra=0x1CC5C,$pc=0x1CBC0
selfie.m: $pc=0x1CBC0: 0x27BDFFFC: addiu $sp,$sp,-4: $sp=67108784,$sp=67108784 -> $sp=67108780
selfie.m: $pc=0x1CBC4: 0xAFBF0000: sw $ra,0($sp): $ra=117852,$sp=0x3FFFFAC -> memory[0xBFFFFAC]=117852=$ra
selfie.m: $pc=0x1CBC8: 0x27BDFFFC: addiu $sp,$sp,-4: $sp=67108780,$sp=67108780 -> $sp=67108776
selfie.m: $pc=0x1CBCC: 0xAFBE0000: sw $fp,0($sp): $fp=67108784,$sp=0x3FFFFA8 -> memory[0xBFFFFA8]=67108784=$fp
selfie.m: $pc=0x1CBD0: 0x27BE0000: addiu $fp,$sp,0: $fp=67108784,$sp=67108776 -> $fp=67108776
selfie.m: $pc=0x1CBD4: 0x8F88F9DC: lw $t0,-1572($gp): $t0=67108856,$gp=0x1F264 -> $t0=1=memory[0x401EC40]
selfie.m: $pc=0x1CBD8: 0x00081021: addu $v0,$zero,$t0: $v0=0,$zero=0,$t0=1 -> $v0=1
selfie.m: $pc=0x1CBDC: 0x080072F9: j 0x72F9[0x1CBE4]: -> $pc=0x1CBE4
selfie.m: $pc=0x1CBE4: 0x27DD0000: addiu $sp,$fp,0: $sp=67108776,$fp=67108776 -> $sp=67108776
selfie.m: $pc=0x1CBE8: 0x8FBE0000: lw $fp,0($sp): $fp=67108776,$sp=0x3FFFFA8 -> $fp=67108784=memory[0xBFFFFA8]
selfie.m: $pc=0x1CBEC: 0x27BD0004: addiu $sp,$sp,4: $sp=67108776,$sp=67108776 -> $sp=67108780
selfie.m: $pc=0x1CBF0: 0x8FBF0000: lw $ra,0($sp): $ra=117852,$sp=0x3FFFFAC -> $ra=117852=memory[0xBFFFFAC]
selfie.m: $pc=0x1CBF4: 0x27BD0004: addiu $sp,$sp,4: $sp=67108780,$sp=67108780 -> $sp=67108784
selfie.m: $pc=0x1CBF8: 0x03E00008: jr $ra: $ra=0x1CC5C -> $pc=0x1CC5C
selfie.m: $pc=0x1CC5C: 0x24480000: addiu $t0,$v0,0: $t0=1,$v0=1 -> $t0=1
selfie.m: $pc=0x1CC60: 0x24020000: addiu $v0,$zero,0: $v0=1,$zero=0 -> $v0=0
selfie.m: $pc=0x1CC64: 0x24090000: addiu $t1,$zero,0: $t1=16384,$zero=0 -> $t1=0
selfie.m: $pc=0x1CC68: 0x0128402A: slt $t0,$t1,$t0: $t1=0,$t0=1 -> $t0=1
selfie.m: $pc=0x1CC6C: 0x10080008: beq $zero,$t0,8[0x1CC90]: $zero=0,$t0=1 -> $pc=0x1CC70
selfie.m: $pc=0x1CC70: 0x00000000: nop
selfie.m: $pc=0x1CC74: 0x8F88F9D8: lw $t0,-1576($gp): $t0=1,$gp=0x1F264 -> $t0=67108856=memory[0x401EC3C]
selfie.m: $pc=0x1CC78: 0x8D080000: lw $t0,0($t0): $t0=67108856,$t0=0x3FFFFF8 -> $t0=67108840=memory[0xBFFFFF8]
selfie.m: $pc=0x1CC7C: 0x00081021: addu $v0,$zero,$t0: $v0=0,$zero=0,$t0=67108840 -> $v0=67108840
selfie.m: $pc=0x1CC80: 0x08007328: j 0x7328[0x1CCA0]: -> $pc=0x1CCA0
selfie.m: $pc=0x1CCA0: 0x27DD0000: addiu $sp,$fp,0: $sp=67108784,$fp=67108784 -> $sp=67108784
selfie.m: $pc=0x1CCA4: 0x8FBE0000: lw $fp,0($sp): $fp=67108784,$sp=0x3FFFFB0 -> $fp=67108796=memory[0xBFFFFB0]
selfie.m: $pc=0x1CCA8: 0x27BD0004: addiu $sp,$sp,4: $sp=67108784,$sp=67108784 -> $sp=67108788
selfie.m: $pc=0x1CCAC: 0x8FBF0000: lw $ra,0($sp): $ra=117852,$sp=0x3FFFFB4 -> $ra=117980=memory[0xBFFFFB4]
selfie.m: $pc=0x1CCB0: 0x27BD0004: addiu $sp,$sp,4: $sp=67108788,$sp=67108788 -> $sp=67108792
selfie.m: $pc=0x1CCB4: 0x03E00008: jr $ra: $ra=0x1CCDC -> $pc=0x1CCDC
selfie.m: $pc=0x1CCDC: 0x24480000: addiu $t0,$v0,0: $t0=67108840,$v0=67108840 -> $t0=67108840
selfie.m: $pc=0x1CCE0: 0x24020000: addiu $v0,$zero,0: $v0=67108840,$zero=0 -> $v0=0
selfie.m: $pc=0x1CCE4: 0xAFC8FFFC: sw $t0,-4($fp): $t0=67108840,$fp=0x3FFFFBC -> memory[0xBFFFFB8]=67108840=$t0
selfie.m: $pc=0x1CCE8: 0x0C0072F0: jal 0x72F0[0x1CBC0]: $ra=0x1CCDC -> $ra=0x1CCF0,$pc=0x1CBC0
selfie.m: $pc=0x1CBC0: 0x27BDFFFC: addiu $sp,$sp,-4: $sp=67108792,$sp=67108792 -> $sp=67108788
selfie.m: $pc=0x1CBC4: 0xAFBF0000: sw $ra,0($sp): $ra=118000,$sp=0x3FFFFB4 -> memory[0xBFFFFB4]=118000=$ra
selfie.m: $pc=0x1CBC8: 0x27BDFFFC: addiu $sp,$sp,-4: $sp=67108788,$sp=67108788 -> $sp=67108784
selfie.m: $pc=0x1CBCC: 0xAFBE0000: sw $fp,0($sp): $fp=67108796,$sp=0x3FFFFB0 -> memory[0xBFFFFB0]=67108796=$fp
selfie.m: $pc=0x1CBD0: 0x27BE0000: addiu $fp,$sp,0: $fp=67108796,$sp=67108784 -> $fp=67108784
selfie.m: $pc=0x1CBD4: 0x8F88F9DC: lw $t0,-1572($gp): $t0=67108840,$gp=0x1F264 -> $t0=1=memory[0x401EC40]
selfie.m: $pc=0x1CBD8: 0x00081021: addu $v0,$zero,$t0: $v0=0,$zero=0,$t0=1 -> $v0=1
selfie.m: $pc=0x1CBDC: 0x080072F9: j 0x72F9[0x1CBE4]: -> $pc=0x1CBE4
selfie.m: $pc=0x1CBE4: 0x27DD0000: addiu $sp,$fp,0: $sp=67108784,$fp=67108784 -> $sp=67108784
selfie.m: $pc=0x1CBE8: 0x8FBE0000: lw $fp,0($sp): $fp=67108784,$sp=0x3FFFFB0 -> $fp=67108796=memory[0xBFFFFB0]
selfie.m: $pc=0x1CBEC: 0x27BD0004: addiu $sp,$sp,4: $sp=67108784,$sp=67108784 -> $sp=67108788
selfie.m: $pc=0x1CBF0: 0x8FBF0000: lw $ra,0($sp): $ra=118000,$sp=0x3FFFFB4 -> $ra=118000=memory[0xBFFFFB4]
selfie.m: $pc=0x1CBF4: 0x27BD0004: addiu $sp,$sp,4: $sp=67108788,$sp=67108788 -> $sp=67108792
selfie.m: $pc=0x1CBF8: 0x03E00008: jr $ra: $ra=0x1CCF0 -> $pc=0x1CCF0
selfie.m: $pc=0x1CCF0: 0x24480000: addiu $t0,$v0,0: $t0=1,$v0=1 -> $t0=1
selfie.m: $pc=0x1CCF4: 0x24020000: addiu $v0,$zero,0: $v0=1,$zero=0 -> $v0=0
selfie.m: $pc=0x1CCF8: 0x24090000: addiu $t1,$zero,0: $t1=0,$zero=0 -> $t1=0
selfie.m: $pc=0x1CCFC: 0x0128402A: slt $t0,$t1,$t0: $t1=0,$t0=1 -> $t0=1
selfie.m: $pc=0x1CD00: 0x1008000E: beq $zero,$t0,14[0x1CD3C]: $zero=0,$t0=1 -> $pc=0x1CD04
selfie.m: $pc=0x1CD04: 0x00000000: nop
selfie.m: $pc=0x1CD08: 0x8F88F9DC: lw $t0,-1572($gp): $t0=1,$gp=0x1F264 -> $t0=1=memory[0x401EC40]
selfie.m: $pc=0x1CD0C: 0x24090001: addiu $t1,$zero,1: $t1=0,$zero=0 -> $t1=1
selfie.m: $pc=0x1CD10: 0x01094023: subu $t0,$t0,$t1: $t0=1,$t0=1,$t1=1 -> $t0=0
selfie.m: $pc=0x1CD14: 0xAF88F9DC: sw $t0,-1572($gp): $t0=0,$gp=0x1F264 -> memory[0x401EC40]=0=$t0
selfie.m: $pc=0x1CD18: 0x8F88F9D8: lw $t0,-1576($gp): $t0=0,$gp=0x1F264 -> $t0=67108856=memory[0x401EC3C]
selfie.m: $pc=0x1CD1C: 0x24090001: addiu $t1,$zero,1: $t1=1,$zero=0 -> $t1=1
selfie.m: $pc=0x1CD20: 0x240A0004: addiu $t2,$zero,4: $t2=0,$zero=0 -> $t2=4
selfie.m: $pc=0x1CD24: 0x012A0019: multu $t1,$t2: $t1=1,$t2=4,$lo=67092480 -> $lo=4
selfie.m: $pc=0x1CD28: 0x00004812: mflo $t1: $t1=1,$lo=4 -> $t1=4
selfie.m: $pc=0x1CD2C: 0x00000000: nop
selfie.m: $pc=0x1CD30: 0x00000000: nop
selfie.m: $pc=0x1CD34: 0x01094021: addu $t0,$t0,$t1: $t0=67108856,$t0=67108856,$t1=4 -> $t0=67108860
selfie.m: $pc=0x1CD38: 0xAF88F9D8: sw $t0,-1576($gp): $t0=67108860,$gp=0x1F264 -> memory[0x401EC3C]=67108860=$t0
selfie.m: $pc=0x1CD3C: 0x8FC8FFFC: lw $t0,-4($fp): $t0=67108860,$fp=0x3FFFFBC -> $t0=67108840=memory[0xBFFFFB8]
selfie.m: $pc=0x1CD40: 0x00081021: addu $v0,$zero,$t0: $v0=0,$zero=0,$t0=67108840 -> $v0=67108840
selfie.m: $pc=0x1CD44: 0x08007353: j 0x7353[0x1CD4C]: -> $pc=0x1CD4C
selfie.m: $pc=0x1CD4C: 0x27DD0000: addiu $sp,$fp,0: $sp=67108792,$fp=67108796 -> $sp=67108796
selfie.m: $pc=0x1CD50: 0x8FBE0000: lw $fp,0($sp): $fp=67108796,$sp=0x3FFFFBC -> $fp=67108804=memory[0xBFFFFBC]
selfie.m: $pc=0x1CD54: 0x27BD0004: addiu $sp,$sp,4: $sp=67108796,$sp=67108796 -> $sp=67108800
selfie.m: $pc=0x1CD58: 0x8FBF0000: lw $ra,0($sp): $ra=118000,$sp=0x3FFFFC0 -> $ra=9136=memory[0xBFFFFC0]
selfie.m: $pc=0x1CD5C: 0x27BD0004: addiu $sp,$sp,4: $sp=67108800,$sp=67108800 -> $sp=67108804
selfie.m: $pc=0x1CD60: 0x03E00008: jr $ra: $ra=0x23B0 -> $pc=0x23B0
selfie.m: $pc=0x23B0: 0x24480000: addiu $t0,$v0,0: $t0=67108840,$v0=67108840 -> $t0=67108840
selfie.m: $pc=0x23B4: 0x24020000: addiu $v0,$zero,0: $v0=67108840,$zero=0 -> $v0=0
selfie.m: $pc=0x23B8: 0xAF88F9D4: sw $t0,-1580($gp): $t0=67108840,$gp=0x1F264 -> memory[0x401EC38]=67108840=$t0
selfie.m: $pc=0x23BC: 0x27DD0000: addiu $sp,$fp,0: $sp=67108804,$fp=67108804 -> $sp=67108804
selfie.m: $pc=0x23C0: 0x8FBE0000: lw $fp,0($sp): $fp=67108804,$sp=0x3FFFFC4 -> $fp=67108824=memory[0xBFFFFC4]
selfie.m: $pc=0x23C4: 0x27BD0004: addiu $sp,$sp,4: $sp=67108804,$sp=67108804 -> $sp=67108808
selfie.m: $pc=0x23C8: 0x8FBF0000: lw $ra,0($sp): $ra=9136,$sp=0x3FFFFC8 -> $ra=120128=memory[0xBFFFFC8]
selfie.m: $pc=0x23CC: 0x27BD000C: addiu $sp,$sp,12: $sp=67108808,$sp=67108808 -> $sp=67108820
selfie.m: $pc=0x23D0: 0x03E00008: jr $ra: $ra=0x1D540 -> $pc=0x1D540
selfie.m: $pc=0x1D540: 0x24020000: addiu $v0,$zero,0: $v0=0,$zero=0 -> $v0=0
selfie.m: $pc=0x1D544: 0x0C000063: jal 0x63[0x18C]: $ra=0x1D540 -> $ra=0x1D54C,$pc=0x18C
selfie.m: $pc=0x18C: 0x27BDFFFC: addiu $sp,$sp,-4: $sp=67108820,$sp=67108820 -> $sp=67108816
selfie.m: $pc=0x190: 0xAFBF0000: sw $ra,0($sp): $ra=120140,$sp=0x3FFFFD0 -> memory[0xBFFFFD0]=120140=$ra
selfie.m: $pc=0x194: 0x27BDFFFC: addiu $sp,$sp,-4: $sp=67108816,$sp=67108816 -> $sp=67108812
selfie.m: $pc=0x198: 0xAFBE0000: sw $fp,0($sp): $fp=67108824,$sp=0x3FFFFCC -> memory[0xBFFFFCC]=67108824=$fp
selfie.m: $pc=0x19C: 0x27BE0000: addiu $fp,$sp,0: $fp=67108824,$sp=67108812 -> $fp=67108812
selfie.m: $pc=0x1A0: 0x27BDFFFC: addiu $sp,$sp,-4: $sp=67108812,$sp=67108812 -> $sp=67108808
selfie.m: $pc=0x1A4: 0x2408001F: addiu $t0,$zero,31: $t0=67108840,$zero=0 -> $t0=31
selfie.m: $pc=0x1A8: 0x8F89FFA0: lw $t1,-96($gp): $t1=4,$gp=0x1F264 -> $t1=4=memory[0x401F204]
selfie.m: $pc=0x1AC: 0x01090019: multu $t0,$t1: $t0=31,$t1=4,$lo=4 -> $lo=124
selfie.m: $pc=0x1B0: 0x00004012: mflo $t0: $t0=31,$lo=124 -> $t0=124
selfie.m: $pc=0x1B4: 0x00000000: nop
selfie.m: $pc=0x1B8: 0x00000000: nop
selfie.m: $pc=0x1BC: 0x27BDFFFC: addiu $sp,$sp,-4: $sp=67108808,$sp=67108808 -> $sp=67108804
selfie.m: $pc=0x1C0: 0xAFA80000: sw $t0,0($sp): $t0=124,$sp=0x3FFFFC4 -> memory[0xBFFFFC4]=124=$t0
selfie.m: $pc=0x1C4: 0x0C000036: jal 0x36[0xD8]: $ra=0x1D54C -> $ra=0x1CC,$pc=0xD8
selfie.m: $pc=0xD8: 0x8FA40000: lw $a0,0($sp): $a0=0,$sp=0x3FFFFC4 -> $a0=124=memory[0xBFFFFC4]
selfie.m: $pc=0xDC: 0x27BD0004: addiu $sp,$sp,4: $sp=67108804,$sp=67108804 -> $sp=67108808
selfie.m: $pc=0xE0: 0x24020FCD: addiu $v0,$zero,4045: $v0=0,$zero=0 -> $v0=4045
selfie.m: $pc=0xE4: 0x0000000C: syscall
BREAK:  131196
bump:  131072
size:  124
selfie.m: $pc=0xE8: 0x03E00008: jr $ra: $ra=0x1CC -> $pc=0x1CC
selfie.m: $pc=0x1CC: 0x24480000: addiu $t0,$v0,0: $t0=124,$v0=131072 -> $t0=131072
selfie.m: $pc=0x1D0: 0x24020000: addiu $v0,$zero,0: $v0=131072,$zero=0 -> $v0=0
selfie.m: $pc=0x1D4: 0xAF88FF98: sw $t0,-104($gp): $t0=131072,$gp=0x1F264 -> memory[0x401F1FC]=131072=$t0
selfie.m: $pc=0x1D8: 0x8F88FF98: lw $t0,-104($gp): $t0=131072,$gp=0x1F264 -> $t0=131072=memory[0x401F1FC]
selfie.m: $pc=0x1DC: 0x24090001: addiu $t1,$zero,1: $t1=4,$zero=0 -> $t1=1
selfie.m: $pc=0x1E0: 0xAD090000: sw $t1,0($t0): $t1=1,$t0=0x20000 -> memory[0x4020000]=1=$t1
selfie.m: $pc=0x1E4: 0x24080001: addiu $t0,$zero,1: $t0=131072,$zero=0 -> $t0=1
selfie.m: $pc=0x1E8: 0xAFC8FFFC: sw $t0,-4($fp): $t0=1,$fp=0x3FFFFCC -> memory[0xBFFFFC8]=1=$t0
selfie.m: $pc=0x1EC: 0x8FC8FFFC: lw $t0,-4($fp): $t0=1,$fp=0x3FFFFCC -> $t0=1=memory[0xBFFFFC8]
selfie.m: $pc=0x1F0: 0x2409001F: addiu $t1,$zero,31: $t1=1,$zero=0 -> $t1=31
selfie.m: $pc=0x1F4: 0x0109402A: slt $t0,$t0,$t1: $t0=1,$t1=31 -> $t0=1
selfie.m: $pc=0x1F8: 0x10080020: beq $zero,$t0,32[0x27C]: $zero=0,$t0=1 -> $pc=0x1FC
selfie.m: $pc=0x1FC: 0x00000000: nop
selfie.m: $pc=0x200: 0x8F88FF98: lw $t0,-104($gp): $t0=1,$gp=0x1F264 -> $t0=131072=memory[0x401F1FC]
selfie.m: $pc=0x204: 0x8FC9FFFC: lw $t1,-4($fp): $t1=31,$fp=0x3FFFFCC -> $t1=1=memory[0xBFFFFC8]
selfie.m: $pc=0x208: 0x240A0004: addiu $t2,$zero,4: $t2=4,$zero=0 -> $t2=4
selfie.m: $pc=0x20C: 0x012A0019: multu $t1,$t2: $t1=1,$t2=4,$lo=124 -> $lo=4
selfie.m: $pc=0x210: 0x00004812: mflo $t1: $t1=1,$lo=4 -> $t1=4
selfie.m: $pc=0x214: 0x00000000: nop
selfie.m: $pc=0x218: 0x00000000: nop
selfie.m: $pc=0x21C: 0x01094021: addu $t0,$t0,$t1: $t0=131072,$t0=131072,$t1=4 -> $t0=131076
selfie.m: $pc=0x220: 0x8F89FF98: lw $t1,-104($gp): $t1=4,$gp=0x1F264 -> $t1=131072=memory[0x401F1FC]
selfie.m: $pc=0x224: 0x8FCAFFFC: lw $t2,-4($fp): $t2=4,$fp=0x3FFFFCC -> $t2=1=memory[0xBFFFFC8]
selfie.m: $pc=0x228: 0x240B0001: addiu $t3,$zero,1: $t3=0,$zero=0 -> $t3=1
selfie.m: $pc=0x22C: 0x014B5023: subu $t2,$t2,$t3: $t2=1,$t2=1,$t3=1 -> $t2=0
selfie.m: $pc=0x230: 0x240B0004: addiu $t3,$zero,4: $t3=1,$zero=0 -> $t3=4
selfie.m: $pc=0x234: 0x014B0019: multu $t2,$t3: $t2=0,$t3=4,$lo=4 -> $lo=0
selfie.m: $pc=0x238: 0x00005012: mflo $t2: $t2=0,$lo=0 -> $t2=0
selfie.m: $pc=0x23C: 0x00000000: nop
selfie.m: $pc=0x240: 0x00000000: nop
selfie.m: $pc=0x244: 0x012A4821: addu $t1,$t1,$t2: $t1=131072,$t1=131072,$t2=0 -> $t1=131072
selfie.m: $pc=0x248: 0x8D290000: lw $t1,0($t1): $t1=131072,$t1=0x20000 -> $t1=1=memory[0x4020000]
selfie.m: $pc=0x24C: 0x240A0002: addiu $t2,$zero,2: $t2=0,$zero=0 -> $t2=2
selfie.m: $pc=0x250: 0x012A0019: multu $t1,$t2: $t1=1,$t2=2,$lo=0 -> $lo=2
selfie.m: $pc=0x254: 0x00004812: mflo $t1: $t1=1,$lo=2 -> $t1=2
selfie.m: $pc=0x258: 0x00000000: nop
selfie.m: $pc=0x25C: 0x00000000: nop
selfie.m: $pc=0x260: 0xAD090000: sw $t1,0($t0): $t1=2,$t0=0x20004 -> memory[0xC020004]=2=$t1
selfie.m: $pc=0x264: 0x8FC8FFFC: lw $t0,-4($fp): $t0=131076,$fp=0x3FFFFCC -> $t0=1=memory[0xBFFFFC8]
selfie.m: $pc=0x268: 0x24090001: addiu $t1,$zero,1: $t1=2,$zero=0 -> $t1=1
selfie.m: $pc=0x26C: 0x01094021: addu $t0,$t0,$t1: $t0=1,$t0=1,$t1=1 -> $t0=2
selfie.m: $pc=0x270: 0xAFC8FFFC: sw $t0,-4($fp): $t0=2,$fp=0x3FFFFCC -> memory[0xBFFFFC8]=2=$t0
selfie.m: $pc=0x274: 0x1000FFDD: beq $zero,$zero,-35[0x1EC]: $zero=0,$zero=0 -> $pc=0x1EC
selfie.m: $pc=0x1EC: 0x8FC8FFFC: lw $t0,-4($fp): $t0=2,$fp=0x3FFFFCC -> $t0=2=memory[0xBFFFFC8]
selfie.m: $pc=0x1F0: 0x2409001F: addiu $t1,$zero,31: $t1=1,$zero=0 -> $t1=31
selfie.m: $pc=0x1F4: 0x0109402A: slt $t0,$t0,$t1: $t0=2,$t1=31 -> $t0=1
selfie.m: $pc=0x1F8: 0x10080020: beq $zero,$t0,32[0x27C]: $zero=0,$t0=1 -> $pc=0x1FC
selfie.m: $pc=0x1FC: 0x00000000: nop
selfie.m: $pc=0x200: 0x8F88FF98: lw $t0,-104($gp): $t0=1,$gp=0x1F264 -> $t0=131072=memory[0x401F1FC]
selfie.m: $pc=0x204: 0x8FC9FFFC: lw $t1,-4($fp): $t1=31,$fp=0x3FFFFCC -> $t1=2=memory[0xBFFFFC8]
selfie.m: $pc=0x208: 0x240A0004: addiu $t2,$zero,4: $t2=2,$zero=0 -> $t2=4
selfie.m: $pc=0x20C: 0x012A0019: multu $t1,$t2: $t1=2,$t2=4,$lo=2 -> $lo=8
selfie.m: $pc=0x210: 0x00004812: mflo $t1: $t1=2,$lo=8 -> $t1=8
selfie.m: $pc=0x214: 0x00000000: nop
selfie.m: $pc=0x218: 0x00000000: nop
selfie.m: $pc=0x21C: 0x01094021: addu $t0,$t0,$t1: $t0=131072,$t0=131072,$t1=8 -> $t0=131080
selfie.m: $pc=0x220: 0x8F89FF98: lw $t1,-104($gp): $t1=8,$gp=0x1F264 -> $t1=131072=memory[0x401F1FC]
selfie.m: $pc=0x224: 0x8FCAFFFC: lw $t2,-4($fp): $t2=4,$fp=0x3FFFFCC -> $t2=2=memory[0xBFFFFC8]
selfie.m: $pc=0x228: 0x240B0001: addiu $t3,$zero,1: $t3=4,$zero=0 -> $t3=1
selfie.m: $pc=0x22C: 0x014B5023: subu $t2,$t2,$t3: $t2=2,$t2=2,$t3=1 -> $t2=1
selfie.m: $pc=0x230: 0x240B0004: addiu $t3,$zero,4: $t3=1,$zero=0 -> $t3=4
selfie.m: $pc=0x234: 0x014B0019: multu $t2,$t3: $t2=1,$t3=4,$lo=8 -> $lo=4
selfie.m: $pc=0x238: 0x00005012: mflo $t2: $t2=1,$lo=4 -> $t2=4
selfie.m: $pc=0x23C: 0x00000000: nop
selfie.m: $pc=0x240: 0x00000000: nop
selfie.m: $pc=0x244: 0x012A4821: addu $t1,$t1,$t2: $t1=131072,$t1=131072,$t2=4 -> $t1=131076
selfie.m: $pc=0x248: 0x8D290000: lw $t1,0($t1): $t1=131076,$t1=0x20004 -> $t1=2=memory[0xC020004]
selfie.m: $pc=0x24C: 0x240A0002: addiu $t2,$zero,2: $t2=4,$zero=0 -> $t2=2
selfie.m: $pc=0x250: 0x012A0019: multu $t1,$t2: $t1=2,$t2=2,$lo=4 -> $lo=4
selfie.m: $pc=0x254: 0x00004812: mflo $t1: $t1=2,$lo=4 -> $t1=4
selfie.m: $pc=0x258: 0x00000000: nop
selfie.m: $pc=0x25C: 0x00000000: nop
selfie.m: $pc=0x260: 0xAD090000: sw $t1,0($t0): $t1=4,$t0=0x20008 -> memory[0xC020008]=4=$t1
selfie.m: $pc=0x264: 0x8FC8FFFC: lw $t0,-4($fp): $t0=131080,$fp=0x3FFFFCC -> $t0=2=memory[0xBFFFFC8]
selfie.m: $pc=0x268: 0x24090001: addiu $t1,$zero,1: $t1=4,$zero=0 -> $t1=1
selfie.m: $pc=0x26C: 0x01094021: addu $t0,$t0,$t1: $t0=2,$t0=2,$t1=1 -> $t0=3
selfie.m: $pc=0x270: 0xAFC8FFFC: sw $t0,-4($fp): $t0=3,$fp=0x3FFFFCC -> memory[0xBFFFFC8]=3=$t0
selfie.m: $pc=0x274: 0x1000FFDD: beq $zero,$zero,-35[0x1EC]: $zero=0,$zero=0 -> $pc=0x1EC
selfie.m: $pc=0x1EC: 0x8FC8FFFC: lw $t0,-4($fp): $t0=3,$fp=0x3FFFFCC -> $t0=3=memory[0xBFFFFC8]
selfie.m: $pc=0x1F0: 0x2409001F: addiu $t1,$zero,31: $t1=1,$zero=0 -> $t1=31
selfie.m: $pc=0x1F4: 0x0109402A: slt $t0,$t0,$t1: $t0=3,$t1=31 -> $t0=1
selfie.m: $pc=0x1F8: 0x10080020: beq $zero,$t0,32[0x27C]: $zero=0,$t0=1 -> $pc=0x1FC
selfie.m: $pc=0x1FC: 0x00000000: nop
selfie.m: $pc=0x200: 0x8F88FF98: lw $t0,-104($gp): $t0=1,$gp=0x1F264 -> $t0=131072=memory[0x401F1FC]
selfie.m: $pc=0x204: 0x8FC9FFFC: lw $t1,-4($fp): $t1=31,$fp=0x3FFFFCC -> $t1=3=memory[0xBFFFFC8]
selfie.m: $pc=0x208: 0x240A0004: addiu $t2,$zero,4: $t2=2,$zero=0 -> $t2=4
selfie.m: $pc=0x20C: 0x012A0019: multu $t1,$t2: $t1=3,$t2=4,$lo=4 -> $lo=12
selfie.m: $pc=0x210: 0x00004812: mflo $t1: $t1=3,$lo=12 -> $t1=12
selfie.m: $pc=0x214: 0x00000000: nop
selfie.m: $pc=0x218: 0x00000000: nop
selfie.m: $pc=0x21C: 0x01094021: addu $t0,$t0,$t1: $t0=131072,$t0=131072,$t1=12 -> $t0=131084
selfie.m: $pc=0x220: 0x8F89FF98: lw $t1,-104($gp): $t1=12,$gp=0x1F264 -> $t1=131072=memory[0x401F1FC]
selfie.m: $pc=0x224: 0x8FCAFFFC: lw $t2,-4($fp): $t2=4,$fp=0x3FFFFCC -> $t2=3=memory[0xBFFFFC8]
selfie.m: $pc=0x228: 0x240B0001: addiu $t3,$zero,1: $t3=4,$zero=0 -> $t3=1
selfie.m: $pc=0x22C: 0x014B5023: subu $t2,$t2,$t3: $t2=3,$t2=3,$t3=1 -> $t2=2
selfie.m: $pc=0x230: 0x240B0004: addiu $t3,$zero,4: $t3=1,$zero=0 -> $t3=4
selfie.m: $pc=0x234: 0x014B0019: multu $t2,$t3: $t2=2,$t3=4,$lo=12 -> $lo=8
selfie.m: $pc=0x238: 0x00005012: mflo $t2: $t2=2,$lo=8 -> $t2=8
selfie.m: $pc=0x23C: 0x00000000: nop
selfie.m: $pc=0x240: 0x00000000: nop
selfie.m: $pc=0x244: 0x012A4821: addu $t1,$t1,$t2: $t1=131072,$t1=131072,$t2=8 -> $t1=131080
selfie.m: $pc=0x248: 0x8D290000: lw $t1,0($t1): $t1=131080,$t1=0x20008 -> $t1=4=memory[0xC020008]
selfie.m: $pc=0x24C: 0x240A0002: addiu $t2,$zero,2: $t2=8,$zero=0 -> $t2=2
selfie.m: $pc=0x250: 0x012A0019: multu $t1,$t2: $t1=4,$t2=2,$lo=8 -> $lo=8
selfie.m: $pc=0x254: 0x00004812: mflo $t1: $t1=4,$lo=8 -> $t1=8
selfie.m: $pc=0x258: 0x00000000: nop
selfie.m: $pc=0x25C: 0x00000000: nop
selfie.m: $pc=0x260: 0xAD090000: sw $t1,0($t0): $t1=8,$t0=0x2000C -> memory[0xC02000C]=8=$t1
selfie.m: $pc=0x264: 0x8FC8FFFC: lw $t0,-4($fp): $t0=131084,$fp=0x3FFFFCC -> $t0=3=memory[0xBFFFFC8]
selfie.m: $pc=0x268: 0x24090001: addiu $t1,$zero,1: $t1=8,$zero=0 -> $t1=1
selfie.m: $pc=0x26C: 0x01094021: addu $t0,$t0,$t1: $t0=3,$t0=3,$t1=1 -> $t0=4
selfie.m: $pc=0x270: 0xAFC8FFFC: sw $t0,-4($fp): $t0=4,$fp=0x3FFFFCC -> memory[0xBFFFFC8]=4=$t0
selfie.m: $pc=0x274: 0x1000FFDD: beq $zero,$zero,-35[0x1EC]: $zero=0,$zero=0 -> $pc=0x1EC
selfie.m: $pc=0x1EC: 0x8FC8FFFC: lw $t0,-4($fp): $t0=4,$fp=0x3FFFFCC -> $t0=4=memory[0xBFFFFC8]
selfie.m: $pc=0x1F0: 0x2409001F: addiu $t1,$zero,31: $t1=1,$zero=0 -> $t1=31
selfie.m: $pc=0x1F4: 0x0109402A: slt $t0,$t0,$t1: $t0=4,$t1=31 -> $t0=1
selfie.m: $pc=0x1F8: 0x10080020: beq $zero,$t0,32[0x27C]: $zero=0,$t0=1 -> $pc=0x1FC
selfie.m: $pc=0x1FC: 0x00000000: nop
selfie.m: $pc=0x200: 0x8F88FF98: lw $t0,-104($gp): $t0=1,$gp=0x1F264 -> $t0=131072=memory[0x401F1FC]
selfie.m: $pc=0x204: 0x8FC9FFFC: lw $t1,-4($fp): $t1=31,$fp=0x3FFFFCC -> $t1=4=memory[0xBFFFFC8]
selfie.m: $pc=0x208: 0x240A0004: addiu $t2,$zero,4: $t2=2,$zero=0 -> $t2=4
selfie.m: $pc=0x20C: 0x012A0019: multu $t1,$t2: $t1=4,$t2=4,$lo=8 -> $lo=16
selfie.m: $pc=0x210: 0x00004812: mflo $t1: $t1=4,$lo=16 -> $t1=16
selfie.m: $pc=0x214: 0x00000000: nop
selfie.m: $pc=0x218: 0x00000000: nop
selfie.m: $pc=0x21C: 0x01094021: addu $t0,$t0,$t1: $t0=131072,$t0=131072,$t1=16 -> $t0=131088
selfie.m: $pc=0x220: 0x8F89FF98: lw $t1,-104($gp): $t1=16,$gp=0x1F264 -> $t1=131072=memory[0x401F1FC]
selfie.m: $pc=0x224: 0x8FCAFFFC: lw $t2,-4($fp): $t2=4,$fp=0x3FFFFCC -> $t2=4=memory[0xBFFFFC8]
selfie.m: $pc=0x228: 0x240B0001: addiu $t3,$zero,1: $t3=4,$zero=0 -> $t3=1
selfie.m: $pc=0x22C: 0x014B5023: subu $t2,$t2,$t3: $t2=4,$t2=4,$t3=1 -> $t2=3
selfie.m: $pc=0x230: 0x240B0004: addiu $t3,$zero,4: $t3=1,$zero=0 -> $t3=4
selfie.m: $pc=0x234: 0x014B0019: multu $t2,$t3: $t2=3,$t3=4,$lo=16 -> $lo=12
selfie.m: $pc=0x238: 0x00005012: mflo $t2: $t2=3,$lo=12 -> $t2=12
selfie.m: $pc=0x23C: 0x00000000: nop
selfie.m: $pc=0x240: 0x00000000: nop
selfie.m: $pc=0x244: 0x012A4821: addu $t1,$t1,$t2: $t1=131072,$t1=131072,$t2=12 -> $t1=131084
selfie.m: $pc=0x248: 0x8D290000: lw $t1,0($t1): $t1=131084,$t1=0x2000C -> $t1=8=memory[0xC02000C]
selfie.m: $pc=0x24C: 0x240A0002: addiu $t2,$zero,2: $t2=12,$zero=0 -> $t2=2
selfie.m: $pc=0x250: 0x012A0019: multu $t1,$t2: $t1=8,$t2=2,$lo=12 -> $lo=16
selfie.m: $pc=0x254: 0x00004812: mflo $t1: $t1=8,$lo=16 -> $t1=16
selfie.m: $pc=0x258: 0x00000000: nop
selfie.m: $pc=0x25C: 0x00000000: nop
selfie.m: $pc=0x260: 0xAD090000: sw $t1,0($t0): $t1=16,$t0=0x20010 -> memory[0xC020010]=16=$t1
selfie.m: $pc=0x264: 0x8FC8FFFC: lw $t0,-4($fp): $t0=131088,$fp=0x3FFFFCC -> $t0=4=memory[0xBFFFFC8]
selfie.m: $pc=0x268: 0x24090001: addiu $t1,$zero,1: $t1=16,$zero=0 -> $t1=1
selfie.m: $pc=0x26C: 0x01094021: addu $t0,$t0,$t1: $t0=4,$t0=4,$t1=1 -> $t0=5
selfie.m: $pc=0x270: 0xAFC8FFFC: sw $t0,-4($fp): $t0=5,$fp=0x3FFFFCC -> memory[0xBFFFFC8]=5=$t0
selfie.m: $pc=0x274: 0x1000FFDD: beq $zero,$zero,-35[0x1EC]: $zero=0,$zero=0 -> $pc=0x1EC
selfie.m: $pc=0x1EC: 0x8FC8FFFC: lw $t0,-4($fp): $t0=5,$fp=0x3FFFFCC -> $t0=5=memory[0xBFFFFC8]
selfie.m: $pc=0x1F0: 0x2409001F: addiu $t1,$zero,31: $t1=1,$zero=0 -> $t1=31
selfie.m: $pc=0x1F4: 0x0109402A: slt $t0,$t0,$t1: $t0=5,$t1=31 -> $t0=1
selfie.m: $pc=0x1F8: 0x10080020: beq $zero,$t0,32[0x27C]: $zero=0,$t0=1 -> $pc=0x1FC
selfie.m: $pc=0x1FC: 0x00000000: nop
selfie.m: $pc=0x200: 0x8F88FF98: lw $t0,-104($gp): $t0=1,$gp=0x1F264 -> $t0=131072=memory[0x401F1FC]
selfie.m: $pc=0x204: 0x8FC9FFFC: lw $t1,-4($fp): $t1=31,$fp=0x3FFFFCC -> $t1=5=memory[0xBFFFFC8]
selfie.m: $pc=0x208: 0x240A0004: addiu $t2,$zero,4: $t2=2,$zero=0 -> $t2=4
selfie.m: $pc=0x20C: 0x012A0019: multu $t1,$t2: $t1=5,$t2=4,$lo=16 -> $lo=20
selfie.m: $pc=0x210: 0x00004812: mflo $t1: $t1=5,$lo=20 -> $t1=20
selfie.m: $pc=0x214: 0x00000000: nop
selfie.m: $pc=0x218: 0x00000000: nop
selfie.m: $pc=0x21C: 0x01094021: addu $t0,$t0,$t1: $t0=131072,$t0=131072,$t1=20 -> $t0=131092
selfie.m: $pc=0x220: 0x8F89FF98: lw $t1,-104($gp): $t1=20,$gp=0x1F264 -> $t1=131072=memory[0x401F1FC]
selfie.m: $pc=0x224: 0x8FCAFFFC: lw $t2,-4($fp): $t2=4,$fp=0x3FFFFCC -> $t2=5=memory[0xBFFFFC8]
selfie.m: $pc=0x228: 0x240B0001: addiu $t3,$zero,1: $t3=4,$zero=0 -> $t3=1
selfie.m: $pc=0x22C: 0x014B5023: subu $t2,$t2,$t3: $t2=5,$t2=5,$t3=1 -> $t2=4
selfie.m: $pc=0x230: 0x240B0004: addiu $t3,$zero,4: $t3=1,$zero=0 -> $t3=4
selfie.m: $pc=0x234: 0x014B0019: multu $t2,$t3: $t2=4,$t3=4,$lo=20 -> $lo=16
selfie.m: $pc=0x238: 0x00005012: mflo $t2: $t2=4,$lo=16 -> $t2=16
selfie.m: $pc=0x23C: 0x00000000: nop
selfie.m: $pc=0x240: 0x00000000: nop
selfie.m: $pc=0x244: 0x012A4821: addu $t1,$t1,$t2: $t1=131072,$t1=131072,$t2=16 -> $t1=131088
selfie.m: $pc=0x248: 0x8D290000: lw $t1,0($t1): $t1=131088,$t1=0x20010 -> $t1=16=memory[0xC020010]
selfie.m: $pc=0x24C: 0x240A0002: addiu $t2,$zero,2: $t2=16,$zero=0 -> $t2=2
selfie.m: $pc=0x250: 0x012A0019: multu $t1,$t2: $t1=16,$t2=2,$lo=16 -> $lo=32
selfie.m: $pc=0x254: 0x00004812: mflo $t1: $t1=16,$lo=32 -> $t1=32
selfie.m: $pc=0x258: 0x00000000: nop
selfie.m: $pc=0x25C: 0x00000000: nop
selfie.m: $pc=0x260: 0xAD090000: sw $t1,0($t0): $t1=32,$t0=0x20014 -> memory[0xC020014]=32=$t1
selfie.m: $pc=0x264: 0x8FC8FFFC: lw $t0,-4($fp): $t0=131092,$fp=0x3FFFFCC -> $t0=5=memory[0xBFFFFC8]
selfie.m: $pc=0x268: 0x24090001: addiu $t1,$zero,1: $t1=32,$zero=0 -> $t1=1
selfie.m: $pc=0x26C: 0x01094021: addu $t0,$t0,$t1: $t0=5,$t0=5,$t1=1 -> $t0=6
selfie.m: $pc=0x270: 0xAFC8FFFC: sw $t0,-4($fp): $t0=6,$fp=0x3FFFFCC -> memory[0xBFFFFC8]=6=$t0
selfie.m: $pc=0x274: 0x1000FFDD: beq $zero,$zero,-35[0x1EC]: $zero=0,$zero=0 -> $pc=0x1EC
selfie.m: $pc=0x1EC: 0x8FC8FFFC: lw $t0,-4($fp): $t0=6,$fp=0x3FFFFCC -> $t0=6=memory[0xBFFFFC8]
selfie.m: $pc=0x1F0: 0x2409001F: addiu $t1,$zero,31: $t1=1,$zero=0 -> $t1=31
selfie.m: $pc=0x1F4: 0x0109402A: slt $t0,$t0,$t1: $t0=6,$t1=31 -> $t0=1
selfie.m: $pc=0x1F8: 0x10080020: beq $zero,$t0,32[0x27C]: $zero=0,$t0=1 -> $pc=0x1FC
selfie.m: $pc=0x1FC: 0x00000000: nop
selfie.m: $pc=0x200: 0x8F88FF98: lw $t0,-104($gp): $t0=1,$gp=0x1F264 -> $t0=131072=memory[0x401F1FC]
selfie.m: $pc=0x204: 0x8FC9FFFC: lw $t1,-4($fp): $t1=31,$fp=0x3FFFFCC -> $t1=6=memory[0xBFFFFC8]
selfie.m: $pc=0x208: 0x240A0004: addiu $t2,$zero,4: $t2=2,$zero=0 -> $t2=4
selfie.m: $pc=0x20C: 0x012A0019: multu $t1,$t2: $t1=6,$t2=4,$lo=32 -> $lo=24
selfie.m: $pc=0x210: 0x00004812: mflo $t1: $t1=6,$lo=24 -> $t1=24
selfie.m: $pc=0x214: 0x00000000: nop
selfie.m: $pc=0x218: 0x00000000: nop
selfie.m: $pc=0x21C: 0x01094021: addu $t0,$t0,$t1: $t0=131072,$t0=131072,$t1=24 -> $t0=131096
selfie.m: $pc=0x220: 0x8F89FF98: lw $t1,-104($gp): $t1=24,$gp=0x1F264 -> $t1=131072=memory[0x401F1FC]
selfie.m: $pc=0x224: 0x8FCAFFFC: lw $t2,-4($fp): $t2=4,$fp=0x3FFFFCC -> $t2=6=memory[0xBFFFFC8]
selfie.m: $pc=0x228: 0x240B0001: addiu $t3,$zero,1: $t3=4,$zero=0 -> $t3=1
selfie.m: $pc=0x22C: 0x014B5023: subu $t2,$t2,$t3: $t2=6,$t2=6,$t3=1 -> $t2=5
selfie.m: $pc=0x230: 0x240B0004: addiu $t3,$zero,4: $t3=1,$zero=0 -> $t3=4
selfie.m: $pc=0x234: 0x014B0019: multu $t2,$t3: $t2=5,$t3=4,$lo=24 -> $lo=20
selfie.m: $pc=0x238: 0x00005012: mflo $t2: $t2=5,$lo=20 -> $t2=20
selfie.m: $pc=0x23C: 0x00000000: nop
selfie.m: $pc=0x240: 0x00000000: nop
selfie.m: $pc=0x244: 0x012A4821: addu $t1,$t1,$t2: $t1=131072,$t1=131072,$t2=20 -> $t1=131092
selfie.m: $pc=0x248: 0x8D290000: lw $t1,0($t1): $t1=131092,$t1=0x20014 -> $t1=32=memory[0xC020014]
selfie.m: $pc=0x24C: 0x240A0002: addiu $t2,$zero,2: $t2=20,$zero=0 -> $t2=2
selfie.m: $pc=0x250: 0x012A0019: multu $t1,$t2: $t1=32,$t2=2,$lo=20 -> $lo=64
selfie.m: $pc=0x254: 0x00004812: mflo $t1: $t1=32,$lo=64 -> $t1=64
selfie.m: $pc=0x258: 0x00000000: nop
selfie.m: $pc=0x25C: 0x00000000: nop
selfie.m: $pc=0x260: 0xAD090000: sw $t1,0($t0): $t1=64,$t0=0x20018 -> memory[0xC020018]=64=$t1
selfie.m: $pc=0x264: 0x8FC8FFFC: lw $t0,-4($fp): $t0=131096,$fp=0x3FFFFCC -> $t0=6=memory[0xBFFFFC8]
selfie.m: $pc=0x268: 0x24090001: addiu $t1,$zero,1: $t1=64,$zero=0 -> $t1=1
selfie.m: $pc=0x26C: 0x01094021: addu $t0,$t0,$t1: $t0=6,$t0=6,$t1=1 -> $t0=7
selfie.m: $pc=0x270: 0xAFC8FFFC: sw $t0,-4($fp): $t0=7,$fp=0x3FFFFCC -> memory[0xBFFFFC8]=7=$t0
selfie.m: $pc=0x274: 0x1000FFDD: beq $zero,$zero,-35[0x1EC]: $zero=0,$zero=0 -> $pc=0x1EC
selfie.m: $pc=0x1EC: 0x8FC8FFFC: lw $t0,-4($fp): $t0=7,$fp=0x3FFFFCC -> $t0=7=memory[0xBFFFFC8]
selfie.m: $pc=0x1F0: 0x2409001F: addiu $t1,$zero,31: $t1=1,$zero=0 -> $t1=31
selfie.m: $pc=0x1F4: 0x0109402A: slt $t0,$t0,$t1: $t0=7,$t1=31 -> $t0=1
selfie.m: $pc=0x1F8: 0x10080020: beq $zero,$t0,32[0x27C]: $zero=0,$t0=1 -> $pc=0x1FC
selfie.m: $pc=0x1FC: 0x00000000: nop
selfie.m: $pc=0x200: 0x8F88FF98: lw $t0,-104($gp): $t0=1,$gp=0x1F264 -> $t0=131072=memory[0x401F1FC]
selfie.m: $pc=0x204: 0x8FC9FFFC: lw $t1,-4($fp): $t1=31,$fp=0x3FFFFCC -> $t1=7=memory[0xBFFFFC8]
selfie.m: $pc=0x208: 0x240A0004: addiu $t2,$zero,4: $t2=2,$zero=0 -> $t2=4
selfie.m: $pc=0x20C: 0x012A0019: multu $t1,$t2: $t1=7,$t2=4,$lo=64 -> $lo=28
selfie.m: $pc=0x210: 0x00004812: mflo $t1: $t1=7,$lo=28 -> $t1=28
selfie.m: $pc=0x214: 0x00000000: nop
selfie.m: $pc=0x218: 0x00000000: nop
selfie.m: $pc=0x21C: 0x01094021: addu $t0,$t0,$t1: $t0=131072,$t0=131072,$t1=28 -> $t0=131100
selfie.m: $pc=0x220: 0x8F89FF98: lw $t1,-104($gp): $t1=28,$gp=0x1F264 -> $t1=131072=memory[0x401F1FC]
selfie.m: $pc=0x224: 0x8FCAFFFC: lw $t2,-4($fp): $t2=4,$fp=0x3FFFFCC -> $t2=7=memory[0xBFFFFC8]
selfie.m: $pc=0x228: 0x240B0001: addiu $t3,$zero,1: $t3=4,$zero=0 -> $t3=1
selfie.m: $pc=0x22C: 0x014B5023: subu $t2,$t2,$t3: $t2=7,$t2=7,$t3=1 -> $t2=6
selfie.m: $pc=0x230: 0x240B0004: addiu $t3,$zero,4: $t3=1,$zero=0 -> $t3=4
selfie.m: $pc=0x234: 0x014B0019: multu $t2,$t3: $t2=6,$t3=4,$lo=28 -> $lo=24
selfie.m: $pc=0x238: 0x00005012: mflo $t2: $t2=6,$lo=24 -> $t2=24
selfie.m: $pc=0x23C: 0x00000000: nop
selfie.m: $pc=0x240: 0x00000000: nop
selfie.m: $pc=0x244: 0x012A4821: addu $t1,$t1,$t2: $t1=131072,$t1=131072,$t2=24 -> $t1=131096
selfie.m: $pc=0x248: 0x8D290000: lw $t1,0($t1): $t1=131096,$t1=0x20018 -> $t1=64=memory[0xC020018]
selfie.m: $pc=0x24C: 0x240A0002: addiu $t2,$zero,2: $t2=24,$zero=0 -> $t2=2
selfie.m: $pc=0x250: 0x012A0019: multu $t1,$t2: $t1=64,$t2=2,$lo=24 -> $lo=128
selfie.m: $pc=0x254: 0x00004812: mflo $t1: $t1=64,$lo=128 -> $t1=128
selfie.m: $pc=0x258: 0x00000000: nop
selfie.m: $pc=0x25C: 0x00000000: nop
selfie.m: $pc=0x260: 0xAD090000: sw $t1,0($t0): $t1=128,$t0=0x2001C -> memory[0xC02001C]=128=$t1
selfie.m: $pc=0x264: 0x8FC8FFFC: lw $t0,-4($fp): $t0=131100,$fp=0x3FFFFCC -> $t0=7=memory[0xBFFFFC8]
selfie.m: $pc=0x268: 0x24090001: addiu $t1,$zero,1: $t1=128,$zero=0 -> $t1=1
selfie.m: $pc=0x26C: 0x01094021: addu $t0,$t0,$t1: $t0=7,$t0=7,$t1=1 -> $t0=8
selfie.m: $pc=0x270: 0xAFC8FFFC: sw $t0,-4($fp): $t0=8,$fp=0x3FFFFCC -> memory[0xBFFFFC8]=8=$t0
selfie.m: $pc=0x274: 0x1000FFDD: beq $zero,$zero,-35[0x1EC]: $zero=0,$zero=0 -> $pc=0x1EC
selfie.m: $pc=0x1EC: 0x8FC8FFFC: lw $t0,-4($fp): $t0=8,$fp=0x3FFFFCC -> $t0=8=memory[0xBFFFFC8]
selfie.m: $pc=0x1F0: 0x2409001F: addiu $t1,$zero,31: $t1=1,$zero=0 -> $t1=31
selfie.m: $pc=0x1F4: 0x0109402A: slt $t0,$t0,$t1: $t0=8,$t1=31 -> $t0=1
selfie.m: $pc=0x1F8: 0x10080020: beq $zero,$t0,32[0x27C]: $zero=0,$t0=1 -> $pc=0x1FC
selfie.m: $pc=0x1FC: 0x00000000: nop
selfie.m: $pc=0x200: 0x8F88FF98: lw $t0,-104($gp): $t0=1,$gp=0x1F264 -> $t0=131072=memory[0x401F1FC]
selfie.m: $pc=0x204: 0x8FC9FFFC: lw $t1,-4($fp): $t1=31,$fp=0x3FFFFCC -> $t1=8=memory[0xBFFFFC8]
selfie.m: $pc=0x208: 0x240A0004: addiu $t2,$zero,4: $t2=2,$zero=0 -> $t2=4
selfie.m: $pc=0x20C: 0x012A0019: multu $t1,$t2: $t1=8,$t2=4,$lo=128 -> $lo=32
selfie.m: $pc=0x210: 0x00004812: mflo $t1: $t1=8,$lo=32 -> $t1=32
selfie.m: $pc=0x214: 0x00000000: nop
selfie.m: $pc=0x218: 0x00000000: nop
selfie.m: $pc=0x21C: 0x01094021: addu $t0,$t0,$t1: $t0=131072,$t0=131072,$t1=32 -> $t0=131104
selfie.m: $pc=0x220: 0x8F89FF98: lw $t1,-104($gp): $t1=32,$gp=0x1F264 -> $t1=131072=memory[0x401F1FC]
selfie.m: $pc=0x224: 0x8FCAFFFC: lw $t2,-4($fp): $t2=4,$fp=0x3FFFFCC -> $t2=8=memory[0xBFFFFC8]
selfie.m: $pc=0x228: 0x240B0001: addiu $t3,$zero,1: $t3=4,$zero=0 -> $t3=1
selfie.m: $pc=0x22C: 0x014B5023: subu $t2,$t2,$t3: $t2=8,$t2=8,$t3=1 -> $t2=7
selfie.m: $pc=0x230: 0x240B0004: addiu $t3,$zero,4: $t3=1,$zero=0 -> $t3=4
selfie.m: $pc=0x234: 0x014B0019: multu $t2,$t3: $t2=7,$t3=4,$lo=32 -> $lo=28
selfie.m: $pc=0x238: 0x00005012: mflo $t2: $t2=7,$lo=28 -> $t2=28
selfie.m: $pc=0x23C: 0x00000000: nop
selfie.m: $pc=0x240: 0x00000000: nop
selfie.m: $pc=0x244: 0x012A4821: addu $t1,$t1,$t2: $t1=131072,$t1=131072,$t2=28 -> $t1=131100
selfie.m: $pc=0x248: 0x8D290000: lw $t1,0($t1): $t1=131100,$t1=0x2001C -> $t1=128=memory[0xC02001C]
selfie.m: $pc=0x24C: 0x240A0002: addiu $t2,$zero,2: $t2=28,$zero=0 -> $t2=2
selfie.m: $pc=0x250: 0x012A0019: multu $t1,$t2: $t1=128,$t2=2,$lo=28 -> $lo=256
selfie.m: $pc=0x254: 0x00004812: mflo $t1: $t1=128,$lo=256 -> $t1=256
selfie.m: $pc=0x258: 0x00000000: nop
selfie.m: $pc=0x25C: 0x00000000: nop
selfie.m: $pc=0x260: 0xAD090000: sw $t1,0($t0): $t1=256,$t0=0x20020 -> memory[0xC020020]=256=$t1
selfie.m: $pc=0x264: 0x8FC8FFFC: lw $t0,-4($fp): $t0=131104,$fp=0x3FFFFCC -> $t0=8=memory[0xBFFFFC8]
selfie.m: $pc=0x268: 0x24090001: addiu $t1,$zero,1: $t1=256,$zero=0 -> $t1=1
selfie.m: $pc=0x26C: 0x01094021: addu $t0,$t0,$t1: $t0=8,$t0=8,$t1=1 -> $t0=9
selfie.m: $pc=0x270: 0xAFC8FFFC: sw $t0,-4($fp): $t0=9,$fp=0x3FFFFCC -> memory[0xBFFFFC8]=9=$t0
selfie.m: $pc=0x274: 0x1000FFDD: beq $zero,$zero,-35[0x1EC]: $zero=0,$zero=0 -> $pc=0x1EC
selfie.m: $pc=0x1EC: 0x8FC8FFFC: lw $t0,-4($fp): $t0=9,$fp=0x3FFFFCC -> $t0=9=memory[0xBFFFFC8]
selfie.m: $pc=0x1F0: 0x2409001F: addiu $t1,$zero,31: $t1=1,$zero=0 -> $t1=31
selfie.m: $pc=0x1F4: 0x0109402A: slt $t0,$t0,$t1: $t0=9,$t1=31 -> $t0=1
selfie.m: $pc=0x1F8: 0x10080020: beq $zero,$t0,32[0x27C]: $zero=0,$t0=1 -> $pc=0x1FC
selfie.m: $pc=0x1FC: 0x00000000: nop
selfie.m: $pc=0x200: 0x8F88FF98: lw $t0,-104($gp): $t0=1,$gp=0x1F264 -> $t0=131072=memory[0x401F1FC]
selfie.m: $pc=0x204: 0x8FC9FFFC: lw $t1,-4($fp): $t1=31,$fp=0x3FFFFCC -> $t1=9=memory[0xBFFFFC8]
selfie.m: $pc=0x208: 0x240A0004: addiu $t2,$zero,4: $t2=2,$zero=0 -> $t2=4
selfie.m: $pc=0x20C: 0x012A0019: multu $t1,$t2: $t1=9,$t2=4,$lo=256 -> $lo=36
selfie.m: $pc=0x210: 0x00004812: mflo $t1: $t1=9,$lo=36 -> $t1=36
selfie.m: $pc=0x214: 0x00000000: nop
selfie.m: $pc=0x218: 0x00000000: nop
selfie.m: $pc=0x21C: 0x01094021: addu $t0,$t0,$t1: $t0=131072,$t0=131072,$t1=36 -> $t0=131108
selfie.m: $pc=0x220: 0x8F89FF98: lw $t1,-104($gp): $t1=36,$gp=0x1F264 -> $t1=131072=memory[0x401F1FC]
selfie.m: $pc=0x224: 0x8FCAFFFC: lw $t2,-4($fp): $t2=4,$fp=0x3FFFFCC -> $t2=9=memory[0xBFFFFC8]
selfie.m: $pc=0x228: 0x240B0001: addiu $t3,$zero,1: $t3=4,$zero=0 -> $t3=1
selfie.m: $pc=0x22C: 0x014B5023: subu $t2,$t2,$t3: $t2=9,$t2=9,$t3=1 -> $t2=8
selfie.m: $pc=0x230: 0x240B0004: addiu $t3,$zero,4: $t3=1,$zero=0 -> $t3=4
selfie.m: $pc=0x234: 0x014B0019: multu $t2,$t3: $t2=8,$t3=4,$lo=36 -> $lo=32
selfie.m: $pc=0x238: 0x00005012: mflo $t2: $t2=8,$lo=32 -> $t2=32
selfie.m: $pc=0x23C: 0x00000000: nop
selfie.m: $pc=0x240: 0x00000000: nop
selfie.m: $pc=0x244: 0x012A4821: addu $t1,$t1,$t2: $t1=131072,$t1=131072,$t2=32 -> $t1=131104
selfie.m: $pc=0x248: 0x8D290000: lw $t1,0($t1): $t1=131104,$t1=0x20020 -> $t1=256=memory[0xC020020]
selfie.m: $pc=0x24C: 0x240A0002: addiu $t2,$zero,2: $t2=32,$zero=0 -> $t2=2
selfie.m: $pc=0x250: 0x012A0019: multu $t1,$t2: $t1=256,$t2=2,$lo=32 -> $lo=512
selfie.m: $pc=0x254: 0x00004812: mflo $t1: $t1=256,$lo=512 -> $t1=512
selfie.m: $pc=0x258: 0x00000000: nop
selfie.m: $pc=0x25C: 0x00000000: nop
selfie.m: $pc=0x260: 0xAD090000: sw $t1,0($t0): $t1=512,$t0=0x20024 -> memory[0xC020024]=512=$t1
selfie.m: $pc=0x264: 0x8FC8FFFC: lw $t0,-4($fp): $t0=131108,$fp=0x3FFFFCC -> $t0=9=memory[0xBFFFFC8]
selfie.m: $pc=0x268: 0x24090001: addiu $t1,$zero,1: $t1=512,$zero=0 -> $t1=1
selfie.m: $pc=0x26C: 0x01094021: addu $t0,$t0,$t1: $t0=9,$t0=9,$t1=1 -> $t0=10
selfie.m: $pc=0x270: 0xAFC8FFFC: sw $t0,-4($fp): $t0=10,$fp=0x3FFFFCC -> memory[0xBFFFFC8]=10=$t0
selfie.m: $pc=0x274: 0x1000FFDD: beq $zero,$zero,-35[0x1EC]: $zero=0,$zero=0 -> $pc=0x1EC
selfie.m: $pc=0x1EC: 0x8FC8FFFC: lw $t0,-4($fp): $t0=10,$fp=0x3FFFFCC -> $t0=10=memory[0xBFFFFC8]
selfie.m: $pc=0x1F0: 0x2409001F: addiu $t1,$zero,31: $t1=1,$zero=0 -> $t1=31
selfie.m: $pc=0x1F4: 0x0109402A: slt $t0,$t0,$t1: $t0=10,$t1=31 -> $t0=1
selfie.m: $pc=0x1F8: 0x10080020: beq $zero,$t0,32[0x27C]: $zero=0,$t0=1 -> $pc=0x1FC
selfie.m: $pc=0x1FC: 0x00000000: nop
selfie.m: $pc=0x200: 0x8F88FF98: lw $t0,-104($gp): $t0=1,$gp=0x1F264 -> $t0=131072=memory[0x401F1FC]
selfie.m: $pc=0x204: 0x8FC9FFFC: lw $t1,-4($fp): $t1=31,$fp=0x3FFFFCC -> $t1=10=memory[0xBFFFFC8]
selfie.m: $pc=0x208: 0x240A0004: addiu $t2,$zero,4: $t2=2,$zero=0 -> $t2=4
selfie.m: $pc=0x20C: 0x012A0019: multu $t1,$t2: $t1=10,$t2=4,$lo=512 -> $lo=40
selfie.m: $pc=0x210: 0x00004812: mflo $t1: $t1=10,$lo=40 -> $t1=40
selfie.m: $pc=0x214: 0x00000000: nop
selfie.m: $pc=0x218: 0x00000000: nop
selfie.m: $pc=0x21C: 0x01094021: addu $t0,$t0,$t1: $t0=131072,$t0=131072,$t1=40 -> $t0=131112
selfie.m: $pc=0x220: 0x8F89FF98: lw $t1,-104($gp): $t1=40,$gp=0x1F264 -> $t1=131072=memory[0x401F1FC]
selfie.m: $pc=0x224: 0x8FCAFFFC: lw $t2,-4($fp): $t2=4,$fp=0x3FFFFCC -> $t2=10=memory[0xBFFFFC8]
selfie.m: $pc=0x228: 0x240B0001: addiu $t3,$zero,1: $t3=4,$zero=0 -> $t3=1
selfie.m: $pc=0x22C: 0x014B5023: subu $t2,$t2,$t3: $t2=10,$t2=10,$t3=1 -> $t2=9
selfie.m: $pc=0x230: 0x240B0004: addiu $t3,$zero,4: $t3=1,$zero=0 -> $t3=4
selfie.m: $pc=0x234: 0x014B0019: multu $t2,$t3: $t2=9,$t3=4,$lo=40 -> $lo=36
selfie.m: $pc=0x238: 0x00005012: mflo $t2: $t2=9,$lo=36 -> $t2=36
selfie.m: $pc=0x23C: 0x00000000: nop
selfie.m: $pc=0x240: 0x00000000: nop
selfie.m: $pc=0x244: 0x012A4821: addu $t1,$t1,$t2: $t1=131072,$t1=131072,$t2=36 -> $t1=131108
selfie.m: $pc=0x248: 0x8D290000: lw $t1,0($t1): $t1=131108,$t1=0x20024 -> $t1=512=memory[0xC020024]
selfie.m: $pc=0x24C: 0x240A0002: addiu $t2,$zero,2: $t2=36,$zero=0 -> $t2=2
selfie.m: $pc=0x250: 0x012A0019: multu $t1,$t2: $t1=512,$t2=2,$lo=36 -> $lo=1024
selfie.m: $pc=0x254: 0x00004812: mflo $t1: $t1=512,$lo=1024 -> $t1=1024
selfie.m: $pc=0x258: 0x00000000: nop
selfie.m: $pc=0x25C: 0x00000000: nop
selfie.m: $pc=0x260: 0xAD090000: sw $t1,0($t0): $t1=1024,$t0=0x20028 -> memory[0xC020028]=1024=$t1
selfie.m: $pc=0x264: 0x8FC8FFFC: lw $t0,-4($fp): $t0=131112,$fp=0x3FFFFCC -> $t0=10=memory[0xBFFFFC8]
selfie.m: $pc=0x268: 0x24090001: addiu $t1,$zero,1: $t1=1024,$zero=0 -> $t1=1
selfie.m: $pc=0x26C: 0x01094021: addu $t0,$t0,$t1: $t0=10,$t0=10,$t1=1 -> $t0=11
selfie.m: $pc=0x270: 0xAFC8FFFC: sw $t0,-4($fp): $t0=11,$fp=0x3FFFFCC -> memory[0xBFFFFC8]=11=$t0
selfie.m: $pc=0x274: 0x1000FFDD: beq $zero,$zero,-35[0x1EC]: $zero=0,$zero=0 -> $pc=0x1EC
selfie.m: $pc=0x1EC: 0x8FC8FFFC: lw $t0,-4($fp): $t0=11,$fp=0x3FFFFCC -> $t0=11=memory[0xBFFFFC8]
selfie.m: $pc=0x1F0: 0x2409001F: addiu $t1,$zero,31: $t1=1,$zero=0 -> $t1=31
selfie.m: $pc=0x1F4: 0x0109402A: slt $t0,$t0,$t1: $t0=11,$t1=31 -> $t0=1
selfie.m: $pc=0x1F8: 0x10080020: beq $zero,$t0,32[0x27C]: $zero=0,$t0=1 -> $pc=0x1FC
selfie.m: $pc=0x1FC: 0x00000000: nop
selfie.m: $pc=0x200: 0x8F88FF98: lw $t0,-104($gp): $t0=1,$gp=0x1F264 -> $t0=131072=memory[0x401F1FC]
selfie.m: $pc=0x204: 0x8FC9FFFC: lw $t1,-4($fp): $t1=31,$fp=0x3FFFFCC -> $t1=11=memory[0xBFFFFC8]
selfie.m: $pc=0x208: 0x240A0004: addiu $t2,$zero,4: $t2=2,$zero=0 -> $t2=4
selfie.m: $pc=0x20C: 0x012A0019: multu $t1,$t2: $t1=11,$t2=4,$lo=1024 -> $lo=44
selfie.m: $pc=0x210: 0x00004812: mflo $t1: $t1=11,$lo=44 -> $t1=44
selfie.m: $pc=0x214: 0x00000000: nop
selfie.m: $pc=0x218: 0x00000000: nop
selfie.m: $pc=0x21C: 0x01094021: addu $t0,$t0,$t1: $t0=131072,$t0=131072,$t1=44 -> $t0=131116
selfie.m: $pc=0x220: 0x8F89FF98: lw $t1,-104($gp): $t1=44,$gp=0x1F264 -> $t1=131072=memory[0x401F1FC]
selfie.m: $pc=0x224: 0x8FCAFFFC: lw $t2,-4($fp): $t2=4,$fp=0x3FFFFCC -> $t2=11=memory[0xBFFFFC8]
selfie.m: $pc=0x228: 0x240B0001: addiu $t3,$zero,1: $t3=4,$zero=0 -> $t3=1
selfie.m: $pc=0x22C: 0x014B5023: subu $t2,$t2,$t3: $t2=11,$t2=11,$t3=1 -> $t2=10
selfie.m: $pc=0x230: 0x240B0004: addiu $t3,$zero,4: $t3=1,$zero=0 -> $t3=4
selfie.m: $pc=0x234: 0x014B0019: multu $t2,$t3: $t2=10,$t3=4,$lo=44 -> $lo=40
selfie.m: $pc=0x238: 0x00005012: mflo $t2: $t2=10,$lo=40 -> $t2=40
selfie.m: $pc=0x23C: 0x00000000: nop
selfie.m: $pc=0x240: 0x00000000: nop
selfie.m: $pc=0x244: 0x012A4821: addu $t1,$t1,$t2: $t1=131072,$t1=131072,$t2=40 -> $t1=131112
selfie.m: $pc=0x248: 0x8D290000: lw $t1,0($t1): $t1=131112,$t1=0x20028 -> $t1=1024=memory[0xC020028]
selfie.m: $pc=0x24C: 0x240A0002: addiu $t2,$zero,2: $t2=40,$zero=0 -> $t2=2
selfie.m: $pc=0x250: 0x012A0019: multu $t1,$t2: $t1=1024,$t2=2,$lo=40 -> $lo=2048
selfie.m: $pc=0x254: 0x00004812: mflo $t1: $t1=1024,$lo=2048 -> $t1=2048
selfie.m: $pc=0x258: 0x00000000: nop
selfie.m: $pc=0x25C: 0x00000000: nop
selfie.m: $pc=0x260: 0xAD090000: sw $t1,0($t0): $t1=2048,$t0=0x2002C -> memory[0xC02002C]=2048=$t1
selfie.m: $pc=0x264: 0x8FC8FFFC: lw $t0,-4($fp): $t0=131116,$fp=0x3FFFFCC -> $t0=11=memory[0xBFFFFC8]
selfie.m: $pc=0x268: 0x24090001: addiu $t1,$zero,1: $t1=2048,$zero=0 -> $t1=1
selfie.m: $pc=0x26C: 0x01094021: addu $t0,$t0,$t1: $t0=11,$t0=11,$t1=1 -> $t0=12
selfie.m: $pc=0x270: 0xAFC8FFFC: sw $t0,-4($fp): $t0=12,$fp=0x3FFFFCC -> memory[0xBFFFFC8]=12=$t0
selfie.m: $pc=0x274: 0x1000FFDD: beq $zero,$zero,-35[0x1EC]: $zero=0,$zero=0 -> $pc=0x1EC
selfie.m: $pc=0x1EC: 0x8FC8FFFC: lw $t0,-4($fp): $t0=12,$fp=0x3FFFFCC -> $t0=12=memory[0xBFFFFC8]
selfie.m: $pc=0x1F0: 0x2409001F: addiu $t1,$zero,31: $t1=1,$zero=0 -> $t1=31
selfie.m: $pc=0x1F4: 0x0109402A: slt $t0,$t0,$t1: $t0=12,$t1=31 -> $t0=1
selfie.m: $pc=0x1F8: 0x10080020: beq $zero,$t0,32[0x27C]: $zero=0,$t0=1 -> $pc=0x1FC
selfie.m: $pc=0x1FC: 0x00000000: nop
selfie.m: $pc=0x200: 0x8F88FF98: lw $t0,-104($gp): $t0=1,$gp=0x1F264 -> $t0=131072=memory[0x401F1FC]
selfie.m: $pc=0x204: 0x8FC9FFFC: lw $t1,-4($fp): $t1=31,$fp=0x3FFFFCC -> $t1=12=memory[0xBFFFFC8]
selfie.m: $pc=0x208: 0x240A0004: addiu $t2,$zero,4: $t2=2,$zero=0 -> $t2=4
selfie.m: $pc=0x20C: 0x012A0019: multu $t1,$t2: $t1=12,$t2=4,$lo=2048 -> $lo=48
selfie.m: $pc=0x210: 0x00004812: mflo $t1: $t1=12,$lo=48 -> $t1=48
selfie.m: $pc=0x214: 0x00000000: nop
selfie.m: $pc=0x218: 0x00000000: nop
selfie.m: $pc=0x21C: 0x01094021: addu $t0,$t0,$t1: $t0=131072,$t0=131072,$t1=48 -> $t0=131120
selfie.m: $pc=0x220: 0x8F89FF98: lw $t1,-104($gp): $t1=48,$gp=0x1F264 -> $t1=131072=memory[0x401F1FC]
selfie.m: $pc=0x224: 0x8FCAFFFC: lw $t2,-4($fp): $t2=4,$fp=0x3FFFFCC -> $t2=12=memory[0xBFFFFC8]
selfie.m: $pc=0x228: 0x240B0001: addiu $t3,$zero,1: $t3=4,$zero=0 -> $t3=1
selfie.m: $pc=0x22C: 0x014B5023: subu $t2,$t2,$t3: $t2=12,$t2=12,$t3=1 -> $t2=11
selfie.m: $pc=0x230: 0x240B0004: addiu $t3,$zero,4: $t3=1,$zero=0 -> $t3=4
selfie.m: $pc=0x234: 0x014B0019: multu $t2,$t3: $t2=11,$t3=4,$lo=48 -> $lo=44
selfie.m: $pc=0x238: 0x00005012: mflo $t2: $t2=11,$lo=44 -> $t2=44
selfie.m: $pc=0x23C: 0x00000000: nop
selfie.m: $pc=0x240: 0x00000000: nop
selfie.m: $pc=0x244: 0x012A4821: addu $t1,$t1,$t2: $t1=131072,$t1=131072,$t2=44 -> $t1=131116
selfie.m: $pc=0x248: 0x8D290000: lw $t1,0($t1): $t1=131116,$t1=0x2002C -> $t1=2048=memory[0xC02002C]
selfie.m: $pc=0x24C: 0x240A0002: addiu $t2,$zero,2: $t2=44,$zero=0 -> $t2=2
selfie.m: $pc=0x250: 0x012A0019: multu $t1,$t2: $t1=2048,$t2=2,$lo=44 -> $lo=4096
selfie.m: $pc=0x254: 0x00004812: mflo $t1: $t1=2048,$lo=4096 -> $t1=4096
selfie.m: $pc=0x258: 0x00000000: nop
selfie.m: $pc=0x25C: 0x00000000: nop
selfie.m: $pc=0x260: 0xAD090000: sw $t1,0($t0): $t1=4096,$t0=0x20030 -> memory[0xC020030]=4096=$t1
selfie.m: $pc=0x264: 0x8FC8FFFC: lw $t0,-4($fp): $t0=131120,$fp=0x3FFFFCC -> $t0=12=memory[0xBFFFFC8]
selfie.m: $pc=0x268: 0x24090001: addiu $t1,$zero,1: $t1=4096,$zero=0 -> $t1=1
selfie.m: $pc=0x26C: 0x01094021: addu $t0,$t0,$t1: $t0=12,$t0=12,$t1=1 -> $t0=13
selfie.m: $pc=0x270: 0xAFC8FFFC: sw $t0,-4($fp): $t0=13,$fp=0x3FFFFCC -> memory[0xBFFFFC8]=13=$t0
selfie.m: $pc=0x274: 0x1000FFDD: beq $zero,$zero,-35[0x1EC]: $zero=0,$zero=0 -> $pc=0x1EC
selfie.m: $pc=0x1EC: 0x8FC8FFFC: lw $t0,-4($fp): $t0=13,$fp=0x3FFFFCC -> $t0=13=memory[0xBFFFFC8]
selfie.m: $pc=0x1F0: 0x2409001F: addiu $t1,$zero,31: $t1=1,$zero=0 -> $t1=31
selfie.m: $pc=0x1F4: 0x0109402A: slt $t0,$t0,$t1: $t0=13,$t1=31 -> $t0=1
selfie.m: $pc=0x1F8: 0x10080020: beq $zero,$t0,32[0x27C]: $zero=0,$t0=1 -> $pc=0x1FC
selfie.m: $pc=0x1FC: 0x00000000: nop
selfie.m: $pc=0x200: 0x8F88FF98: lw $t0,-104($gp): $t0=1,$gp=0x1F264 -> $t0=131072=memory[0x401F1FC]
selfie.m: $pc=0x204: 0x8FC9FFFC: lw $t1,-4($fp): $t1=31,$fp=0x3FFFFCC -> $t1=13=memory[0xBFFFFC8]
selfie.m: $pc=0x208: 0x240A0004: addiu $t2,$zero,4: $t2=2,$zero=0 -> $t2=4
selfie.m: $pc=0x20C: 0x012A0019: multu $t1,$t2: $t1=13,$t2=4,$lo=4096 -> $lo=52
selfie.m: $pc=0x210: 0x00004812: mflo $t1: $t1=13,$lo=52 -> $t1=52
selfie.m: $pc=0x214: 0x00000000: nop
selfie.m: $pc=0x218: 0x00000000: nop
selfie.m: $pc=0x21C: 0x01094021: addu $t0,$t0,$t1: $t0=131072,$t0=131072,$t1=52 -> $t0=131124
selfie.m: $pc=0x220: 0x8F89FF98: lw $t1,-104($gp): $t1=52,$gp=0x1F264 -> $t1=131072=memory[0x401F1FC]
selfie.m: $pc=0x224: 0x8FCAFFFC: lw $t2,-4($fp): $t2=4,$fp=0x3FFFFCC -> $t2=13=memory[0xBFFFFC8]
selfie.m: $pc=0x228: 0x240B0001: addiu $t3,$zero,1: $t3=4,$zero=0 -> $t3=1
selfie.m: $pc=0x22C: 0x014B5023: subu $t2,$t2,$t3: $t2=13,$t2=13,$t3=1 -> $t2=12
selfie.m: $pc=0x230: 0x240B0004: addiu $t3,$zero,4: $t3=1,$zero=0 -> $t3=4
selfie.m: $pc=0x234: 0x014B0019: multu $t2,$t3: $t2=12,$t3=4,$lo=52 -> $lo=48
selfie.m: $pc=0x238: 0x00005012: mflo $t2: $t2=12,$lo=48 -> $t2=48
selfie.m: $pc=0x23C: 0x00000000: nop
selfie.m: $pc=0x240: 0x00000000: nop
selfie.m: $pc=0x244: 0x012A4821: addu $t1,$t1,$t2: $t1=131072,$t1=131072,$t2=48 -> $t1=131120
selfie.m: $pc=0x248: 0x8D290000: lw $t1,0($t1): $t1=131120,$t1=0x20030 -> $t1=4096=memory[0xC020030]
selfie.m: $pc=0x24C: 0x240A0002: addiu $t2,$zero,2: $t2=48,$zero=0 -> $t2=2
selfie.m: $pc=0x250: 0x012A0019: multu $t1,$t2: $t1=4096,$t2=2,$lo=48 -> $lo=8192
selfie.m: $pc=0x254: 0x00004812: mflo $t1: $t1=4096,$lo=8192 -> $t1=8192
selfie.m: $pc=0x258: 0x00000000: nop
selfie.m: $pc=0x25C: 0x00000000: nop
selfie.m: $pc=0x260: 0xAD090000: sw $t1,0($t0): $t1=8192,$t0=0x20034 -> memory[0xC020034]=8192=$t1
selfie.m: $pc=0x264: 0x8FC8FFFC: lw $t0,-4($fp): $t0=131124,$fp=0x3FFFFCC -> $t0=13=memory[0xBFFFFC8]
selfie.m: $pc=0x268: 0x24090001: addiu $t1,$zero,1: $t1=8192,$zero=0 -> $t1=1
selfie.m: $pc=0x26C: 0x01094021: addu $t0,$t0,$t1: $t0=13,$t0=13,$t1=1 -> $t0=14
selfie.m: $pc=0x270: 0xAFC8FFFC: sw $t0,-4($fp): $t0=14,$fp=0x3FFFFCC -> memory[0xBFFFFC8]=14=$t0
selfie.m: $pc=0x274: 0x1000FFDD: beq $zero,$zero,-35[0x1EC]: $zero=0,$zero=0 -> $pc=0x1EC
selfie.m: $pc=0x1EC: 0x8FC8FFFC: lw $t0,-4($fp): $t0=14,$fp=0x3FFFFCC -> $t0=14=memory[0xBFFFFC8]
selfie.m: $pc=0x1F0: 0x2409001F: addiu $t1,$zero,31: $t1=1,$zero=0 -> $t1=31
selfie.m: $pc=0x1F4: 0x0109402A: slt $t0,$t0,$t1: $t0=14,$t1=31 -> $t0=1
selfie.m: $pc=0x1F8: 0x10080020: beq $zero,$t0,32[0x27C]: $zero=0,$t0=1 -> $pc=0x1FC
selfie.m: $pc=0x1FC: 0x00000000: nop
selfie.m: $pc=0x200: 0x8F88FF98: lw $t0,-104($gp): $t0=1,$gp=0x1F264 -> $t0=131072=memory[0x401F1FC]
selfie.m: $pc=0x204: 0x8FC9FFFC: lw $t1,-4($fp): $t1=31,$fp=0x3FFFFCC -> $t1=14=memory[0xBFFFFC8]
selfie.m: $pc=0x208: 0x240A0004: addiu $t2,$zero,4: $t2=2,$zero=0 -> $t2=4
selfie.m: $pc=0x20C: 0x012A0019: multu $t1,$t2: $t1=14,$t2=4,$lo=8192 -> $lo=56
selfie.m: $pc=0x210: 0x00004812: mflo $t1: $t1=14,$lo=56 -> $t1=56
selfie.m: $pc=0x214: 0x00000000: nop
selfie.m: $pc=0x218: 0x00000000: nop
selfie.m: $pc=0x21C: 0x01094021: addu $t0,$t0,$t1: $t0=131072,$t0=131072,$t1=56 -> $t0=131128
selfie.m: $pc=0x220: 0x8F89FF98: lw $t1,-104($gp): $t1=56,$gp=0x1F264 -> $t1=131072=memory[0x401F1FC]
selfie.m: $pc=0x224: 0x8FCAFFFC: lw $t2,-4($fp): $t2=4,$fp=0x3FFFFCC -> $t2=14=memory[0xBFFFFC8]
selfie.m: $pc=0x228: 0x240B0001: addiu $t3,$zero,1: $t3=4,$zero=0 -> $t3=1
selfie.m: $pc=0x22C: 0x014B5023: subu $t2,$t2,$t3: $t2=14,$t2=14,$t3=1 -> $t2=13
selfie.m: $pc=0x230: 0x240B0004: addiu $t3,$zero,4: $t3=1,$zero=0 -> $t3=4
selfie.m: $pc=0x234: 0x014B0019: multu $t2,$t3: $t2=13,$t3=4,$lo=56 -> $lo=52
selfie.m: $pc=0x238: 0x00005012: mflo $t2: $t2=13,$lo=52 -> $t2=52
selfie.m: $pc=0x23C: 0x00000000: nop
selfie.m: $pc=0x240: 0x00000000: nop
selfie.m: $pc=0x244: 0x012A4821: addu $t1,$t1,$t2: $t1=131072,$t1=131072,$t2=52 -> $t1=131124
selfie.m: $pc=0x248: 0x8D290000: lw $t1,0($t1): $t1=131124,$t1=0x20034 -> $t1=8192=memory[0xC020034]
selfie.m: $pc=0x24C: 0x240A0002: addiu $t2,$zero,2: $t2=52,$zero=0 -> $t2=2
selfie.m: $pc=0x250: 0x012A0019: multu $t1,$t2: $t1=8192,$t2=2,$lo=52 -> $lo=16384
selfie.m: $pc=0x254: 0x00004812: mflo $t1: $t1=8192,$lo=16384 -> $t1=16384
selfie.m: $pc=0x258: 0x00000000: nop
selfie.m: $pc=0x25C: 0x00000000: nop
selfie.m: $pc=0x260: 0xAD090000: sw $t1,0($t0): $t1=16384,$t0=0x20038 -> memory[0xC020038]=16384=$t1
selfie.m: $pc=0x264: 0x8FC8FFFC: lw $t0,-4($fp): $t0=131128,$fp=0x3FFFFCC -> $t0=14=memory[0xBFFFFC8]
selfie.m: $pc=0x268: 0x24090001: addiu $t1,$zero,1: $t1=16384,$zero=0 -> $t1=1
selfie.m: $pc=0x26C: 0x01094021: addu $t0,$t0,$t1: $t0=14,$t0=14,$t1=1 -> $t0=15
selfie.m: $pc=0x270: 0xAFC8FFFC: sw $t0,-4($fp): $t0=15,$fp=0x3FFFFCC -> memory[0xBFFFFC8]=15=$t0
selfie.m: $pc=0x274: 0x1000FFDD: beq $zero,$zero,-35[0x1EC]: $zero=0,$zero=0 -> $pc=0x1EC
selfie.m: $pc=0x1EC: 0x8FC8FFFC: lw $t0,-4($fp): $t0=15,$fp=0x3FFFFCC -> $t0=15=memory[0xBFFFFC8]
selfie.m: $pc=0x1F0: 0x2409001F: addiu $t1,$zero,31: $t1=1,$zero=0 -> $t1=31
selfie.m: $pc=0x1F4: 0x0109402A: slt $t0,$t0,$t1: $t0=15,$t1=31 -> $t0=1
selfie.m: $pc=0x1F8: 0x10080020: beq $zero,$t0,32[0x27C]: $zero=0,$t0=1 -> $pc=0x1FC
selfie.m: $pc=0x1FC: 0x00000000: nop
selfie.m: $pc=0x200: 0x8F88FF98: lw $t0,-104($gp): $t0=1,$gp=0x1F264 -> $t0=131072=memory[0x401F1FC]
selfie.m: $pc=0x204: 0x8FC9FFFC: lw $t1,-4($fp): $t1=31,$fp=0x3FFFFCC -> $t1=15=memory[0xBFFFFC8]
selfie.m: $pc=0x208: 0x240A0004: addiu $t2,$zero,4: $t2=2,$zero=0 -> $t2=4
selfie.m: $pc=0x20C: 0x012A0019: multu $t1,$t2: $t1=15,$t2=4,$lo=16384 -> $lo=60
selfie.m: $pc=0x210: 0x00004812: mflo $t1: $t1=15,$lo=60 -> $t1=60
selfie.m: $pc=0x214: 0x00000000: nop
selfie.m: $pc=0x218: 0x00000000: nop
selfie.m: $pc=0x21C: 0x01094021: addu $t0,$t0,$t1: $t0=131072,$t0=131072,$t1=60 -> $t0=131132
selfie.m: $pc=0x220: 0x8F89FF98: lw $t1,-104($gp): $t1=60,$gp=0x1F264 -> $t1=131072=memory[0x401F1FC]
selfie.m: $pc=0x224: 0x8FCAFFFC: lw $t2,-4($fp): $t2=4,$fp=0x3FFFFCC -> $t2=15=memory[0xBFFFFC8]
selfie.m: $pc=0x228: 0x240B0001: addiu $t3,$zero,1: $t3=4,$zero=0 -> $t3=1
selfie.m: $pc=0x22C: 0x014B5023: subu $t2,$t2,$t3: $t2=15,$t2=15,$t3=1 -> $t2=14
selfie.m: $pc=0x230: 0x240B0004: addiu $t3,$zero,4: $t3=1,$zero=0 -> $t3=4
selfie.m: $pc=0x234: 0x014B0019: multu $t2,$t3: $t2=14,$t3=4,$lo=60 -> $lo=56
selfie.m: $pc=0x238: 0x00005012: mflo $t2: $t2=14,$lo=56 -> $t2=56
selfie.m: $pc=0x23C: 0x00000000: nop
selfie.m: $pc=0x240: 0x00000000: nop
selfie.m: $pc=0x244: 0x012A4821: addu $t1,$t1,$t2: $t1=131072,$t1=131072,$t2=56 -> $t1=131128
selfie.m: $pc=0x248: 0x8D290000: lw $t1,0($t1): $t1=131128,$t1=0x20038 -> $t1=16384=memory[0xC020038]
selfie.m: $pc=0x24C: 0x240A0002: addiu $t2,$zero,2: $t2=56,$zero=0 -> $t2=2
selfie.m: $pc=0x250: 0x012A0019: multu $t1,$t2: $t1=16384,$t2=2,$lo=56 -> $lo=32768
selfie.m: $pc=0x254: 0x00004812: mflo $t1: $t1=16384,$lo=32768 -> $t1=32768
selfie.m: $pc=0x258: 0x00000000: nop
selfie.m: $pc=0x25C: 0x00000000: nop
selfie.m: $pc=0x260: 0xAD090000: sw $t1,0($t0): $t1=32768,$t0=0x2003C -> memory[0xC02003C]=32768=$t1
selfie.m: $pc=0x264: 0x8FC8FFFC: lw $t0,-4($fp): $t0=131132,$fp=0x3FFFFCC -> $t0=15=memory[0xBFFFFC8]
selfie.m: $pc=0x268: 0x24090001: addiu $t1,$zero,1: $t1=32768,$zero=0 -> $t1=1
selfie.m: $pc=0x26C: 0x01094021: addu $t0,$t0,$t1: $t0=15,$t0=15,$t1=1 -> $t0=16
selfie.m: $pc=0x270: 0xAFC8FFFC: sw $t0,-4($fp): $t0=16,$fp=0x3FFFFCC -> memory[0xBFFFFC8]=16=$t0
selfie.m: $pc=0x274: 0x1000FFDD: beq $zero,$zero,-35[0x1EC]: $zero=0,$zero=0 -> $pc=0x1EC
selfie.m: $pc=0x1EC: 0x8FC8FFFC: lw $t0,-4($fp): $t0=16,$fp=0x3FFFFCC -> $t0=16=memory[0xBFFFFC8]
selfie.m: $pc=0x1F0: 0x2409001F: addiu $t1,$zero,31: $t1=1,$zero=0 -> $t1=31
selfie.m: $pc=0x1F4: 0x0109402A: slt $t0,$t0,$t1: $t0=16,$t1=31 -> $t0=1
selfie.m: $pc=0x1F8: 0x10080020: beq $zero,$t0,32[0x27C]: $zero=0,$t0=1 -> $pc=0x1FC
selfie.m: $pc=0x1FC: 0x00000000: nop
selfie.m: $pc=0x200: 0x8F88FF98: lw $t0,-104($gp): $t0=1,$gp=0x1F264 -> $t0=131072=memory[0x401F1FC]
selfie.m: $pc=0x204: 0x8FC9FFFC: lw $t1,-4($fp): $t1=31,$fp=0x3FFFFCC -> $t1=16=memory[0xBFFFFC8]
selfie.m: $pc=0x208: 0x240A0004: addiu $t2,$zero,4: $t2=2,$zero=0 -> $t2=4
selfie.m: $pc=0x20C: 0x012A0019: multu $t1,$t2: $t1=16,$t2=4,$lo=32768 -> $lo=64
selfie.m: $pc=0x210: 0x00004812: mflo $t1: $t1=16,$lo=64 -> $t1=64
selfie.m: $pc=0x214: 0x00000000: nop
selfie.m: $pc=0x218: 0x00000000: nop
selfie.m: $pc=0x21C: 0x01094021: addu $t0,$t0,$t1: $t0=131072,$t0=131072,$t1=64 -> $t0=131136
selfie.m: $pc=0x220: 0x8F89FF98: lw $t1,-104($gp): $t1=64,$gp=0x1F264 -> $t1=131072=memory[0x401F1FC]
selfie.m: $pc=0x224: 0x8FCAFFFC: lw $t2,-4($fp): $t2=4,$fp=0x3FFFFCC -> $t2=16=memory[0xBFFFFC8]
selfie.m: $pc=0x228: 0x240B0001: addiu $t3,$zero,1: $t3=4,$zero=0 -> $t3=1
selfie.m: $pc=0x22C: 0x014B5023: subu $t2,$t2,$t3: $t2=16,$t2=16,$t3=1 -> $t2=15
selfie.m: $pc=0x230: 0x240B0004: addiu $t3,$zero,4: $t3=1,$zero=0 -> $t3=4
selfie.m: $pc=0x234: 0x014B0019: multu $t2,$t3: $t2=15,$t3=4,$lo=64 -> $lo=60
selfie.m: $pc=0x238: 0x00005012: mflo $t2: $t2=15,$lo=60 -> $t2=60
selfie.m: $pc=0x23C: 0x00000000: nop
selfie.m: $pc=0x240: 0x00000000: nop
selfie.m: $pc=0x244: 0x012A4821: addu $t1,$t1,$t2: $t1=131072,$t1=131072,$t2=60 -> $t1=131132
selfie.m: $pc=0x248: 0x8D290000: lw $t1,0($t1): $t1=131132,$t1=0x2003C -> $t1=32768=memory[0xC02003C]
selfie.m: $pc=0x24C: 0x240A0002: addiu $t2,$zero,2: $t2=60,$zero=0 -> $t2=2
selfie.m: $pc=0x250: 0x012A0019: multu $t1,$t2: $t1=32768,$t2=2,$lo=60 -> $lo=65536
selfie.m: $pc=0x254: 0x00004812: mflo $t1: $t1=32768,$lo=65536 -> $t1=65536
selfie.m: $pc=0x258: 0x00000000: nop
selfie.m: $pc=0x25C: 0x00000000: nop
selfie.m: $pc=0x260: 0xAD090000: sw $t1,0($t0): $t1=65536,$t0=0x20040 -> memory[0xC020040]=65536=$t1
selfie.m: $pc=0x264: 0x8FC8FFFC: lw $t0,-4($fp): $t0=131136,$fp=0x3FFFFCC -> $t0=16=memory[0xBFFFFC8]
selfie.m: $pc=0x268: 0x24090001: addiu $t1,$zero,1: $t1=65536,$zero=0 -> $t1=1
selfie.m: $pc=0x26C: 0x01094021: addu $t0,$t0,$t1: $t0=16,$t0=16,$t1=1 -> $t0=17
selfie.m: $pc=0x270: 0xAFC8FFFC: sw $t0,-4($fp): $t0=17,$fp=0x3FFFFCC -> memory[0xBFFFFC8]=17=$t0
selfie.m: $pc=0x274: 0x1000FFDD: beq $zero,$zero,-35[0x1EC]: $zero=0,$zero=0 -> $pc=0x1EC
selfie.m: $pc=0x1EC: 0x8FC8FFFC: lw $t0,-4($fp): $t0=17,$fp=0x3FFFFCC -> $t0=17=memory[0xBFFFFC8]
selfie.m: $pc=0x1F0: 0x2409001F: addiu $t1,$zero,31: $t1=1,$zero=0 -> $t1=31
selfie.m: $pc=0x1F4: 0x0109402A: slt $t0,$t0,$t1: $t0=17,$t1=31 -> $t0=1
selfie.m: $pc=0x1F8: 0x10080020: beq $zero,$t0,32[0x27C]: $zero=0,$t0=1 -> $pc=0x1FC
selfie.m: $pc=0x1FC: 0x00000000: nop
selfie.m: $pc=0x200: 0x8F88FF98: lw $t0,-104($gp): $t0=1,$gp=0x1F264 -> $t0=131072=memory[0x401F1FC]
selfie.m: $pc=0x204: 0x8FC9FFFC: lw $t1,-4($fp): $t1=31,$fp=0x3FFFFCC -> $t1=17=memory[0xBFFFFC8]
selfie.m: $pc=0x208: 0x240A0004: addiu $t2,$zero,4: $t2=2,$zero=0 -> $t2=4
selfie.m: $pc=0x20C: 0x012A0019: multu $t1,$t2: $t1=17,$t2=4,$lo=65536 -> $lo=68
selfie.m: $pc=0x210: 0x00004812: mflo $t1: $t1=17,$lo=68 -> $t1=68
selfie.m: $pc=0x214: 0x00000000: nop
selfie.m: $pc=0x218: 0x00000000: nop
selfie.m: $pc=0x21C: 0x01094021: addu $t0,$t0,$t1: $t0=131072,$t0=131072,$t1=68 -> $t0=131140
selfie.m: $pc=0x220: 0x8F89FF98: lw $t1,-104($gp): $t1=68,$gp=0x1F264 -> $t1=131072=memory[0x401F1FC]
selfie.m: $pc=0x224: 0x8FCAFFFC: lw $t2,-4($fp): $t2=4,$fp=0x3FFFFCC -> $t2=17=memory[0xBFFFFC8]
selfie.m: $pc=0x228: 0x240B0001: addiu $t3,$zero,1: $t3=4,$zero=0 -> $t3=1
selfie.m: $pc=0x22C: 0x014B5023: subu $t2,$t2,$t3: $t2=17,$t2=17,$t3=1 -> $t2=16
selfie.m: $pc=0x230: 0x240B0004: addiu $t3,$zero,4: $t3=1,$zero=0 -> $t3=4
selfie.m: $pc=0x234: 0x014B0019: multu $t2,$t3: $t2=16,$t3=4,$lo=68 -> $lo=64
selfie.m: $pc=0x238: 0x00005012: mflo $t2: $t2=16,$lo=64 -> $t2=64
selfie.m: $pc=0x23C: 0x00000000: nop
selfie.m: $pc=0x240: 0x00000000: nop
selfie.m: $pc=0x244: 0x012A4821: addu $t1,$t1,$t2: $t1=131072,$t1=131072,$t2=64 -> $t1=131136
selfie.m: $pc=0x248: 0x8D290000: lw $t1,0($t1): $t1=131136,$t1=0x20040 -> $t1=65536=memory[0xC020040]
selfie.m: $pc=0x24C: 0x240A0002: addiu $t2,$zero,2: $t2=64,$zero=0 -> $t2=2
selfie.m: $pc=0x250: 0x012A0019: multu $t1,$t2: $t1=65536,$t2=2,$lo=64 -> $lo=131072
selfie.m: $pc=0x254: 0x00004812: mflo $t1: $t1=65536,$lo=131072 -> $t1=131072
selfie.m: $pc=0x258: 0x00000000: nop
selfie.m: $pc=0x25C: 0x00000000: nop
selfie.m: $pc=0x260: 0xAD090000: sw $t1,0($t0): $t1=131072,$t0=0x20044 -> memory[0xC020044]=131072=$t1
selfie.m: $pc=0x264: 0x8FC8FFFC: lw $t0,-4($fp): $t0=131140,$fp=0x3FFFFCC -> $t0=17=memory[0xBFFFFC8]
selfie.m: $pc=0x268: 0x24090001: addiu $t1,$zero,1: $t1=131072,$zero=0 -> $t1=1
selfie.m: $pc=0x26C: 0x01094021: addu $t0,$t0,$t1: $t0=17,$t0=17,$t1=1 -> $t0=18
selfie.m: $pc=0x270: 0xAFC8FFFC: sw $t0,-4($fp): $t0=18,$fp=0x3FFFFCC -> memory[0xBFFFFC8]=18=$t0
selfie.m: $pc=0x274: 0x1000FFDD: beq $zero,$zero,-35[0x1EC]: $zero=0,$zero=0 -> $pc=0x1EC
selfie.m: $pc=0x1EC: 0x8FC8FFFC: lw $t0,-4($fp): $t0=18,$fp=0x3FFFFCC -> $t0=18=memory[0xBFFFFC8]
selfie.m: $pc=0x1F0: 0x2409001F: addiu $t1,$zero,31: $t1=1,$zero=0 -> $t1=31
selfie.m: $pc=0x1F4: 0x0109402A: slt $t0,$t0,$t1: $t0=18,$t1=31 -> $t0=1
selfie.m: $pc=0x1F8: 0x10080020: beq $zero,$t0,32[0x27C]: $zero=0,$t0=1 -> $pc=0x1FC
selfie.m: $pc=0x1FC: 0x00000000: nop
selfie.m: $pc=0x200: 0x8F88FF98: lw $t0,-104($gp): $t0=1,$gp=0x1F264 -> $t0=131072=memory[0x401F1FC]
selfie.m: $pc=0x204: 0x8FC9FFFC: lw $t1,-4($fp): $t1=31,$fp=0x3FFFFCC -> $t1=18=memory[0xBFFFFC8]
selfie.m: $pc=0x208: 0x240A0004: addiu $t2,$zero,4: $t2=2,$zero=0 -> $t2=4
selfie.m: $pc=0x20C: 0x012A0019: multu $t1,$t2: $t1=18,$t2=4,$lo=131072 -> $lo=72
selfie.m: $pc=0x210: 0x00004812: mflo $t1: $t1=18,$lo=72 -> $t1=72
selfie.m: $pc=0x214: 0x00000000: nop
selfie.m: $pc=0x218: 0x00000000: nop
selfie.m: $pc=0x21C: 0x01094021: addu $t0,$t0,$t1: $t0=131072,$t0=131072,$t1=72 -> $t0=131144
selfie.m: $pc=0x220: 0x8F89FF98: lw $t1,-104($gp): $t1=72,$gp=0x1F264 -> $t1=131072=memory[0x401F1FC]
selfie.m: $pc=0x224: 0x8FCAFFFC: lw $t2,-4($fp): $t2=4,$fp=0x3FFFFCC -> $t2=18=memory[0xBFFFFC8]
selfie.m: $pc=0x228: 0x240B0001: addiu $t3,$zero,1: $t3=4,$zero=0 -> $t3=1
selfie.m: $pc=0x22C: 0x014B5023: subu $t2,$t2,$t3: $t2=18,$t2=18,$t3=1 -> $t2=17
selfie.m: $pc=0x230: 0x240B0004: addiu $t3,$zero,4: $t3=1,$zero=0 -> $t3=4
selfie.m: $pc=0x234: 0x014B0019: multu $t2,$t3: $t2=17,$t3=4,$lo=72 -> $lo=68
selfie.m: $pc=0x238: 0x00005012: mflo $t2: $t2=17,$lo=68 -> $t2=68
selfie.m: $pc=0x23C: 0x00000000: nop
selfie.m: $pc=0x240: 0x00000000: nop
selfie.m: $pc=0x244: 0x012A4821: addu $t1,$t1,$t2: $t1=131072,$t1=131072,$t2=68 -> $t1=131140
selfie.m: $pc=0x248: 0x8D290000: lw $t1,0($t1): $t1=131140,$t1=0x20044 -> $t1=131072=memory[0xC020044]
selfie.m: $pc=0x24C: 0x240A0002: addiu $t2,$zero,2: $t2=68,$zero=0 -> $t2=2
selfie.m: $pc=0x250: 0x012A0019: multu $t1,$t2: $t1=131072,$t2=2,$lo=68 -> $lo=262144
selfie.m: $pc=0x254: 0x00004812: mflo $t1: $t1=131072,$lo=262144 -> $t1=262144
selfie.m: $pc=0x258: 0x00000000: nop
selfie.m: $pc=0x25C: 0x00000000: nop
selfie.m: $pc=0x260: 0xAD090000: sw $t1,0($t0): $t1=262144,$t0=0x20048 -> memory[0xC020048]=262144=$t1
selfie.m: $pc=0x264: 0x8FC8FFFC: lw $t0,-4($fp): $t0=131144,$fp=0x3FFFFCC -> $t0=18=memory[0xBFFFFC8]
selfie.m: $pc=0x268: 0x24090001: addiu $t1,$zero,1: $t1=262144,$zero=0 -> $t1=1
selfie.m: $pc=0x26C: 0x01094021: addu $t0,$t0,$t1: $t0=18,$t0=18,$t1=1 -> $t0=19
selfie.m: $pc=0x270: 0xAFC8FFFC: sw $t0,-4($fp): $t0=19,$fp=0x3FFFFCC -> memory[0xBFFFFC8]=19=$t0
selfie.m: $pc=0x274: 0x1000FFDD: beq $zero,$zero,-35[0x1EC]: $zero=0,$zero=0 -> $pc=0x1EC
selfie.m: $pc=0x1EC: 0x8FC8FFFC: lw $t0,-4($fp): $t0=19,$fp=0x3FFFFCC -> $t0=19=memory[0xBFFFFC8]
selfie.m: $pc=0x1F0: 0x2409001F: addiu $t1,$zero,31: $t1=1,$zero=0 -> $t1=31
selfie.m: $pc=0x1F4: 0x0109402A: slt $t0,$t0,$t1: $t0=19,$t1=31 -> $t0=1
selfie.m: $pc=0x1F8: 0x10080020: beq $zero,$t0,32[0x27C]: $zero=0,$t0=1 -> $pc=0x1FC
selfie.m: $pc=0x1FC: 0x00000000: nop
selfie.m: $pc=0x200: 0x8F88FF98: lw $t0,-104($gp): $t0=1,$gp=0x1F264 -> $t0=131072=memory[0x401F1FC]
selfie.m: $pc=0x204: 0x8FC9FFFC: lw $t1,-4($fp): $t1=31,$fp=0x3FFFFCC -> $t1=19=memory[0xBFFFFC8]
selfie.m: $pc=0x208: 0x240A0004: addiu $t2,$zero,4: $t2=2,$zero=0 -> $t2=4
selfie.m: $pc=0x20C: 0x012A0019: multu $t1,$t2: $t1=19,$t2=4,$lo=262144 -> $lo=76
selfie.m: $pc=0x210: 0x00004812: mflo $t1: $t1=19,$lo=76 -> $t1=76
selfie.m: $pc=0x214: 0x00000000: nop
selfie.m: $pc=0x218: 0x00000000: nop
selfie.m: $pc=0x21C: 0x01094021: addu $t0,$t0,$t1: $t0=131072,$t0=131072,$t1=76 -> $t0=131148
selfie.m: $pc=0x220: 0x8F89FF98: lw $t1,-104($gp): $t1=76,$gp=0x1F264 -> $t1=131072=memory[0x401F1FC]
selfie.m: $pc=0x224: 0x8FCAFFFC: lw $t2,-4($fp): $t2=4,$fp=0x3FFFFCC -> $t2=19=memory[0xBFFFFC8]
selfie.m: $pc=0x228: 0x240B0001: addiu $t3,$zero,1: $t3=4,$zero=0 -> $t3=1
selfie.m: $pc=0x22C: 0x014B5023: subu $t2,$t2,$t3: $t2=19,$t2=19,$t3=1 -> $t2=18
selfie.m: $pc=0x230: 0x240B0004: addiu $t3,$zero,4: $t3=1,$zero=0 -> $t3=4
selfie.m: $pc=0x234: 0x014B0019: multu $t2,$t3: $t2=18,$t3=4,$lo=76 -> $lo=72
selfie.m: $pc=0x238: 0x00005012: mflo $t2: $t2=18,$lo=72 -> $t2=72
selfie.m: $pc=0x23C: 0x00000000: nop
selfie.m: $pc=0x240: 0x00000000: nop
selfie.m: $pc=0x244: 0x012A4821: addu $t1,$t1,$t2: $t1=131072,$t1=131072,$t2=72 -> $t1=131144
selfie.m: $pc=0x248: 0x8D290000: lw $t1,0($t1): $t1=131144,$t1=0x20048 -> $t1=262144=memory[0xC020048]
selfie.m: $pc=0x24C: 0x240A0002: addiu $t2,$zero,2: $t2=72,$zero=0 -> $t2=2
selfie.m: $pc=0x250: 0x012A0019: multu $t1,$t2: $t1=262144,$t2=2,$lo=72 -> $lo=524288
selfie.m: $pc=0x254: 0x00004812: mflo $t1: $t1=262144,$lo=524288 -> $t1=524288
selfie.m: $pc=0x258: 0x00000000: nop
selfie.m: $pc=0x25C: 0x00000000: nop
selfie.m: $pc=0x260: 0xAD090000: sw $t1,0($t0): $t1=524288,$t0=0x2004C -> memory[0xC02004C]=524288=$t1
selfie.m: $pc=0x264: 0x8FC8FFFC: lw $t0,-4($fp): $t0=131148,$fp=0x3FFFFCC -> $t0=19=memory[0xBFFFFC8]
selfie.m: $pc=0x268: 0x24090001: addiu $t1,$zero,1: $t1=524288,$zero=0 -> $t1=1
selfie.m: $pc=0x26C: 0x01094021: addu $t0,$t0,$t1: $t0=19,$t0=19,$t1=1 -> $t0=20
selfie.m: $pc=0x270: 0xAFC8FFFC: sw $t0,-4($fp): $t0=20,$fp=0x3FFFFCC -> memory[0xBFFFFC8]=20=$t0
selfie.m: $pc=0x274: 0x1000FFDD: beq $zero,$zero,-35[0x1EC]: $zero=0,$zero=0 -> $pc=0x1EC
selfie.m: $pc=0x1EC: 0x8FC8FFFC: lw $t0,-4($fp): $t0=20,$fp=0x3FFFFCC -> $t0=20=memory[0xBFFFFC8]
selfie.m: $pc=0x1F0: 0x2409001F: addiu $t1,$zero,31: $t1=1,$zero=0 -> $t1=31
selfie.m: $pc=0x1F4: 0x0109402A: slt $t0,$t0,$t1: $t0=20,$t1=31 -> $t0=1
selfie.m: $pc=0x1F8: 0x10080020: beq $zero,$t0,32[0x27C]: $zero=0,$t0=1 -> $pc=0x1FC
selfie.m: $pc=0x1FC: 0x00000000: nop
selfie.m: $pc=0x200: 0x8F88FF98: lw $t0,-104($gp): $t0=1,$gp=0x1F264 -> $t0=131072=memory[0x401F1FC]
selfie.m: $pc=0x204: 0x8FC9FFFC: lw $t1,-4($fp): $t1=31,$fp=0x3FFFFCC -> $t1=20=memory[0xBFFFFC8]
selfie.m: $pc=0x208: 0x240A0004: addiu $t2,$zero,4: $t2=2,$zero=0 -> $t2=4
selfie.m: $pc=0x20C: 0x012A0019: multu $t1,$t2: $t1=20,$t2=4,$lo=524288 -> $lo=80
selfie.m: $pc=0x210: 0x00004812: mflo $t1: $t1=20,$lo=80 -> $t1=80
selfie.m: $pc=0x214: 0x00000000: nop
selfie.m: $pc=0x218: 0x00000000: nop
selfie.m: $pc=0x21C: 0x01094021: addu $t0,$t0,$t1: $t0=131072,$t0=131072,$t1=80 -> $t0=131152
selfie.m: $pc=0x220: 0x8F89FF98: lw $t1,-104($gp): $t1=80,$gp=0x1F264 -> $t1=131072=memory[0x401F1FC]
selfie.m: $pc=0x224: 0x8FCAFFFC: lw $t2,-4($fp): $t2=4,$fp=0x3FFFFCC -> $t2=20=memory[0xBFFFFC8]
selfie.m: $pc=0x228: 0x240B0001: addiu $t3,$zero,1: $t3=4,$zero=0 -> $t3=1
selfie.m: $pc=0x22C: 0x014B5023: subu $t2,$t2,$t3: $t2=20,$t2=20,$t3=1 -> $t2=19
selfie.m: $pc=0x230: 0x240B0004: addiu $t3,$zero,4: $t3=1,$zero=0 -> $t3=4
selfie.m: $pc=0x234: 0x014B0019: multu $t2,$t3: $t2=19,$t3=4,$lo=80 -> $lo=76
selfie.m: $pc=0x238: 0x00005012: mflo $t2: $t2=19,$lo=76 -> $t2=76
selfie.m: $pc=0x23C: 0x00000000: nop
selfie.m: $pc=0x240: 0x00000000: nop
selfie.m: $pc=0x244: 0x012A4821: addu $t1,$t1,$t2: $t1=131072,$t1=131072,$t2=76 -> $t1=131148
selfie.m: $pc=0x248: 0x8D290000: lw $t1,0($t1): $t1=131148,$t1=0x2004C -> $t1=524288=memory[0xC02004C]
selfie.m: $pc=0x24C: 0x240A0002: addiu $t2,$zero,2: $t2=76,$zero=0 -> $t2=2
selfie.m: $pc=0x250: 0x012A0019: multu $t1,$t2: $t1=524288,$t2=2,$lo=76 -> $lo=1048576
selfie.m: $pc=0x254: 0x00004812: mflo $t1: $t1=524288,$lo=1048576 -> $t1=1048576
selfie.m: $pc=0x258: 0x00000000: nop
selfie.m: $pc=0x25C: 0x00000000: nop
selfie.m: $pc=0x260: 0xAD090000: sw $t1,0($t0): $t1=1048576,$t0=0x20050 -> memory[0xC020050]=1048576=$t1
selfie.m: $pc=0x264: 0x8FC8FFFC: lw $t0,-4($fp): $t0=131152,$fp=0x3FFFFCC -> $t0=20=memory[0xBFFFFC8]
selfie.m: $pc=0x268: 0x24090001: addiu $t1,$zero,1: $t1=1048576,$zero=0 -> $t1=1
selfie.m: $pc=0x26C: 0x01094021: addu $t0,$t0,$t1: $t0=20,$t0=20,$t1=1 -> $t0=21
selfie.m: $pc=0x270: 0xAFC8FFFC: sw $t0,-4($fp): $t0=21,$fp=0x3FFFFCC -> memory[0xBFFFFC8]=21=$t0
selfie.m: $pc=0x274: 0x1000FFDD: beq $zero,$zero,-35[0x1EC]: $zero=0,$zero=0 -> $pc=0x1EC
selfie.m: $pc=0x1EC: 0x8FC8FFFC: lw $t0,-4($fp): $t0=21,$fp=0x3FFFFCC -> $t0=21=memory[0xBFFFFC8]
selfie.m: $pc=0x1F0: 0x2409001F: addiu $t1,$zero,31: $t1=1,$zero=0 -> $t1=31
selfie.m: $pc=0x1F4: 0x0109402A: slt $t0,$t0,$t1: $t0=21,$t1=31 -> $t0=1
selfie.m: $pc=0x1F8: 0x10080020: beq $zero,$t0,32[0x27C]: $zero=0,$t0=1 -> $pc=0x1FC
selfie.m: $pc=0x1FC: 0x00000000: nop
selfie.m: $pc=0x200: 0x8F88FF98: lw $t0,-104($gp): $t0=1,$gp=0x1F264 -> $t0=131072=memory[0x401F1FC]
selfie.m: $pc=0x204: 0x8FC9FFFC: lw $t1,-4($fp): $t1=31,$fp=0x3FFFFCC -> $t1=21=memory[0xBFFFFC8]
selfie.m: $pc=0x208: 0x240A0004: addiu $t2,$zero,4: $t2=2,$zero=0 -> $t2=4
selfie.m: $pc=0x20C: 0x012A0019: multu $t1,$t2: $t1=21,$t2=4,$lo=1048576 -> $lo=84
selfie.m: $pc=0x210: 0x00004812: mflo $t1: $t1=21,$lo=84 -> $t1=84
selfie.m: $pc=0x214: 0x00000000: nop
selfie.m: $pc=0x218: 0x00000000: nop
selfie.m: $pc=0x21C: 0x01094021: addu $t0,$t0,$t1: $t0=131072,$t0=131072,$t1=84 -> $t0=131156
selfie.m: $pc=0x220: 0x8F89FF98: lw $t1,-104($gp): $t1=84,$gp=0x1F264 -> $t1=131072=memory[0x401F1FC]
selfie.m: $pc=0x224: 0x8FCAFFFC: lw $t2,-4($fp): $t2=4,$fp=0x3FFFFCC -> $t2=21=memory[0xBFFFFC8]
selfie.m: $pc=0x228: 0x240B0001: addiu $t3,$zero,1: $t3=4,$zero=0 -> $t3=1
selfie.m: $pc=0x22C: 0x014B5023: subu $t2,$t2,$t3: $t2=21,$t2=21,$t3=1 -> $t2=20
selfie.m: $pc=0x230: 0x240B0004: addiu $t3,$zero,4: $t3=1,$zero=0 -> $t3=4
selfie.m: $pc=0x234: 0x014B0019: multu $t2,$t3: $t2=20,$t3=4,$lo=84 -> $lo=80
selfie.m: $pc=0x238: 0x00005012: mflo $t2: $t2=20,$lo=80 -> $t2=80
selfie.m: $pc=0x23C: 0x00000000: nop
selfie.m: $pc=0x240: 0x00000000: nop
selfie.m: $pc=0x244: 0x012A4821: addu $t1,$t1,$t2: $t1=131072,$t1=131072,$t2=80 -> $t1=131152
selfie.m: $pc=0x248: 0x8D290000: lw $t1,0($t1): $t1=131152,$t1=0x20050 -> $t1=1048576=memory[0xC020050]
selfie.m: $pc=0x24C: 0x240A0002: addiu $t2,$zero,2: $t2=80,$zero=0 -> $t2=2
selfie.m: $pc=0x250: 0x012A0019: multu $t1,$t2: $t1=1048576,$t2=2,$lo=80 -> $lo=2097152
selfie.m: $pc=0x254: 0x00004812: mflo $t1: $t1=1048576,$lo=2097152 -> $t1=2097152
selfie.m: $pc=0x258: 0x00000000: nop
selfie.m: $pc=0x25C: 0x00000000: nop
selfie.m: $pc=0x260: 0xAD090000: sw $t1,0($t0): $t1=2097152,$t0=0x20054 -> memory[0xC020054]=2097152=$t1
selfie.m: $pc=0x264: 0x8FC8FFFC: lw $t0,-4($fp): $t0=131156,$fp=0x3FFFFCC -> $t0=21=memory[0xBFFFFC8]
selfie.m: $pc=0x268: 0x24090001: addiu $t1,$zero,1: $t1=2097152,$zero=0 -> $t1=1
selfie.m: $pc=0x26C: 0x01094021: addu $t0,$t0,$t1: $t0=21,$t0=21,$t1=1 -> $t0=22
selfie.m: $pc=0x270: 0xAFC8FFFC: sw $t0,-4($fp): $t0=22,$fp=0x3FFFFCC -> memory[0xBFFFFC8]=22=$t0
selfie.m: $pc=0x274: 0x1000FFDD: beq $zero,$zero,-35[0x1EC]: $zero=0,$zero=0 -> $pc=0x1EC
selfie.m: $pc=0x1EC: 0x8FC8FFFC: lw $t0,-4($fp): $t0=22,$fp=0x3FFFFCC -> $t0=22=memory[0xBFFFFC8]
selfie.m: $pc=0x1F0: 0x2409001F: addiu $t1,$zero,31: $t1=1,$zero=0 -> $t1=31
selfie.m: $pc=0x1F4: 0x0109402A: slt $t0,$t0,$t1: $t0=22,$t1=31 -> $t0=1
selfie.m: $pc=0x1F8: 0x10080020: beq $zero,$t0,32[0x27C]: $zero=0,$t0=1 -> $pc=0x1FC
selfie.m: $pc=0x1FC: 0x00000000: nop
selfie.m: $pc=0x200: 0x8F88FF98: lw $t0,-104($gp): $t0=1,$gp=0x1F264 -> $t0=131072=memory[0x401F1FC]
selfie.m: $pc=0x204: 0x8FC9FFFC: lw $t1,-4($fp): $t1=31,$fp=0x3FFFFCC -> $t1=22=memory[0xBFFFFC8]
selfie.m: $pc=0x208: 0x240A0004: addiu $t2,$zero,4: $t2=2,$zero=0 -> $t2=4
selfie.m: $pc=0x20C: 0x012A0019: multu $t1,$t2: $t1=22,$t2=4,$lo=2097152 -> $lo=88
selfie.m: $pc=0x210: 0x00004812: mflo $t1: $t1=22,$lo=88 -> $t1=88
selfie.m: $pc=0x214: 0x00000000: nop
selfie.m: $pc=0x218: 0x00000000: nop
selfie.m: $pc=0x21C: 0x01094021: addu $t0,$t0,$t1: $t0=131072,$t0=131072,$t1=88 -> $t0=131160
selfie.m: $pc=0x220: 0x8F89FF98: lw $t1,-104($gp): $t1=88,$gp=0x1F264 -> $t1=131072=memory[0x401F1FC]
selfie.m: $pc=0x224: 0x8FCAFFFC: lw $t2,-4($fp): $t2=4,$fp=0x3FFFFCC -> $t2=22=memory[0xBFFFFC8]
selfie.m: $pc=0x228: 0x240B0001: addiu $t3,$zero,1: $t3=4,$zero=0 -> $t3=1
selfie.m: $pc=0x22C: 0x014B5023: subu $t2,$t2,$t3: $t2=22,$t2=22,$t3=1 -> $t2=21
selfie.m: $pc=0x230: 0x240B0004: addiu $t3,$zero,4: $t3=1,$zero=0 -> $t3=4
selfie.m: $pc=0x234: 0x014B0019: multu $t2,$t3: $t2=21,$t3=4,$lo=88 -> $lo=84
selfie.m: $pc=0x238: 0x00005012: mflo $t2: $t2=21,$lo=84 -> $t2=84
selfie.m: $pc=0x23C: 0x00000000: nop
selfie.m: $pc=0x240: 0x00000000: nop
selfie.m: $pc=0x244: 0x012A4821: addu $t1,$t1,$t2: $t1=131072,$t1=131072,$t2=84 -> $t1=131156
selfie.m: $pc=0x248: 0x8D290000: lw $t1,0($t1): $t1=131156,$t1=0x20054 -> $t1=2097152=memory[0xC020054]
selfie.m: $pc=0x24C: 0x240A0002: addiu $t2,$zero,2: $t2=84,$zero=0 -> $t2=2
selfie.m: $pc=0x250: 0x012A0019: multu $t1,$t2: $t1=2097152,$t2=2,$lo=84 -> $lo=4194304
selfie.m: $pc=0x254: 0x00004812: mflo $t1: $t1=2097152,$lo=4194304 -> $t1=4194304
selfie.m: $pc=0x258: 0x00000000: nop
selfie.m: $pc=0x25C: 0x00000000: nop
selfie.m: $pc=0x260: 0xAD090000: sw $t1,0($t0): $t1=4194304,$t0=0x20058 -> memory[0xC020058]=4194304=$t1
selfie.m: $pc=0x264: 0x8FC8FFFC: lw $t0,-4($fp): $t0=131160,$fp=0x3FFFFCC -> $t0=22=memory[0xBFFFFC8]
selfie.m: $pc=0x268: 0x24090001: addiu $t1,$zero,1: $t1=4194304,$zero=0 -> $t1=1
selfie.m: $pc=0x26C: 0x01094021: addu $t0,$t0,$t1: $t0=22,$t0=22,$t1=1 -> $t0=23
selfie.m: $pc=0x270: 0xAFC8FFFC: sw $t0,-4($fp): $t0=23,$fp=0x3FFFFCC -> memory[0xBFFFFC8]=23=$t0
selfie.m: $pc=0x274: 0x1000FFDD: beq $zero,$zero,-35[0x1EC]: $zero=0,$zero=0 -> $pc=0x1EC
selfie.m: $pc=0x1EC: 0x8FC8FFFC: lw $t0,-4($fp): $t0=23,$fp=0x3FFFFCC -> $t0=23=memory[0xBFFFFC8]
selfie.m: $pc=0x1F0: 0x2409001F: addiu $t1,$zero,31: $t1=1,$zero=0 -> $t1=31
selfie.m: $pc=0x1F4: 0x0109402A: slt $t0,$t0,$t1: $t0=23,$t1=31 -> $t0=1
selfie.m: $pc=0x1F8: 0x10080020: beq $zero,$t0,32[0x27C]: $zero=0,$t0=1 -> $pc=0x1FC
selfie.m: $pc=0x1FC: 0x00000000: nop
selfie.m: $pc=0x200: 0x8F88FF98: lw $t0,-104($gp): $t0=1,$gp=0x1F264 -> $t0=131072=memory[0x401F1FC]
selfie.m: $pc=0x204: 0x8FC9FFFC: lw $t1,-4($fp): $t1=31,$fp=0x3FFFFCC -> $t1=23=memory[0xBFFFFC8]
selfie.m: $pc=0x208: 0x240A0004: addiu $t2,$zero,4: $t2=2,$zero=0 -> $t2=4
selfie.m: $pc=0x20C: 0x012A0019: multu $t1,$t2: $t1=23,$t2=4,$lo=4194304 -> $lo=92
selfie.m: $pc=0x210: 0x00004812: mflo $t1: $t1=23,$lo=92 -> $t1=92
selfie.m: $pc=0x214: 0x00000000: nop
selfie.m: $pc=0x218: 0x00000000: nop
selfie.m: $pc=0x21C: 0x01094021: addu $t0,$t0,$t1: $t0=131072,$t0=131072,$t1=92 -> $t0=131164
selfie.m: $pc=0x220: 0x8F89FF98: lw $t1,-104($gp): $t1=92,$gp=0x1F264 -> $t1=131072=memory[0x401F1FC]
selfie.m: $pc=0x224: 0x8FCAFFFC: lw $t2,-4($fp): $t2=4,$fp=0x3FFFFCC -> $t2=23=memory[0xBFFFFC8]
selfie.m: $pc=0x228: 0x240B0001: addiu $t3,$zero,1: $t3=4,$zero=0 -> $t3=1
selfie.m: $pc=0x22C: 0x014B5023: subu $t2,$t2,$t3: $t2=23,$t2=23,$t3=1 -> $t2=22
selfie.m: $pc=0x230: 0x240B0004: addiu $t3,$zero,4: $t3=1,$zero=0 -> $t3=4
selfie.m: $pc=0x234: 0x014B0019: multu $t2,$t3: $t2=22,$t3=4,$lo=92 -> $lo=88
selfie.m: $pc=0x238: 0x00005012: mflo $t2: $t2=22,$lo=88 -> $t2=88
selfie.m: $pc=0x23C: 0x00000000: nop
selfie.m: $pc=0x240: 0x00000000: nop
selfie.m: $pc=0x244: 0x012A4821: addu $t1,$t1,$t2: $t1=131072,$t1=131072,$t2=88 -> $t1=131160
selfie.m: $pc=0x248: 0x8D290000: lw $t1,0($t1): $t1=131160,$t1=0x20058 -> $t1=4194304=memory[0xC020058]
selfie.m: $pc=0x24C: 0x240A0002: addiu $t2,$zero,2: $t2=88,$zero=0 -> $t2=2
selfie.m: $pc=0x250: 0x012A0019: multu $t1,$t2: $t1=4194304,$t2=2,$lo=88 -> $lo=8388608
selfie.m: $pc=0x254: 0x00004812: mflo $t1: $t1=4194304,$lo=8388608 -> $t1=8388608
selfie.m: $pc=0x258: 0x00000000: nop
selfie.m: $pc=0x25C: 0x00000000: nop
selfie.m: $pc=0x260: 0xAD090000: sw $t1,0($t0): $t1=8388608,$t0=0x2005C -> memory[0xC02005C]=8388608=$t1
selfie.m: $pc=0x264: 0x8FC8FFFC: lw $t0,-4($fp): $t0=131164,$fp=0x3FFFFCC -> $t0=23=memory[0xBFFFFC8]
selfie.m: $pc=0x268: 0x24090001: addiu $t1,$zero,1: $t1=8388608,$zero=0 -> $t1=1
selfie.m: $pc=0x26C: 0x01094021: addu $t0,$t0,$t1: $t0=23,$t0=23,$t1=1 -> $t0=24
selfie.m: $pc=0x270: 0xAFC8FFFC: sw $t0,-4($fp): $t0=24,$fp=0x3FFFFCC -> memory[0xBFFFFC8]=24=$t0
selfie.m: $pc=0x274: 0x1000FFDD: beq $zero,$zero,-35[0x1EC]: $zero=0,$zero=0 -> $pc=0x1EC
selfie.m: $pc=0x1EC: 0x8FC8FFFC: lw $t0,-4($fp): $t0=24,$fp=0x3FFFFCC -> $t0=24=memory[0xBFFFFC8]
selfie.m: $pc=0x1F0: 0x2409001F: addiu $t1,$zero,31: $t1=1,$zero=0 -> $t1=31
selfie.m: $pc=0x1F4: 0x0109402A: slt $t0,$t0,$t1: $t0=24,$t1=31 -> $t0=1
selfie.m: $pc=0x1F8: 0x10080020: beq $zero,$t0,32[0x27C]: $zero=0,$t0=1 -> $pc=0x1FC
selfie.m: $pc=0x1FC: 0x00000000: nop
selfie.m: $pc=0x200: 0x8F88FF98: lw $t0,-104($gp): $t0=1,$gp=0x1F264 -> $t0=131072=memory[0x401F1FC]
selfie.m: $pc=0x204: 0x8FC9FFFC: lw $t1,-4($fp): $t1=31,$fp=0x3FFFFCC -> $t1=24=memory[0xBFFFFC8]
selfie.m: $pc=0x208: 0x240A0004: addiu $t2,$zero,4: $t2=2,$zero=0 -> $t2=4
selfie.m: $pc=0x20C: 0x012A0019: multu $t1,$t2: $t1=24,$t2=4,$lo=8388608 -> $lo=96
selfie.m: $pc=0x210: 0x00004812: mflo $t1: $t1=24,$lo=96 -> $t1=96
selfie.m: $pc=0x214: 0x00000000: nop
selfie.m: $pc=0x218: 0x00000000: nop
selfie.m: $pc=0x21C: 0x01094021: addu $t0,$t0,$t1: $t0=131072,$t0=131072,$t1=96 -> $t0=131168
selfie.m: $pc=0x220: 0x8F89FF98: lw $t1,-104($gp): $t1=96,$gp=0x1F264 -> $t1=131072=memory[0x401F1FC]
selfie.m: $pc=0x224: 0x8FCAFFFC: lw $t2,-4($fp): $t2=4,$fp=0x3FFFFCC -> $t2=24=memory[0xBFFFFC8]
selfie.m: $pc=0x228: 0x240B0001: addiu $t3,$zero,1: $t3=4,$zero=0 -> $t3=1
selfie.m: $pc=0x22C: 0x014B5023: subu $t2,$t2,$t3: $t2=24,$t2=24,$t3=1 -> $t2=23
selfie.m: $pc=0x230: 0x240B0004: addiu $t3,$zero,4: $t3=1,$zero=0 -> $t3=4
selfie.m: $pc=0x234: 0x014B0019: multu $t2,$t3: $t2=23,$t3=4,$lo=96 -> $lo=92
selfie.m: $pc=0x238: 0x00005012: mflo $t2: $t2=23,$lo=92 -> $t2=92
selfie.m: $pc=0x23C: 0x00000000: nop
selfie.m: $pc=0x240: 0x00000000: nop
selfie.m: $pc=0x244: 0x012A4821: addu $t1,$t1,$t2: $t1=131072,$t1=131072,$t2=92 -> $t1=131164
selfie.m: $pc=0x248: 0x8D290000: lw $t1,0($t1): $t1=131164,$t1=0x2005C -> $t1=8388608=memory[0xC02005C]
selfie.m: $pc=0x24C: 0x240A0002: addiu $t2,$zero,2: $t2=92,$zero=0 -> $t2=2
selfie.m: $pc=0x250: 0x012A0019: multu $t1,$t2: $t1=8388608,$t2=2,$lo=92 -> $lo=16777216
selfie.m: $pc=0x254: 0x00004812: mflo $t1: $t1=8388608,$lo=16777216 -> $t1=16777216
selfie.m: $pc=0x258: 0x00000000: nop
selfie.m: $pc=0x25C: 0x00000000: nop
selfie.m: $pc=0x260: 0xAD090000: sw $t1,0($t0): $t1=16777216,$t0=0x20060 -> memory[0xC020060]=16777216=$t1
selfie.m: $pc=0x264: 0x8FC8FFFC: lw $t0,-4($fp): $t0=131168,$fp=0x3FFFFCC -> $t0=24=memory[0xBFFFFC8]
selfie.m: $pc=0x268: 0x24090001: addiu $t1,$zero,1: $t1=16777216,$zero=0 -> $t1=1
selfie.m: $pc=0x26C: 0x01094021: addu $t0,$t0,$t1: $t0=24,$t0=24,$t1=1 -> $t0=25
selfie.m: $pc=0x270: 0xAFC8FFFC: sw $t0,-4($fp): $t0=25,$fp=0x3FFFFCC -> memory[0xBFFFFC8]=25=$t0
selfie.m: $pc=0x274: 0x1000FFDD: beq $zero,$zero,-35[0x1EC]: $zero=0,$zero=0 -> $pc=0x1EC
selfie.m: $pc=0x1EC: 0x8FC8FFFC: lw $t0,-4($fp): $t0=25,$fp=0x3FFFFCC -> $t0=25=memory[0xBFFFFC8]
selfie.m: $pc=0x1F0: 0x2409001F: addiu $t1,$zero,31: $t1=1,$zero=0 -> $t1=31
selfie.m: $pc=0x1F4: 0x0109402A: slt $t0,$t0,$t1: $t0=25,$t1=31 -> $t0=1
selfie.m: $pc=0x1F8: 0x10080020: beq $zero,$t0,32[0x27C]: $zero=0,$t0=1 -> $pc=0x1FC
selfie.m: $pc=0x1FC: 0x00000000: nop
selfie.m: $pc=0x200: 0x8F88FF98: lw $t0,-104($gp): $t0=1,$gp=0x1F264 -> $t0=131072=memory[0x401F1FC]
selfie.m: $pc=0x204: 0x8FC9FFFC: lw $t1,-4($fp): $t1=31,$fp=0x3FFFFCC -> $t1=25=memory[0xBFFFFC8]
selfie.m: $pc=0x208: 0x240A0004: addiu $t2,$zero,4: $t2=2,$zero=0 -> $t2=4
selfie.m: $pc=0x20C: 0x012A0019: multu $t1,$t2: $t1=25,$t2=4,$lo=16777216 -> $lo=100
selfie.m: $pc=0x210: 0x00004812: mflo $t1: $t1=25,$lo=100 -> $t1=100
selfie.m: $pc=0x214: 0x00000000: nop
selfie.m: $pc=0x218: 0x00000000: nop
selfie.m: $pc=0x21C: 0x01094021: addu $t0,$t0,$t1: $t0=131072,$t0=131072,$t1=100 -> $t0=131172
selfie.m: $pc=0x220: 0x8F89FF98: lw $t1,-104($gp): $t1=100,$gp=0x1F264 -> $t1=131072=memory[0x401F1FC]
selfie.m: $pc=0x224: 0x8FCAFFFC: lw $t2,-4($fp): $t2=4,$fp=0x3FFFFCC -> $t2=25=memory[0xBFFFFC8]
selfie.m: $pc=0x228: 0x240B0001: addiu $t3,$zero,1: $t3=4,$zero=0 -> $t3=1
selfie.m: $pc=0x22C: 0x014B5023: subu $t2,$t2,$t3: $t2=25,$t2=25,$t3=1 -> $t2=24
selfie.m: $pc=0x230: 0x240B0004: addiu $t3,$zero,4: $t3=1,$zero=0 -> $t3=4
selfie.m: $pc=0x234: 0x014B0019: multu $t2,$t3: $t2=24,$t3=4,$lo=100 -> $lo=96
selfie.m: $pc=0x238: 0x00005012: mflo $t2: $t2=24,$lo=96 -> $t2=96
selfie.m: $pc=0x23C: 0x00000000: nop
selfie.m: $pc=0x240: 0x00000000: nop
selfie.m: $pc=0x244: 0x012A4821: addu $t1,$t1,$t2: $t1=131072,$t1=131072,$t2=96 -> $t1=131168
selfie.m: $pc=0x248: 0x8D290000: lw $t1,0($t1): $t1=131168,$t1=0x20060 -> $t1=16777216=memory[0xC020060]
selfie.m: $pc=0x24C: 0x240A0002: addiu $t2,$zero,2: $t2=96,$zero=0 -> $t2=2
selfie.m: $pc=0x250: 0x012A0019: multu $t1,$t2: $t1=16777216,$t2=2,$lo=96 -> $lo=33554432
selfie.m: $pc=0x254: 0x00004812: mflo $t1: $t1=16777216,$lo=33554432 -> $t1=33554432
selfie.m: $pc=0x258: 0x00000000: nop
selfie.m: $pc=0x25C: 0x00000000: nop
selfie.m: $pc=0x260: 0xAD090000: sw $t1,0($t0): $t1=33554432,$t0=0x20064 -> memory[0xC020064]=33554432=$t1
selfie.m: $pc=0x264: 0x8FC8FFFC: lw $t0,-4($fp): $t0=131172,$fp=0x3FFFFCC -> $t0=25=memory[0xBFFFFC8]
selfie.m: $pc=0x268: 0x24090001: addiu $t1,$zero,1: $t1=33554432,$zero=0 -> $t1=1
selfie.m: $pc=0x26C: 0x01094021: addu $t0,$t0,$t1: $t0=25,$t0=25,$t1=1 -> $t0=26
selfie.m: $pc=0x270: 0xAFC8FFFC: sw $t0,-4($fp): $t0=26,$fp=0x3FFFFCC -> memory[0xBFFFFC8]=26=$t0
selfie.m: $pc=0x274: 0x1000FFDD: beq $zero,$zero,-35[0x1EC]: $zero=0,$zero=0 -> $pc=0x1EC
selfie.m: $pc=0x1EC: 0x8FC8FFFC: lw $t0,-4($fp): $t0=26,$fp=0x3FFFFCC -> $t0=26=memory[0xBFFFFC8]
selfie.m: $pc=0x1F0: 0x2409001F: addiu $t1,$zero,31: $t1=1,$zero=0 -> $t1=31
selfie.m: $pc=0x1F4: 0x0109402A: slt $t0,$t0,$t1: $t0=26,$t1=31 -> $t0=1
selfie.m: $pc=0x1F8: 0x10080020: beq $zero,$t0,32[0x27C]: $zero=0,$t0=1 -> $pc=0x1FC
selfie.m: $pc=0x1FC: 0x00000000: nop
selfie.m: $pc=0x200: 0x8F88FF98: lw $t0,-104($gp): $t0=1,$gp=0x1F264 -> $t0=131072=memory[0x401F1FC]
selfie.m: $pc=0x204: 0x8FC9FFFC: lw $t1,-4($fp): $t1=31,$fp=0x3FFFFCC -> $t1=26=memory[0xBFFFFC8]
selfie.m: $pc=0x208: 0x240A0004: addiu $t2,$zero,4: $t2=2,$zero=0 -> $t2=4
selfie.m: $pc=0x20C: 0x012A0019: multu $t1,$t2: $t1=26,$t2=4,$lo=33554432 -> $lo=104
selfie.m: $pc=0x210: 0x00004812: mflo $t1: $t1=26,$lo=104 -> $t1=104
selfie.m: $pc=0x214: 0x00000000: nop
selfie.m: $pc=0x218: 0x00000000: nop
selfie.m: $pc=0x21C: 0x01094021: addu $t0,$t0,$t1: $t0=131072,$t0=131072,$t1=104 -> $t0=131176
selfie.m: $pc=0x220: 0x8F89FF98: lw $t1,-104($gp): $t1=104,$gp=0x1F264 -> $t1=131072=memory[0x401F1FC]
selfie.m: $pc=0x224: 0x8FCAFFFC: lw $t2,-4($fp): $t2=4,$fp=0x3FFFFCC -> $t2=26=memory[0xBFFFFC8]
selfie.m: $pc=0x228: 0x240B0001: addiu $t3,$zero,1: $t3=4,$zero=0 -> $t3=1
selfie.m: $pc=0x22C: 0x014B5023: subu $t2,$t2,$t3: $t2=26,$t2=26,$t3=1 -> $t2=25
selfie.m: $pc=0x230: 0x240B0004: addiu $t3,$zero,4: $t3=1,$zero=0 -> $t3=4
selfie.m: $pc=0x234: 0x014B0019: multu $t2,$t3: $t2=25,$t3=4,$lo=104 -> $lo=100
selfie.m: $pc=0x238: 0x00005012: mflo $t2: $t2=25,$lo=100 -> $t2=100
selfie.m: $pc=0x23C: 0x00000000: nop
selfie.m: $pc=0x240: 0x00000000: nop
selfie.m: $pc=0x244: 0x012A4821: addu $t1,$t1,$t2: $t1=131072,$t1=131072,$t2=100 -> $t1=131172
selfie.m: $pc=0x248: 0x8D290000: lw $t1,0($t1): $t1=131172,$t1=0x20064 -> $t1=33554432=memory[0xC020064]
selfie.m: $pc=0x24C: 0x240A0002: addiu $t2,$zero,2: $t2=100,$zero=0 -> $t2=2
selfie.m: $pc=0x250: 0x012A0019: multu $t1,$t2: $t1=33554432,$t2=2,$lo=100 -> $lo=67108864
selfie.m: $pc=0x254: 0x00004812: mflo $t1: $t1=33554432,$lo=67108864 -> $t1=67108864
selfie.m: $pc=0x258: 0x00000000: nop
selfie.m: $pc=0x25C: 0x00000000: nop
selfie.m: $pc=0x260: 0xAD090000: sw $t1,0($t0): $t1=67108864,$t0=0x20068 -> memory[0xC020068]=67108864=$t1
selfie.m: $pc=0x264: 0x8FC8FFFC: lw $t0,-4($fp): $t0=131176,$fp=0x3FFFFCC -> $t0=26=memory[0xBFFFFC8]
selfie.m: $pc=0x268: 0x24090001: addiu $t1,$zero,1: $t1=67108864,$zero=0 -> $t1=1
selfie.m: $pc=0x26C: 0x01094021: addu $t0,$t0,$t1: $t0=26,$t0=26,$t1=1 -> $t0=27
selfie.m: $pc=0x270: 0xAFC8FFFC: sw $t0,-4($fp): $t0=27,$fp=0x3FFFFCC -> memory[0xBFFFFC8]=27=$t0
selfie.m: $pc=0x274: 0x1000FFDD: beq $zero,$zero,-35[0x1EC]: $zero=0,$zero=0 -> $pc=0x1EC
selfie.m: $pc=0x1EC: 0x8FC8FFFC: lw $t0,-4($fp): $t0=27,$fp=0x3FFFFCC -> $t0=27=memory[0xBFFFFC8]
selfie.m: $pc=0x1F0: 0x2409001F: addiu $t1,$zero,31: $t1=1,$zero=0 -> $t1=31
selfie.m: $pc=0x1F4: 0x0109402A: slt $t0,$t0,$t1: $t0=27,$t1=31 -> $t0=1
selfie.m: $pc=0x1F8: 0x10080020: beq $zero,$t0,32[0x27C]: $zero=0,$t0=1 -> $pc=0x1FC
selfie.m: $pc=0x1FC: 0x00000000: nop
selfie.m: $pc=0x200: 0x8F88FF98: lw $t0,-104($gp): $t0=1,$gp=0x1F264 -> $t0=131072=memory[0x401F1FC]
selfie.m: $pc=0x204: 0x8FC9FFFC: lw $t1,-4($fp): $t1=31,$fp=0x3FFFFCC -> $t1=27=memory[0xBFFFFC8]
selfie.m: $pc=0x208: 0x240A0004: addiu $t2,$zero,4: $t2=2,$zero=0 -> $t2=4
selfie.m: $pc=0x20C: 0x012A0019: multu $t1,$t2: $t1=27,$t2=4,$lo=67108864 -> $lo=108
selfie.m: $pc=0x210: 0x00004812: mflo $t1: $t1=27,$lo=108 -> $t1=108
selfie.m: $pc=0x214: 0x00000000: nop
selfie.m: $pc=0x218: 0x00000000: nop
selfie.m: $pc=0x21C: 0x01094021: addu $t0,$t0,$t1: $t0=131072,$t0=131072,$t1=108 -> $t0=131180
selfie.m: $pc=0x220: 0x8F89FF98: lw $t1,-104($gp): $t1=108,$gp=0x1F264 -> $t1=131072=memory[0x401F1FC]
selfie.m: $pc=0x224: 0x8FCAFFFC: lw $t2,-4($fp): $t2=4,$fp=0x3FFFFCC -> $t2=27=memory[0xBFFFFC8]
selfie.m: $pc=0x228: 0x240B0001: addiu $t3,$zero,1: $t3=4,$zero=0 -> $t3=1
selfie.m: $pc=0x22C: 0x014B5023: subu $t2,$t2,$t3: $t2=27,$t2=27,$t3=1 -> $t2=26
selfie.m: $pc=0x230: 0x240B0004: addiu $t3,$zero,4: $t3=1,$zero=0 -> $t3=4
selfie.m: $pc=0x234: 0x014B0019: multu $t2,$t3: $t2=26,$t3=4,$lo=108 -> $lo=104
selfie.m: $pc=0x238: 0x00005012: mflo $t2: $t2=26,$lo=104 -> $t2=104
selfie.m: $pc=0x23C: 0x00000000: nop
selfie.m: $pc=0x240: 0x00000000: nop
selfie.m: $pc=0x244: 0x012A4821: addu $t1,$t1,$t2: $t1=131072,$t1=131072,$t2=104 -> $t1=131176
selfie.m: $pc=0x248: 0x8D290000: lw $t1,0($t1): $t1=131176,$t1=0x20068 -> $t1=67108864=memory[0xC020068]
selfie.m: $pc=0x24C: 0x240A0002: addiu $t2,$zero,2: $t2=104,$zero=0 -> $t2=2
selfie.m: $pc=0x250: 0x012A0019: multu $t1,$t2: $t1=67108864,$t2=2,$lo=104 -> $lo=134217728
selfie.m: $pc=0x254: 0x00004812: mflo $t1: $t1=67108864,$lo=134217728 -> $t1=134217728
selfie.m: $pc=0x258: 0x00000000: nop
selfie.m: $pc=0x25C: 0x00000000: nop
selfie.m: $pc=0x260: 0xAD090000: sw $t1,0($t0): $t1=134217728,$t0=0x2006C -> memory[0xC02006C]=134217728=$t1
selfie.m: $pc=0x264: 0x8FC8FFFC: lw $t0,-4($fp): $t0=131180,$fp=0x3FFFFCC -> $t0=27=memory[0xBFFFFC8]
selfie.m: $pc=0x268: 0x24090001: addiu $t1,$zero,1: $t1=134217728,$zero=0 -> $t1=1
selfie.m: $pc=0x26C: 0x01094021: addu $t0,$t0,$t1: $t0=27,$t0=27,$t1=1 -> $t0=28
selfie.m: $pc=0x270: 0xAFC8FFFC: sw $t0,-4($fp): $t0=28,$fp=0x3FFFFCC -> memory[0xBFFFFC8]=28=$t0
selfie.m: $pc=0x274: 0x1000FFDD: beq $zero,$zero,-35[0x1EC]: $zero=0,$zero=0 -> $pc=0x1EC
selfie.m: $pc=0x1EC: 0x8FC8FFFC: lw $t0,-4($fp): $t0=28,$fp=0x3FFFFCC -> $t0=28=memory[0xBFFFFC8]
selfie.m: $pc=0x1F0: 0x2409001F: addiu $t1,$zero,31: $t1=1,$zero=0 -> $t1=31
selfie.m: $pc=0x1F4: 0x0109402A: slt $t0,$t0,$t1: $t0=28,$t1=31 -> $t0=1
selfie.m: $pc=0x1F8: 0x10080020: beq $zero,$t0,32[0x27C]: $zero=0,$t0=1 -> $pc=0x1FC
selfie.m: $pc=0x1FC: 0x00000000: nop
selfie.m: $pc=0x200: 0x8F88FF98: lw $t0,-104($gp): $t0=1,$gp=0x1F264 -> $t0=131072=memory[0x401F1FC]
selfie.m: $pc=0x204: 0x8FC9FFFC: lw $t1,-4($fp): $t1=31,$fp=0x3FFFFCC -> $t1=28=memory[0xBFFFFC8]
selfie.m: $pc=0x208: 0x240A0004: addiu $t2,$zero,4: $t2=2,$zero=0 -> $t2=4
selfie.m: $pc=0x20C: 0x012A0019: multu $t1,$t2: $t1=28,$t2=4,$lo=134217728 -> $lo=112
selfie.m: $pc=0x210: 0x00004812: mflo $t1: $t1=28,$lo=112 -> $t1=112
selfie.m: $pc=0x214: 0x00000000: nop
selfie.m: $pc=0x218: 0x00000000: nop
selfie.m: $pc=0x21C: 0x01094021: addu $t0,$t0,$t1: $t0=131072,$t0=131072,$t1=112 -> $t0=131184
selfie.m: $pc=0x220: 0x8F89FF98: lw $t1,-104($gp): $t1=112,$gp=0x1F264 -> $t1=131072=memory[0x401F1FC]
selfie.m: $pc=0x224: 0x8FCAFFFC: lw $t2,-4($fp): $t2=4,$fp=0x3FFFFCC -> $t2=28=memory[0xBFFFFC8]
selfie.m: $pc=0x228: 0x240B0001: addiu $t3,$zero,1: $t3=4,$zero=0 -> $t3=1
selfie.m: $pc=0x22C: 0x014B5023: subu $t2,$t2,$t3: $t2=28,$t2=28,$t3=1 -> $t2=27
selfie.m: $pc=0x230: 0x240B0004: addiu $t3,$zero,4: $t3=1,$zero=0 -> $t3=4
selfie.m: $pc=0x234: 0x014B0019: multu $t2,$t3: $t2=27,$t3=4,$lo=112 -> $lo=108
selfie.m: $pc=0x238: 0x00005012: mflo $t2: $t2=27,$lo=108 -> $t2=108
selfie.m: $pc=0x23C: 0x00000000: nop
selfie.m: $pc=0x240: 0x00000000: nop
selfie.m: $pc=0x244: 0x012A4821: addu $t1,$t1,$t2: $t1=131072,$t1=131072,$t2=108 -> $t1=131180
selfie.m: $pc=0x248: 0x8D290000: lw $t1,0($t1): $t1=131180,$t1=0x2006C -> $t1=134217728=memory[0xC02006C]
selfie.m: $pc=0x24C: 0x240A0002: addiu $t2,$zero,2: $t2=108,$zero=0 -> $t2=2
selfie.m: $pc=0x250: 0x012A0019: multu $t1,$t2: $t1=134217728,$t2=2,$lo=108 -> $lo=268435456
selfie.m: $pc=0x254: 0x00004812: mflo $t1: $t1=134217728,$lo=268435456 -> $t1=268435456
selfie.m: $pc=0x258: 0x00000000: nop
selfie.m: $pc=0x25C: 0x00000000: nop
selfie.m: $pc=0x260: 0xAD090000: sw $t1,0($t0): $t1=268435456,$t0=0x20070 -> memory[0xC020070]=268435456=$t1
selfie.m: $pc=0x264: 0x8FC8FFFC: lw $t0,-4($fp): $t0=131184,$fp=0x3FFFFCC -> $t0=28=memory[0xBFFFFC8]
selfie.m: $pc=0x268: 0x24090001: addiu $t1,$zero,1: $t1=268435456,$zero=0 -> $t1=1
selfie.m: $pc=0x26C: 0x01094021: addu $t0,$t0,$t1: $t0=28,$t0=28,$t1=1 -> $t0=29
selfie.m: $pc=0x270: 0xAFC8FFFC: sw $t0,-4($fp): $t0=29,$fp=0x3FFFFCC -> memory[0xBFFFFC8]=29=$t0
selfie.m: $pc=0x274: 0x1000FFDD: beq $zero,$zero,-35[0x1EC]: $zero=0,$zero=0 -> $pc=0x1EC
selfie.m: $pc=0x1EC: 0x8FC8FFFC: lw $t0,-4($fp): $t0=29,$fp=0x3FFFFCC -> $t0=29=memory[0xBFFFFC8]
selfie.m: $pc=0x1F0: 0x2409001F: addiu $t1,$zero,31: $t1=1,$zero=0 -> $t1=31
selfie.m: $pc=0x1F4: 0x0109402A: slt $t0,$t0,$t1: $t0=29,$t1=31 -> $t0=1
selfie.m: $pc=0x1F8: 0x10080020: beq $zero,$t0,32[0x27C]: $zero=0,$t0=1 -> $pc=0x1FC
selfie.m: $pc=0x1FC: 0x00000000: nop
selfie.m: $pc=0x200: 0x8F88FF98: lw $t0,-104($gp): $t0=1,$gp=0x1F264 -> $t0=131072=memory[0x401F1FC]
selfie.m: $pc=0x204: 0x8FC9FFFC: lw $t1,-4($fp): $t1=31,$fp=0x3FFFFCC -> $t1=29=memory[0xBFFFFC8]
selfie.m: $pc=0x208: 0x240A0004: addiu $t2,$zero,4: $t2=2,$zero=0 -> $t2=4
selfie.m: $pc=0x20C: 0x012A0019: multu $t1,$t2: $t1=29,$t2=4,$lo=268435456 -> $lo=116
selfie.m: $pc=0x210: 0x00004812: mflo $t1: $t1=29,$lo=116 -> $t1=116
selfie.m: $pc=0x214: 0x00000000: nop
selfie.m: $pc=0x218: 0x00000000: nop
selfie.m: $pc=0x21C: 0x01094021: addu $t0,$t0,$t1: $t0=131072,$t0=131072,$t1=116 -> $t0=131188
selfie.m: $pc=0x220: 0x8F89FF98: lw $t1,-104($gp): $t1=116,$gp=0x1F264 -> $t1=131072=memory[0x401F1FC]
selfie.m: $pc=0x224: 0x8FCAFFFC: lw $t2,-4($fp): $t2=4,$fp=0x3FFFFCC -> $t2=29=memory[0xBFFFFC8]
selfie.m: $pc=0x228: 0x240B0001: addiu $t3,$zero,1: $t3=4,$zero=0 -> $t3=1
selfie.m: $pc=0x22C: 0x014B5023: subu $t2,$t2,$t3: $t2=29,$t2=29,$t3=1 -> $t2=28
selfie.m: $pc=0x230: 0x240B0004: addiu $t3,$zero,4: $t3=1,$zero=0 -> $t3=4
selfie.m: $pc=0x234: 0x014B0019: multu $t2,$t3: $t2=28,$t3=4,$lo=116 -> $lo=112
selfie.m: $pc=0x238: 0x00005012: mflo $t2: $t2=28,$lo=112 -> $t2=112
selfie.m: $pc=0x23C: 0x00000000: nop
selfie.m: $pc=0x240: 0x00000000: nop
selfie.m: $pc=0x244: 0x012A4821: addu $t1,$t1,$t2: $t1=131072,$t1=131072,$t2=112 -> $t1=131184
selfie.m: $pc=0x248: 0x8D290000: lw $t1,0($t1): $t1=131184,$t1=0x20070 -> $t1=268435456=memory[0xC020070]
selfie.m: $pc=0x24C: 0x240A0002: addiu $t2,$zero,2: $t2=112,$zero=0 -> $t2=2
selfie.m: $pc=0x250: 0x012A0019: multu $t1,$t2: $t1=268435456,$t2=2,$lo=112 -> $lo=536870912
selfie.m: $pc=0x254: 0x00004812: mflo $t1: $t1=268435456,$lo=536870912 -> $t1=536870912
selfie.m: $pc=0x258: 0x00000000: nop
selfie.m: $pc=0x25C: 0x00000000: nop
selfie.m: $pc=0x260: 0xAD090000: sw $t1,0($t0): $t1=536870912,$t0=0x20074 -> memory[0xC020074]=536870912=$t1
selfie.m: $pc=0x264: 0x8FC8FFFC: lw $t0,-4($fp): $t0=131188,$fp=0x3FFFFCC -> $t0=29=memory[0xBFFFFC8]
selfie.m: $pc=0x268: 0x24090001: addiu $t1,$zero,1: $t1=536870912,$zero=0 -> $t1=1
selfie.m: $pc=0x26C: 0x01094021: addu $t0,$t0,$t1: $t0=29,$t0=29,$t1=1 -> $t0=30
selfie.m: $pc=0x270: 0xAFC8FFFC: sw $t0,-4($fp): $t0=30,$fp=0x3FFFFCC -> memory[0xBFFFFC8]=30=$t0
selfie.m: $pc=0x274: 0x1000FFDD: beq $zero,$zero,-35[0x1EC]: $zero=0,$zero=0 -> $pc=0x1EC
selfie.m: $pc=0x1EC: 0x8FC8FFFC: lw $t0,-4($fp): $t0=30,$fp=0x3FFFFCC -> $t0=30=memory[0xBFFFFC8]
selfie.m: $pc=0x1F0: 0x2409001F: addiu $t1,$zero,31: $t1=1,$zero=0 -> $t1=31
selfie.m: $pc=0x1F4: 0x0109402A: slt $t0,$t0,$t1: $t0=30,$t1=31 -> $t0=1
selfie.m: $pc=0x1F8: 0x10080020: beq $zero,$t0,32[0x27C]: $zero=0,$t0=1 -> $pc=0x1FC
selfie.m: $pc=0x1FC: 0x00000000: nop
selfie.m: $pc=0x200: 0x8F88FF98: lw $t0,-104($gp): $t0=1,$gp=0x1F264 -> $t0=131072=memory[0x401F1FC]
selfie.m: $pc=0x204: 0x8FC9FFFC: lw $t1,-4($fp): $t1=31,$fp=0x3FFFFCC -> $t1=30=memory[0xBFFFFC8]
selfie.m: $pc=0x208: 0x240A0004: addiu $t2,$zero,4: $t2=2,$zero=0 -> $t2=4
selfie.m: $pc=0x20C: 0x012A0019: multu $t1,$t2: $t1=30,$t2=4,$lo=536870912 -> $lo=120
selfie.m: $pc=0x210: 0x00004812: mflo $t1: $t1=30,$lo=120 -> $t1=120
selfie.m: $pc=0x214: 0x00000000: nop
selfie.m: $pc=0x218: 0x00000000: nop
selfie.m: $pc=0x21C: 0x01094021: addu $t0,$t0,$t1: $t0=131072,$t0=131072,$t1=120 -> $t0=131192
selfie.m: $pc=0x220: 0x8F89FF98: lw $t1,-104($gp): $t1=120,$gp=0x1F264 -> $t1=131072=memory[0x401F1FC]
selfie.m: $pc=0x224: 0x8FCAFFFC: lw $t2,-4($fp): $t2=4,$fp=0x3FFFFCC -> $t2=30=memory[0xBFFFFC8]
selfie.m: $pc=0x228: 0x240B0001: addiu $t3,$zero,1: $t3=4,$zero=0 -> $t3=1
selfie.m: $pc=0x22C: 0x014B5023: subu $t2,$t2,$t3: $t2=30,$t2=30,$t3=1 -> $t2=29
selfie.m: $pc=0x230: 0x240B0004: addiu $t3,$zero,4: $t3=1,$zero=0 -> $t3=4
selfie.m: $pc=0x234: 0x014B0019: multu $t2,$t3: $t2=29,$t3=4,$lo=120 -> $lo=116
selfie.m: $pc=0x238: 0x00005012: mflo $t2: $t2=29,$lo=116 -> $t2=116
selfie.m: $pc=0x23C: 0x00000000: nop
selfie.m: $pc=0x240: 0x00000000: nop
selfie.m: $pc=0x244: 0x012A4821: addu $t1,$t1,$t2: $t1=131072,$t1=131072,$t2=116 -> $t1=131188
selfie.m: $pc=0x248: 0x8D290000: lw $t1,0($t1): $t1=131188,$t1=0x20074 -> $t1=536870912=memory[0xC020074]
selfie.m: $pc=0x24C: 0x240A0002: addiu $t2,$zero,2: $t2=116,$zero=0 -> $t2=2
selfie.m: $pc=0x250: 0x012A0019: multu $t1,$t2: $t1=536870912,$t2=2,$lo=116 -> $lo=1073741824
selfie.m: $pc=0x254: 0x00004812: mflo $t1: $t1=536870912,$lo=1073741824 -> $t1=1073741824
selfie.m: $pc=0x258: 0x00000000: nop
selfie.m: $pc=0x25C: 0x00000000: nop
selfie.m: $pc=0x260: 0xAD090000: sw $t1,0($t0): $t1=1073741824,$t0=0x20078 -> memory[0xC020078]=1073741824=$t1
selfie.m: $pc=0x264: 0x8FC8FFFC: lw $t0,-4($fp): $t0=131192,$fp=0x3FFFFCC -> $t0=30=memory[0xBFFFFC8]
selfie.m: $pc=0x268: 0x24090001: addiu $t1,$zero,1: $t1=1073741824,$zero=0 -> $t1=1
selfie.m: $pc=0x26C: 0x01094021: addu $t0,$t0,$t1: $t0=30,$t0=30,$t1=1 -> $t0=31
selfie.m: $pc=0x270: 0xAFC8FFFC: sw $t0,-4($fp): $t0=31,$fp=0x3FFFFCC -> memory[0xBFFFFC8]=31=$t0
selfie.m: $pc=0x274: 0x1000FFDD: beq $zero,$zero,-35[0x1EC]: $zero=0,$zero=0 -> $pc=0x1EC
selfie.m: $pc=0x1EC: 0x8FC8FFFC: lw $t0,-4($fp): $t0=31,$fp=0x3FFFFCC -> $t0=31=memory[0xBFFFFC8]
selfie.m: $pc=0x1F0: 0x2409001F: addiu $t1,$zero,31: $t1=1,$zero=0 -> $t1=31
selfie.m: $pc=0x1F4: 0x0109402A: slt $t0,$t0,$t1: $t0=31,$t1=31 -> $t0=0
selfie.m: $pc=0x1F8: 0x10080020: beq $zero,$t0,32[0x27C]: $zero=0,$t0=0 -> $pc=0x27C
selfie.m: $pc=0x27C: 0x2408001E: addiu $t0,$zero,30: $t0=0,$zero=0 -> $t0=30
selfie.m: $pc=0x280: 0x27BDFFFC: addiu $sp,$sp,-4: $sp=67108808,$sp=67108808 -> $sp=67108804
selfie.m: $pc=0x284: 0xAFA80000: sw $t0,0($sp): $t0=30,$sp=0x3FFFFC4 -> memory[0xBFFFFC4]=30=$t0
selfie.m: $pc=0x288: 0x0C0008F6: jal 0x8F6[0x23D8]: $ra=0x1CC -> $ra=0x290,$pc=0x23D8
selfie.m: $pc=0x23D8: 0x27BDFFFC: addiu $sp,$sp,-4: $sp=67108804,$sp=67108804 -> $sp=67108800
selfie.m: $pc=0x23DC: 0xAFBF0000: sw $ra,0($sp): $ra=656,$sp=0x3FFFFC0 -> memory[0xBFFFFC0]=656=$ra
selfie.m: $pc=0x23E0: 0x27BDFFFC: addiu $sp,$sp,-4: $sp=67108800,$sp=67108800 -> $sp=67108796
selfie.m: $pc=0x23E4: 0xAFBE0000: sw $fp,0($sp): $fp=67108812,$sp=0x3FFFFBC -> memory[0xBFFFFBC]=67108812=$fp
selfie.m: $pc=0x23E8: 0x27BE0000: addiu $fp,$sp,0: $fp=67108812,$sp=67108796 -> $fp=67108796
selfie.m: $pc=0x23EC: 0x8F88FF98: lw $t0,-104($gp): $t0=30,$gp=0x1F264 -> $t0=131072=memory[0x401F1FC]
selfie.m: $pc=0x23F0: 0x8FC90008: lw $t1,8($fp): $t1=31,$fp=0x3FFFFBC -> $t1=30=memory[0xBFFFFC4]
selfie.m: $pc=0x23F4: 0x240A0004: addiu $t2,$zero,4: $t2=2,$zero=0 -> $t2=4
selfie.m: $pc=0x23F8: 0x012A0019: multu $t1,$t2: $t1=30,$t2=4,$lo=1073741824 -> $lo=120
selfie.m: $pc=0x23FC: 0x00004812: mflo $t1: $t1=30,$lo=120 -> $t1=120
selfie.m: $pc=0x2400: 0x00000000: nop
selfie.m: $pc=0x2404: 0x00000000: nop
selfie.m: $pc=0x2408: 0x01094021: addu $t0,$t0,$t1: $t0=131072,$t0=131072,$t1=120 -> $t0=131192
selfie.m: $pc=0x240C: 0x8D080000: lw $t0,0($t0): $t0=131192,$t0=0x20078 -> $t0=1073741824=memory[0xC020078]
selfie.m: $pc=0x2410: 0x00081021: addu $v0,$zero,$t0: $v0=0,$zero=0,$t0=1073741824 -> $v0=1073741824
selfie.m: $pc=0x2414: 0x08000907: j 0x907[0x241C]: -> $pc=0x241C
selfie.m: $pc=0x241C: 0x27DD0000: addiu $sp,$fp,0: $sp=67108796,$fp=67108796 -> $sp=67108796
selfie.m: $pc=0x2420: 0x8FBE0000: lw $fp,0($sp): $fp=67108796,$sp=0x3FFFFBC -> $fp=67108812=memory[0xBFFFFBC]
selfie.m: $pc=0x2424: 0x27BD0004: addiu $sp,$sp,4: $sp=67108796,$sp=67108796 -> $sp=67108800
selfie.m: $pc=0x2428: 0x8FBF0000: lw $ra,0($sp): $ra=656,$sp=0x3FFFFC0 -> $ra=656=memory[0xBFFFFC0]
selfie.m: $pc=0x242C: 0x27BD0008: addiu $sp,$sp,8: $sp=67108800,$sp=67108800 -> $sp=67108808
selfie.m: $pc=0x2430: 0x03E00008: jr $ra: $ra=0x290 -> $pc=0x290
selfie.m: $pc=0x290: 0x24480000: addiu $t0,$v0,0: $t0=1073741824,$v0=1073741824 -> $t0=1073741824
selfie.m: $pc=0x294: 0x24020000: addiu $v0,$zero,0: $v0=1073741824,$zero=0 -> $v0=0
selfie.m: $pc=0x298: 0x24090001: addiu $t1,$zero,1: $t1=120,$zero=0 -> $t1=1
selfie.m: $pc=0x29C: 0x01094023: subu $t0,$t0,$t1: $t0=1073741824,$t0=1073741824,$t1=1 -> $t0=1073741823
selfie.m: $pc=0x2A0: 0x24090002: addiu $t1,$zero,2: $t1=1,$zero=0 -> $t1=2
selfie.m: $pc=0x2A4: 0x01090019: multu $t0,$t1: $t0=1073741823,$t1=2,$lo=120 -> $lo=2147483646
selfie.m: $pc=0x2A8: 0x00004012: mflo $t0: $t0=1073741823,$lo=2147483646 -> $t0=2147483646
selfie.m: $pc=0x2AC: 0x00000000: nop
selfie.m: $pc=0x2B0: 0x00000000: nop
selfie.m: $pc=0x2B4: 0x24090001: addiu $t1,$zero,1: $t1=2,$zero=0 -> $t1=1
selfie.m: $pc=0x2B8: 0x01094021: addu $t0,$t0,$t1: $t0=2147483646,$t0=2147483646,$t1=1 -> $t0=2147483647
selfie.m: $pc=0x2BC: 0xAF88FF94: sw $t0,-108($gp): $t0=2147483647,$gp=0x1F264 -> memory[0x401F1F8]=2147483647=$t0
selfie.m: $pc=0x2C0: 0x8F88FF94: lw $t0,-108($gp): $t0=2147483647,$gp=0x1F264 -> $t0=2147483647=memory[0x401F1F8]
selfie.m: $pc=0x2C4: 0x00084023: subu $t0,$zero,$t0: $t0=2147483647,$zero=0,$t0=2147483647 -> $t0=-2147483647
selfie.m: $pc=0x2C8: 0x24090001: addiu $t1,$zero,1: $t1=1,$zero=0 -> $t1=1
selfie.m: $pc=0x2CC: 0x01094023: subu $t0,$t0,$t1: $t0=-2147483647,$t0=-2147483647,$t1=1 -> $t0=-2147483648
selfie.m: $pc=0x2D0: 0xAF88FF90: sw $t0,-112($gp): $t0=-2147483648,$gp=0x1F264 -> memory[0x401F1F4]=-2147483648=$t0
selfie.m: $pc=0x2D4: 0x2408000F: addiu $t0,$zero,15: $t0=-2147483648,$zero=0 -> $t0=15
selfie.m: $pc=0x2D8: 0x27BDFFFC: addiu $sp,$sp,-4: $sp=67108808,$sp=67108808 -> $sp=67108804
selfie.m: $pc=0x2DC: 0xAFA80000: sw $t0,0($sp): $t0=15,$sp=0x3FFFFC4 -> memory[0xBFFFFC4]=15=$t0
selfie.m: $pc=0x2E0: 0x0C0008F6: jal 0x8F6[0x23D8]: $ra=0x290 -> $ra=0x2E8,$pc=0x23D8
selfie.m: $pc=0x23D8: 0x27BDFFFC: addiu $sp,$sp,-4: $sp=67108804,$sp=67108804 -> $sp=67108800
selfie.m: $pc=0x23DC: 0xAFBF0000: sw $ra,0($sp): $ra=744,$sp=0x3FFFFC0 -> memory[0xBFFFFC0]=744=$ra
selfie.m: $pc=0x23E0: 0x27BDFFFC: addiu $sp,$sp,-4: $sp=67108800,$sp=67108800 -> $sp=67108796
selfie.m: $pc=0x23E4: 0xAFBE0000: sw $fp,0($sp): $fp=67108812,$sp=0x3FFFFBC -> memory[0xBFFFFBC]=67108812=$fp
selfie.m: $pc=0x23E8: 0x27BE0000: addiu $fp,$sp,0: $fp=67108812,$sp=67108796 -> $fp=67108796
selfie.m: $pc=0x23EC: 0x8F88FF98: lw $t0,-104($gp): $t0=15,$gp=0x1F264 -> $t0=131072=memory[0x401F1FC]
selfie.m: $pc=0x23F0: 0x8FC90008: lw $t1,8($fp): $t1=1,$fp=0x3FFFFBC -> $t1=15=memory[0xBFFFFC4]
selfie.m: $pc=0x23F4: 0x240A0004: addiu $t2,$zero,4: $t2=4,$zero=0 -> $t2=4
selfie.m: $pc=0x23F8: 0x012A0019: multu $t1,$t2: $t1=15,$t2=4,$lo=2147483646 -> $lo=60
selfie.m: $pc=0x23FC: 0x00004812: mflo $t1: $t1=15,$lo=60 -> $t1=60
selfie.m: $pc=0x2400: 0x00000000: nop
selfie.m: $pc=0x2404: 0x00000000: nop
selfie.m: $pc=0x2408: 0x01094021: addu $t0,$t0,$t1: $t0=131072,$t0=131072,$t1=60 -> $t0=131132
selfie.m: $pc=0x240C: 0x8D080000: lw $t0,0($t0): $t0=131132,$t0=0x2003C -> $t0=32768=memory[0xC02003C]
selfie.m: $pc=0x2410: 0x00081021: addu $v0,$zero,$t0: $v0=0,$zero=0,$t0=32768 -> $v0=32768
selfie.m: $pc=0x2414: 0x08000907: j 0x907[0x241C]: -> $pc=0x241C
selfie.m: $pc=0x241C: 0x27DD0000: addiu $sp,$fp,0: $sp=67108796,$fp=67108796 -> $sp=67108796
selfie.m: $pc=0x2420: 0x8FBE0000: lw $fp,0($sp): $fp=67108796,$sp=0x3FFFFBC -> $fp=67108812=memory[0xBFFFFBC]
selfie.m: $pc=0x2424: 0x27BD0004: addiu $sp,$sp,4: $sp=67108796,$sp=67108796 -> $sp=67108800
selfie.m: $pc=0x2428: 0x8FBF0000: lw $ra,0($sp): $ra=744,$sp=0x3FFFFC0 -> $ra=744=memory[0xBFFFFC0]
selfie.m: $pc=0x242C: 0x27BD0008: addiu $sp,$sp,8: $sp=67108800,$sp=67108800 -> $sp=67108808
selfie.m: $pc=0x2430: 0x03E00008: jr $ra: $ra=0x2E8 -> $pc=0x2E8
selfie.m: $pc=0x2E8: 0x24480000: addiu $t0,$v0,0: $t0=32768,$v0=32768 -> $t0=32768
selfie.m: $pc=0x2EC: 0x24020000: addiu $v0,$zero,0: $v0=32768,$zero=0 -> $v0=0
selfie.m: $pc=0x2F0: 0x24090001: addiu $t1,$zero,1: $t1=60,$zero=0 -> $t1=1
selfie.m: $pc=0x2F4: 0x01094023: subu $t0,$t0,$t1: $t0=32768,$t0=32768,$t1=1 -> $t0=32767
selfie.m: $pc=0x2F8: 0xAF88FF8C: sw $t0,-116($gp): $t0=32767,$gp=0x1F264 -> memory[0x401F1F0]=32767=$t0
selfie.m: $pc=0x2FC: 0x8F88FF8C: lw $t0,-116($gp): $t0=32767,$gp=0x1F264 -> $t0=32767=memory[0x401F1F0]
selfie.m: $pc=0x300: 0x00084023: subu $t0,$zero,$t0: $t0=32767,$zero=0,$t0=32767 -> $t0=-32767
selfie.m: $pc=0x304: 0x24090001: addiu $t1,$zero,1: $t1=1,$zero=0 -> $t1=1
selfie.m: $pc=0x308: 0x01094023: subu $t0,$t0,$t1: $t0=-32767,$t0=-32767,$t1=1 -> $t0=-32768
selfie.m: $pc=0x30C: 0xAF88FF88: sw $t0,-120($gp): $t0=-32768,$gp=0x1F264 -> memory[0x401F1EC]=-32768=$t0
selfie.m: $pc=0x310: 0x24080001: addiu $t0,$zero,1: $t0=-32768,$zero=0 -> $t0=1
selfie.m: $pc=0x314: 0x27BDFFFC: addiu $sp,$sp,-4: $sp=67108808,$sp=67108808 -> $sp=67108804
selfie.m: $pc=0x318: 0xAFA80000: sw $t0,0($sp): $t0=1,$sp=0x3FFFFC4 -> memory[0xBFFFFC4]=1=$t0
selfie.m: $pc=0x31C: 0x0C000036: jal 0x36[0xD8]: $ra=0x2E8 -> $ra=0x324,$pc=0xD8
selfie.m: $pc=0xD8: 0x8FA40000: lw $a0,0($sp): $a0=124,$sp=0x3FFFFC4 -> $a0=1=memory[0xBFFFFC4]
selfie.m: $pc=0xDC: 0x27BD0004: addiu $sp,$sp,4: $sp=67108804,$sp=67108804 -> $sp=67108808
selfie.m: $pc=0xE0: 0x24020FCD: addiu $v0,$zero,4045: $v0=0,$zero=0 -> $v0=4045
selfie.m: $pc=0xE4: 0x0000000C: syscall
BREAK:  131200
bump:  131196
size:  4
selfie.m: $pc=0xE8: 0x03E00008: jr $ra: $ra=0x324 -> $pc=0x324
selfie.m: $pc=0x324: 0x24480000: addiu $t0,$v0,0: $t0=1,$v0=131196 -> $t0=131196
selfie.m: $pc=0x328: 0x24020000: addiu $v0,$zero,0: $v0=131196,$zero=0 -> $v0=0
selfie.m: $pc=0x32C: 0xAF88FF80: sw $t0,-128($gp): $t0=131196,$gp=0x1F264 -> memory[0x401F1E4]=131196=$t0
selfie.m: $pc=0x330: 0x8F88FF80: lw $t0,-128($gp): $t0=131196,$gp=0x1F264 -> $t0=131196=memory[0x401F1E4]
selfie.m: $pc=0x334: 0x24090000: addiu $t1,$zero,0: $t1=1,$zero=0 -> $t1=0
selfie.m: $pc=0x338: 0xAD090000: sw $t1,0($t0): $t1=0,$t0=0x2007C -> memory[0xC02007C]=0=$t1
selfie.m: $pc=0x33C: 0x24080021: addiu $t0,$zero,33: $t0=131196,$zero=0 -> $t0=33
selfie.m: $pc=0x340: 0x27BDFFFC: addiu $sp,$sp,-4: $sp=67108808,$sp=67108808 -> $sp=67108804
selfie.m: $pc=0x344: 0xAFA80000: sw $t0,0($sp): $t0=33,$sp=0x3FFFFC4 -> memory[0xBFFFFC4]=33=$t0
selfie.m: $pc=0x348: 0x0C000036: jal 0x36[0xD8]: $ra=0x324 -> $ra=0x350,$pc=0xD8
selfie.m: $pc=0xD8: 0x8FA40000: lw $a0,0($sp): $a0=1,$sp=0x3FFFFC4 -> $a0=33=memory[0xBFFFFC4]
selfie.m: $pc=0xDC: 0x27BD0004: addiu $sp,$sp,4: $sp=67108804,$sp=67108804 -> $sp=67108808
selfie.m: $pc=0xE0: 0x24020FCD: addiu $v0,$zero,4045: $v0=0,$zero=0 -> $v0=4045
selfie.m: $pc=0xE4: 0x0000000C: syscall
BREAK:  131236
bump:  131200
size:  36
selfie.m: $pc=0xE8: 0x03E00008: jr $ra: $ra=0x350 -> $pc=0x350
selfie.m: $pc=0x350: 0x24480000: addiu $t0,$v0,0: $t0=33,$v0=131200 -> $t0=131200
selfie.m: $pc=0x354: 0x24020000: addiu $v0,$zero,0: $v0=131200,$zero=0 -> $v0=0
selfie.m: $pc=0x358: 0xAF88FF7C: sw $t0,-132($gp): $t0=131200,$gp=0x1F264 -> memory[0x401F1E0]=131200=$t0
selfie.m: $pc=0x35C: 0x8F88FF84: lw $t0,-124($gp): $t0=131200,$gp=0x1F264 -> $t0=128=memory[0x401F1E8]
selfie.m: $pc=0x360: 0x27BDFFFC: addiu $sp,$sp,-4: $sp=67108808,$sp=67108808 -> $sp=67108804
selfie.m: $pc=0x364: 0xAFA80000: sw $t0,0($sp): $t0=128,$sp=0x3FFFFC4 -> memory[0xBFFFFC4]=128=$t0
selfie.m: $pc=0x368: 0x0C000036: jal 0x36[0xD8]: $ra=0x350 -> $ra=0x370,$pc=0xD8
selfie.m: $pc=0xD8: 0x8FA40000: lw $a0,0($sp): $a0=33,$sp=0x3FFFFC4 -> $a0=128=memory[0xBFFFFC4]
selfie.m: $pc=0xDC: 0x27BD0004: addiu $sp,$sp,4: $sp=67108804,$sp=67108804 -> $sp=67108808
selfie.m: $pc=0xE0: 0x24020FCD: addiu $v0,$zero,4045: $v0=0,$zero=0 -> $v0=4045
selfie.m: $pc=0xE4: 0x0000000C: syscall
BREAK:  131364
bump:  131236
size:  128
selfie.m: $pc=0xE8: 0x03E00008: jr $ra: $ra=0x370 -> $pc=0x370
selfie.m: $pc=0x370: 0x24480000: addiu $t0,$v0,0: $t0=128,$v0=131236 -> $t0=131236
selfie.m: $pc=0x374: 0x24020000: addiu $v0,$zero,0: $v0=131236,$zero=0 -> $v0=0
selfie.m: $pc=0x378: 0xAF88FF78: sw $t0,-136($gp): $t0=131236,$gp=0x1F264 -> memory[0x401F1DC]=131236=$t0
selfie.m: $pc=0x37C: 0x8F88FFA0: lw $t0,-96($gp): $t0=131236,$gp=0x1F264 -> $t0=4=memory[0x401F204]
selfie.m: $pc=0x380: 0x27BDFFFC: addiu $sp,$sp,-4: $sp=67108808,$sp=67108808 -> $sp=67108804
selfie.m: $pc=0x384: 0xAFA80000: sw $t0,0($sp): $t0=4,$sp=0x3FFFFC4 -> memory[0xBFFFFC4]=4=$t0
selfie.m: $pc=0x388: 0x0C000036: jal 0x36[0xD8]: $ra=0x370 -> $ra=0x390,$pc=0xD8
selfie.m: $pc=0xD8: 0x8FA40000: lw $a0,0($sp): $a0=128,$sp=0x3FFFFC4 -> $a0=4=memory[0xBFFFFC4]
selfie.m: $pc=0xDC: 0x27BD0004: addiu $sp,$sp,4: $sp=67108804,$sp=67108804 -> $sp=67108808
selfie.m: $pc=0xE0: 0x24020FCD: addiu $v0,$zero,4045: $v0=0,$zero=0 -> $v0=4045
selfie.m: $pc=0xE4: 0x0000000C: syscall
BREAK:  131368
bump:  131364
size:  4
selfie.m: $pc=0xE8: 0x03E00008: jr $ra: $ra=0x390 -> $pc=0x390
selfie.m: $pc=0x390: 0x24480000: addiu $t0,$v0,0: $t0=4,$v0=131364 -> $t0=131364
selfie.m: $pc=0x394: 0x24020000: addiu $v0,$zero,0: $v0=131364,$zero=0 -> $v0=0
selfie.m: $pc=0x398: 0xAF88FF74: sw $t0,-140($gp): $t0=131364,$gp=0x1F264 -> memory[0x401F1D8]=131364=$t0
selfie.m: $pc=0x39C: 0x8F88FF74: lw $t0,-140($gp): $t0=131364,$gp=0x1F264 -> $t0=131364=memory[0x401F1D8]
selfie.m: $pc=0x3A0: 0x24090000: addiu $t1,$zero,0: $t1=0,$zero=0 -> $t1=0
selfie.m: $pc=0x3A4: 0xAD090000: sw $t1,0($t0): $t1=0,$t0=0x20124 -> memory[0xC020124]=0=$t1
selfie.m: $pc=0x3A8: 0x27DD0000: addiu $sp,$fp,0: $sp=67108808,$fp=67108812 -> $sp=67108812
selfie.m: $pc=0x3AC: 0x8FBE0000: lw $fp,0($sp): $fp=67108812,$sp=0x3FFFFCC -> $fp=67108824=memory[0xBFFFFCC]
selfie.m: $pc=0x3B0: 0x27BD0004: addiu $sp,$sp,4: $sp=67108812,$sp=67108812 -> $sp=67108816
selfie.m: $pc=0x3B4: 0x8FBF0000: lw $ra,0($sp): $ra=912,$sp=0x3FFFFD0 -> $ra=120140=memory[0xBFFFFD0]
selfie.m: $pc=0x3B8: 0x27BD0004: addiu $sp,$sp,4: $sp=67108816,$sp=67108816 -> $sp=67108820
selfie.m: $pc=0x3BC: 0x03E00008: jr $ra: $ra=0x1D54C -> $pc=0x1D54C
selfie.m: $pc=0x1D54C: 0x24020000: addiu $v0,$zero,0: $v0=0,$zero=0 -> $v0=0
selfie.m: $pc=0x1D550: 0x2788E4CC: addiu $t0,$gp,-6964: $t0=131364,$gp=127588 -> $t0=120624
selfie.m: $pc=0x1D554: 0x27BDFFFC: addiu $sp,$sp,-4: $sp=67108820,$sp=67108820 -> $sp=67108816
selfie.m: $pc=0x1D558: 0xAFA80000: sw $t0,0($sp): $t0=120624,$sp=0x3FFFFD0 -> memory[0xBFFFFD0]=120624=$t0
selfie.m: $pc=0x1D55C: 0x0C000F56: jal 0xF56[0x3D58]: $ra=0x1D54C -> $ra=0x1D564,$pc=0x3D58
selfie.m: $pc=0x3D58: 0x27BDFFFC: addiu $sp,$sp,-4: $sp=67108816,$sp=67108816 -> $sp=67108812
selfie.m: $pc=0x3D5C: 0xAFBF0000: sw $ra,0($sp): $ra=120164,$sp=0x3FFFFCC -> memory[0xBFFFFCC]=120164=$ra
selfie.m: $pc=0x3D60: 0x27BDFFFC: addiu $sp,$sp,-4: $sp=67108812,$sp=67108812 -> $sp=67108808
selfie.m: $pc=0x3D64: 0xAFBE0000: sw $fp,0($sp): $fp=67108824,$sp=0x3FFFFC8 -> memory[0xBFFFFC8]=67108824=$fp
selfie.m: $pc=0x3D68: 0x27BE0000: addiu $fp,$sp,0: $fp=67108824,$sp=67108808 -> $fp=67108808
selfie.m: $pc=0x3D6C: 0x27BDFFFC: addiu $sp,$sp,-4: $sp=67108808,$sp=67108808 -> $sp=67108804
selfie.m: $pc=0x3D70: 0x24080000: addiu $t0,$zero,0: $t0=120624,$zero=0 -> $t0=0
selfie.m: $pc=0x3D74: 0xAFC8FFFC: sw $t0,-4($fp): $t0=0,$fp=0x3FFFFC8 -> memory[0xBFFFFC4]=0=$t0
selfie.m: $pc=0x3D78: 0x8FC80008: lw $t0,8($fp): $t0=0,$fp=0x3FFFFC8 -> $t0=120624=memory[0xBFFFFD0]
selfie.m: $pc=0x3D7C: 0x27BDFFFC: addiu $sp,$sp,-4: $sp=67108804,$sp=67108804 -> $sp=67108800
selfie.m: $pc=0x3D80: 0xAFA80000: sw $t0,0($sp): $t0=120624,$sp=0x3FFFFC0 -> memory[0xBFFFFC0]=120624=$t0
selfie.m: $pc=0x3D84: 0x8FC8FFFC: lw $t0,-4($fp): $t0=120624,$fp=0x3FFFFC8 -> $t0=0=memory[0xBFFFFC4]
selfie.m: $pc=0x3D88: 0x27BDFFFC: addiu $sp,$sp,-4: $sp=67108800,$sp=67108800 -> $sp=67108796
selfie.m: $pc=0x3D8C: 0xAFA80000: sw $t0,0($sp): $t0=0,$sp=0x3FFFFBC -> memory[0xBFFFFBC]=0=$t0
selfie.m: $pc=0x3D90: 0x0C0009DE: jal 0x9DE[0x2778]: $ra=0x1D564 -> $ra=0x3D98,$pc=0x2778
selfie.m: $pc=0x2778: 0x27BDFFFC: addiu $sp,$sp,-4: $sp=67108796,$sp=67108796 -> $sp=67108792
selfie.m: $pc=0x277C: 0xAFBF0000: sw $ra,0($sp): $ra=15768,$sp=0x3FFFFB8 -> memory[0xBFFFFB8]=15768=$ra
selfie.m: $pc=0x2780: 0x27BDFFFC: addiu $sp,$sp,-4: $sp=67108792,$sp=67108792 -> $sp=67108788
selfie.m: $pc=0x2784: 0xAFBE0000: sw $fp,0($sp): $fp=67108808,$sp=0x3FFFFB4 -> memory[0xBFFFFB4]=67108808=$fp
selfie.m: $pc=0x2788: 0x27BE0000: addiu $fp,$sp,0: $fp=67108808,$sp=67108788 -> $fp=67108788
selfie.m: $pc=0x278C: 0x27BDFFFC: addiu $sp,$sp,-4: $sp=67108788,$sp=67108788 -> $sp=67108784
selfie.m: $pc=0x2790: 0x8FC80008: lw $t0,8($fp): $t0=0,$fp=0x3FFFFB4 -> $t0=0=memory[0xBFFFFBC]
selfie.m: $pc=0x2794: 0x8F89FFA0: lw $t1,-96($gp): $t1=0,$gp=0x1F264 -> $t1=4=memory[0x401F204]
selfie.m: $pc=0x2798: 0x0109001B: divu $t0,$t1: $t0=0,$t1=4,$lo=60,$hi=0 -> $lo=0,$hi=0
selfie.m: $pc=0x279C: 0x00004012: mflo $t0: $t0=0,$lo=0 -> $t0=0
selfie.m: $pc=0x27A0: 0x00000000: nop
selfie.m: $pc=0x27A4: 0x00000000: nop
selfie.m: $pc=0x27A8: 0xAFC8FFFC: sw $t0,-4($fp): $t0=0,$fp=0x3FFFFB4 -> memory[0xBFFFFB0]=0=$t0
selfie.m: $pc=0x27AC: 0x8FC8000C: lw $t0,12($fp): $t0=0,$fp=0x3FFFFB4 -> $t0=120624=memory[0xBFFFFC0]
selfie.m: $pc=0x27B0: 0x8FC9FFFC: lw $t1,-4($fp): $t1=4,$fp=0x3FFFFB4 -> $t1=0=memory[0xBFFFFB0]
selfie.m: $pc=0x27B4: 0x240A0004: addiu $t2,$zero,4: $t2=4,$zero=0 -> $t2=4
selfie.m: $pc=0x27B8: 0x012A0019: multu $t1,$t2: $t1=0,$t2=4,$lo=0 -> $lo=0
selfie.m: $pc=0x27BC: 0x00004812: mflo $t1: $t1=0,$lo=0 -> $t1=0
selfie.m: $pc=0x27C0: 0x00000000: nop
selfie.m: $pc=0x27C4: 0x00000000: nop
selfie.m: $pc=0x27C8: 0x01094021: addu $t0,$t0,$t1: $t0=120624,$t0=120624,$t1=0 -> $t0=120624
selfie.m: $pc=0x27CC: 0x8D080000: lw $t0,0($t0): $t0=120624,$t0=0x1D730 -> $t0=1936287828=memory[0x401D730]
selfie.m: $pc=0x27D0: 0x27BDFFFC: addiu $sp,$sp,-4: $sp=67108784,$sp=67108784 -> $sp=67108780
selfie.m: $pc=0x27D4: 0xAFA80000: sw $t0,0($sp): $t0=1936287828,$sp=0x3FFFFAC -> memory[0xBFFFFAC]=1936287828=$t0
selfie.m: $pc=0x27D8: 0x8F88FFA0: lw $t0,-96($gp): $t0=1936287828,$gp=0x1F264 -> $t0=4=memory[0x401F204]
selfie.m: $pc=0x27DC: 0x24090001: addiu $t1,$zero,1: $t1=0,$zero=0 -> $t1=1
selfie.m: $pc=0x27E0: 0x01094023: subu $t0,$t0,$t1: $t0=4,$t0=4,$t1=1 -> $t0=3
selfie.m: $pc=0x27E4: 0x8FC90008: lw $t1,8($fp): $t1=1,$fp=0x3FFFFB4 -> $t1=0=memory[0xBFFFFBC]
selfie.m: $pc=0x27E8: 0x8F8AFFA0: lw $t2,-96($gp): $t2=4,$gp=0x1F264 -> $t2=4=memory[0x401F204]
selfie.m: $pc=0x27EC: 0x012A001B: divu $t1,$t2: $t1=0,$t2=4,$lo=0,$hi=0 -> $lo=0,$hi=0
selfie.m: $pc=0x27F0: 0x00004810: mfhi $t1:$t1=0,$hi=0 -> $t1=0
selfie.m: $pc=0x27F4: 0x00000000: nop
selfie.m: $pc=0x27F8: 0x00000000: nop
selfie.m: $pc=0x27FC: 0x01094023: subu $t0,$t0,$t1: $t0=3,$t0=3,$t1=0 -> $t0=3
selfie.m: $pc=0x2800: 0x24090008: addiu $t1,$zero,8: $t1=0,$zero=0 -> $t1=8
selfie.m: $pc=0x2804: 0x01090019: multu $t0,$t1: $t0=3,$t1=8,$lo=0 -> $lo=24
selfie.m: $pc=0x2808: 0x00004012: mflo $t0: $t0=3,$lo=24 -> $t0=24
selfie.m: $pc=0x280C: 0x00000000: nop
selfie.m: $pc=0x2810: 0x00000000: nop
selfie.m: $pc=0x2814: 0x27BDFFFC: addiu $sp,$sp,-4: $sp=67108780,$sp=67108780 -> $sp=67108776
selfie.m: $pc=0x2818: 0xAFA80000: sw $t0,0($sp): $t0=24,$sp=0x3FFFFA8 -> memory[0xBFFFFA8]=24=$t0
selfie.m: $pc=0x281C: 0x0C00090E: jal 0x90E[0x2438]: $ra=0x3D98 -> $ra=0x2824,$pc=0x2438
selfie.m: $pc=0x2438: 0x27BDFFFC: addiu $sp,$sp,-4: $sp=67108776,$sp=67108776 -> $sp=67108772
selfie.m: $pc=0x243C: 0xAFBF0000: sw $ra,0($sp): $ra=10276,$sp=0x3FFFFA4 -> memory[0xBFFFFA4]=10276=$ra
selfie.m: $pc=0x2440: 0x27BDFFFC: addiu $sp,$sp,-4: $sp=67108772,$sp=67108772 -> $sp=67108768
selfie.m: $pc=0x2444: 0xAFBE0000: sw $fp,0($sp): $fp=67108788,$sp=0x3FFFFA0 -> memory[0xBFFFFA0]=67108788=$fp
selfie.m: $pc=0x2448: 0x27BE0000: addiu $fp,$sp,0: $fp=67108788,$sp=67108768 -> $fp=67108768
selfie.m: $pc=0x244C: 0x8FC80008: lw $t0,8($fp): $t0=24,$fp=0x3FFFFA0 -> $t0=24=memory[0xBFFFFA8]
selfie.m: $pc=0x2450: 0x2409001F: addiu $t1,$zero,31: $t1=8,$zero=0 -> $t1=31
selfie.m: $pc=0x2454: 0x0109402A: slt $t0,$t0,$t1: $t0=24,$t1=31 -> $t0=1
selfie.m: $pc=0x2458: 0x10080016: beq $zero,$t0,22[0x24B4]: $zero=0,$t0=1 -> $pc=0x245C
selfie.m: $pc=0x245C: 0x00000000: nop
selfie.m: $pc=0x2460: 0x8FC8000C: lw $t0,12($fp): $t0=1,$fp=0x3FFFFA0 -> $t0=1936287828=memory[0xBFFFFAC]
selfie.m: $pc=0x2464: 0x27BDFFFC: addiu $sp,$sp,-4: $sp=67108768,$sp=67108768 -> $sp=67108764
selfie.m: $pc=0x2468: 0xAFA80000: sw $t0,0($sp): $t0=1936287828,$sp=0x3FFFF9C -> memory[0xBFFFF9C]=1936287828=$t0
selfie.m: $pc=0x246C: 0x8FC80008: lw $t0,8($fp): $t0=1936287828,$fp=0x3FFFFA0 -> $t0=24=memory[0xBFFFFA8]
selfie.m: $pc=0x2470: 0x27BDFFFC: addiu $sp,$sp,-4: $sp=67108764,$sp=67108764 -> $sp=67108760
selfie.m: $pc=0x2474: 0xAFA80000: sw $t0,0($sp): $t0=24,$sp=0x3FFFF98 -> memory[0xBFFFF98]=24=$t0
selfie.m: $pc=0x2478: 0x0C0008F6: jal 0x8F6[0x23D8]: $ra=0x2824 -> $ra=0x2480,$pc=0x23D8
selfie.m: $pc=0x23D8: 0x27BDFFFC: addiu $sp,$sp,-4: $sp=67108760,$sp=67108760 -> $sp=67108756
selfie.m: $pc=0x23DC: 0xAFBF0000: sw $ra,0($sp): $ra=9344,$sp=0x3FFFF94 -> memory[0xBFFFF94]=9344=$ra
selfie.m: $pc=0x23E0: 0x27BDFFFC: addiu $sp,$sp,-4: $sp=67108756,$sp=67108756 -> $sp=67108752
selfie.m: $pc=0x23E4: 0xAFBE0000: sw $fp,0($sp): $fp=67108768,$sp=0x3FFFF90 -> memory[0xBFFFF90]=67108768=$fp
selfie.m: $pc=0x23E8: 0x27BE0000: addiu $fp,$sp,0: $fp=67108768,$sp=67108752 -> $fp=67108752
selfie.m: $pc=0x23EC: 0x8F88FF98: lw $t0,-104($gp): $t0=24,$gp=0x1F264 -> $t0=131072=memory[0x401F1FC]
selfie.m: $pc=0x23F0: 0x8FC90008: lw $t1,8($fp): $t1=31,$fp=0x3FFFF90 -> $t1=24=memory[0xBFFFF98]
selfie.m: $pc=0x23F4: 0x240A0004: addiu $t2,$zero,4: $t2=4,$zero=0 -> $t2=4
selfie.m: $pc=0x23F8: 0x012A0019: multu $t1,$t2: $t1=24,$t2=4,$lo=24 -> $lo=96
selfie.m: $pc=0x23FC: 0x00004812: mflo $t1: $t1=24,$lo=96 -> $t1=96
selfie.m: $pc=0x2400: 0x00000000: nop
selfie.m: $pc=0x2404: 0x00000000: nop
selfie.m: $pc=0x2408: 0x01094021: addu $t0,$t0,$t1: $t0=131072,$t0=131072,$t1=96 -> $t0=131168
selfie.m: $pc=0x240C: 0x8D080000: lw $t0,0($t0): $t0=131168,$t0=0x20060 -> $t0=16777216=memory[0xC020060]
selfie.m: $pc=0x2410: 0x00081021: addu $v0,$zero,$t0: $v0=0,$zero=0,$t0=16777216 -> $v0=16777216
selfie.m: $pc=0x2414: 0x08000907: j 0x907[0x241C]: -> $pc=0x241C
selfie.m: $pc=0x241C: 0x27DD0000: addiu $sp,$fp,0: $sp=67108752,$fp=67108752 -> $sp=67108752
selfie.m: $pc=0x2420: 0x8FBE0000: lw $fp,0($sp): $fp=67108752,$sp=0x3FFFF90 -> $fp=67108768=memory[0xBFFFF90]
selfie.m: $pc=0x2424: 0x27BD0004: addiu $sp,$sp,4: $sp=67108752,$sp=67108752 -> $sp=67108756
selfie.m: $pc=0x2428: 0x8FBF0000: lw $ra,0($sp): $ra=9344,$sp=0x3FFFF94 -> $ra=9344=memory[0xBFFFF94]
selfie.m: $pc=0x242C: 0x27BD0008: addiu $sp,$sp,8: $sp=67108756,$sp=67108756 -> $sp=67108764
selfie.m: $pc=0x2430: 0x03E00008: jr $ra: $ra=0x2480 -> $pc=0x2480
selfie.m: $pc=0x2480: 0x8FA80000: lw $t0,0($sp): $t0=16777216,$sp=0x3FFFF9C -> $t0=1936287828=memory[0xBFFFF9C]
selfie.m: $pc=0x2484: 0x27BD0004: addiu $sp,$sp,4: $sp=67108764,$sp=67108764 -> $sp=67108768
selfie.m: $pc=0x2488: 0x24490000: addiu $t1,$v0,0: $t1=96,$v0=16777216 -> $t1=16777216
selfie.m: $pc=0x248C: 0x24020000: addiu $v0,$zero,0: $v0=16777216,$zero=0 -> $v0=0
selfie.m: $pc=0x2490: 0x01090019: multu $t0,$t1: $t0=1936287828,$t1=16777216,$lo=96 -> $lo=1409286144
selfie.m: $pc=0x2494: 0x00004012: mflo $t0: $t0=1936287828,$lo=1409286144 -> $t0=1409286144
selfie.m: $pc=0x2498: 0x00000000: nop
selfie.m: $pc=0x249C: 0x00000000: nop
selfie.m: $pc=0x24A0: 0x00081021: addu $v0,$zero,$t0: $v0=0,$zero=0,$t0=1409286144 -> $v0=1409286144
selfie.m: $pc=0x24A4: 0x08000956: j 0x956[0x2558]: -> $pc=0x2558
selfie.m: $pc=0x2558: 0x27DD0000: addiu $sp,$fp,0: $sp=67108768,$fp=67108768 -> $sp=67108768
selfie.m: $pc=0x255C: 0x8FBE0000: lw $fp,0($sp): $fp=67108768,$sp=0x3FFFFA0 -> $fp=67108788=memory[0xBFFFFA0]
selfie.m: $pc=0x2560: 0x27BD0004: addiu $sp,$sp,4: $sp=67108768,$sp=67108768 -> $sp=67108772
selfie.m: $pc=0x2564: 0x8FBF0000: lw $ra,0($sp): $ra=9344,$sp=0x3FFFFA4 -> $ra=10276=memory[0xBFFFFA4]
selfie.m: $pc=0x2568: 0x27BD000C: addiu $sp,$sp,12: $sp=67108772,$sp=67108772 -> $sp=67108784
selfie.m: $pc=0x256C: 0x03E00008: jr $ra: $ra=0x2824 -> $pc=0x2824
selfie.m: $pc=0x2824: 0x24480000: addiu $t0,$v0,0: $t0=1409286144,$v0=1409286144 -> $t0=1409286144
selfie.m: $pc=0x2828: 0x24020000: addiu $v0,$zero,0: $v0=1409286144,$zero=0 -> $v0=0
selfie.m: $pc=0x282C: 0x27BDFFFC: addiu $sp,$sp,-4: $sp=67108784,$sp=67108784 -> $sp=67108780
selfie.m: $pc=0x2830: 0xAFA80000: sw $t0,0($sp): $t0=1409286144,$sp=0x3FFFFAC -> memory[0xBFFFFAC]=1409286144=$t0
selfie.m: $pc=0x2834: 0x8F88FFA0: lw $t0,-96($gp): $t0=1409286144,$gp=0x1F264 -> $t0=4=memory[0x401F204]
selfie.m: $pc=0x2838: 0x24090001: addiu $t1,$zero,1: $t1=16777216,$zero=0 -> $t1=1
selfie.m: $pc=0x283C: 0x01094023: subu $t0,$t0,$t1: $t0=4,$t0=4,$t1=1 -> $t0=3
selfie.m: $pc=0x2840: 0x24090008: addiu $t1,$zero,8: $t1=1,$zero=0 -> $t1=8
selfie.m: $pc=0x2844: 0x01090019: multu $t0,$t1: $t0=3,$t1=8,$lo=1409286144 -> $lo=24
selfie.m: $pc=0x2848: 0x00004012: mflo $t0: $t0=3,$lo=24 -> $t0=24
selfie.m: $pc=0x284C: 0x00000000: nop
selfie.m: $pc=0x2850: 0x00000000: nop
selfie.m: $pc=0x2854: 0x27BDFFFC: addiu $sp,$sp,-4: $sp=67108780,$sp=67108780 -> $sp=67108776
selfie.m: $pc=0x2858: 0xAFA80000: sw $t0,0($sp): $t0=24,$sp=0x3FFFFA8 -> memory[0xBFFFFA8]=24=$t0
selfie.m: $pc=0x285C: 0x0C00095D: jal 0x95D[0x2574]: $ra=0x2824 -> $ra=0x2864,$pc=0x2574
selfie.m: $pc=0x2574: 0x27BDFFFC: addiu $sp,$sp,-4: $sp=67108776,$sp=67108776 -> $sp=67108772
selfie.m: $pc=0x2578: 0xAFBF0000: sw $ra,0($sp): $ra=10340,$sp=0x3FFFFA4 -> memory[0xBFFFFA4]=10340=$ra
selfie.m: $pc=0x257C: 0x27BDFFFC: addiu $sp,$sp,-4: $sp=67108772,$sp=67108772 -> $sp=67108768
selfie.m: $pc=0x2580: 0xAFBE0000: sw $fp,0($sp): $fp=67108788,$sp=0x3FFFFA0 -> memory[0xBFFFFA0]=67108788=$fp
selfie.m: $pc=0x2584: 0x27BE0000: addiu $fp,$sp,0: $fp=67108788,$sp=67108768 -> $fp=67108768
selfie.m: $pc=0x2588: 0x8FC8000C: lw $t0,12($fp): $t0=24,$fp=0x3FFFFA0 -> $t0=1409286144=memory[0xBFFFFAC]
selfie.m: $pc=0x258C: 0x24090000: addiu $t1,$zero,0: $t1=8,$zero=0 -> $t1=0
selfie.m: $pc=0x2590: 0x0109402A: slt $t0,$t0,$t1: $t0=1409286144,$t1=0 -> $t0=0
selfie.m: $pc=0x2594: 0x14080004: bne $zero,$t0,4[0x25A8]: $zero=0,$t0=0 -> $pc=0x2598
selfie.m: $pc=0x2598: 0x00000000: nop
selfie.m: $pc=0x259C: 0x24080001: addiu $t0,$zero,1: $t0=0,$zero=0 -> $t0=1
selfie.m: $pc=0x25A0: 0x10000002: beq $zero,$zero,2[0x25AC]: $zero=0,$zero=0 -> $pc=0x25AC
selfie.m: $pc=0x25AC: 0x10080021: beq $zero,$t0,33[0x2634]: $zero=0,$t0=1 -> $pc=0x25B0
selfie.m: $pc=0x25B0: 0x00000000: nop
selfie.m: $pc=0x25B4: 0x8FC80008: lw $t0,8($fp): $t0=1,$fp=0x3FFFFA0 -> $t0=24=memory[0xBFFFFA8]
selfie.m: $pc=0x25B8: 0x2409001F: addiu $t1,$zero,31: $t1=0,$zero=0 -> $t1=31
selfie.m: $pc=0x25BC: 0x0109402A: slt $t0,$t0,$t1: $t0=24,$t1=31 -> $t0=1
selfie.m: $pc=0x25C0: 0x10080016: beq $zero,$t0,22[0x261C]: $zero=0,$t0=1 -> $pc=0x25C4
selfie.m: $pc=0x25C4: 0x00000000: nop
selfie.m: $pc=0x25C8: 0x8FC8000C: lw $t0,12($fp): $t0=1,$fp=0x3FFFFA0 -> $t0=1409286144=memory[0xBFFFFAC]
selfie.m: $pc=0x25CC: 0x27BDFFFC: addiu $sp,$sp,-4: $sp=67108768,$sp=67108768 -> $sp=67108764
selfie.m: $pc=0x25D0: 0xAFA80000: sw $t0,0($sp): $t0=1409286144,$sp=0x3FFFF9C -> memory[0xBFFFF9C]=1409286144=$t0
selfie.m: $pc=0x25D4: 0x8FC80008: lw $t0,8($fp): $t0=1409286144,$fp=0x3FFFFA0 -> $t0=24=memory[0xBFFFFA8]
selfie.m: $pc=0x25D8: 0x27BDFFFC: addiu $sp,$sp,-4: $sp=67108764,$sp=67108764 -> $sp=67108760
selfie.m: $pc=0x25DC: 0xAFA80000: sw $t0,0($sp): $t0=24,$sp=0x3FFFF98 -> memory[0xBFFFF98]=24=$t0
selfie.m: $pc=0x25E0: 0x0C0008F6: jal 0x8F6[0x23D8]: $ra=0x2864 -> $ra=0x25E8,$pc=0x23D8
selfie.m: $pc=0x23D8: 0x27BDFFFC: addiu $sp,$sp,-4: $sp=67108760,$sp=67108760 -> $sp=67108756
selfie.m: $pc=0x23DC: 0xAFBF0000: sw $ra,0($sp): $ra=9704,$sp=0x3FFFF94 -> memory[0xBFFFF94]=9704=$ra
selfie.m: $pc=0x23E0: 0x27BDFFFC: addiu $sp,$sp,-4: $sp=67108756,$sp=67108756 -> $sp=67108752
selfie.m: $pc=0x23E4: 0xAFBE0000: sw $fp,0($sp): $fp=67108768,$sp=0x3FFFF90 -> memory[0xBFFFF90]=67108768=$fp
selfie.m: $pc=0x23E8: 0x27BE0000: addiu $fp,$sp,0: $fp=67108768,$sp=67108752 -> $fp=67108752
selfie.m: $pc=0x23EC: 0x8F88FF98: lw $t0,-104($gp): $t0=24,$gp=0x1F264 -> $t0=131072=memory[0x401F1FC]
selfie.m: $pc=0x23F0: 0x8FC90008: lw $t1,8($fp): $t1=31,$fp=0x3FFFF90 -> $t1=24=memory[0xBFFFF98]
selfie.m: $pc=0x23F4: 0x240A0004: addiu $t2,$zero,4: $t2=4,$zero=0 -> $t2=4
selfie.m: $pc=0x23F8: 0x012A0019: multu $t1,$t2: $t1=24,$t2=4,$lo=24 -> $lo=96
selfie.m: $pc=0x23FC: 0x00004812: mflo $t1: $t1=24,$lo=96 -> $t1=96
selfie.m: $pc=0x2400: 0x00000000: nop
selfie.m: $pc=0x2404: 0x00000000: nop
selfie.m: $pc=0x2408: 0x01094021: addu $t0,$t0,$t1: $t0=131072,$t0=131072,$t1=96 -> $t0=131168
selfie.m: $pc=0x240C: 0x8D080000: lw $t0,0($t0): $t0=131168,$t0=0x20060 -> $t0=16777216=memory[0xC020060]
selfie.m: $pc=0x2410: 0x00081021: addu $v0,$zero,$t0: $v0=0,$zero=0,$t0=16777216 -> $v0=16777216
selfie.m: $pc=0x2414: 0x08000907: j 0x907[0x241C]: -> $pc=0x241C
selfie.m: $pc=0x241C: 0x27DD0000: addiu $sp,$fp,0: $sp=67108752,$fp=67108752 -> $sp=67108752
selfie.m: $pc=0x2420: 0x8FBE0000: lw $fp,0($sp): $fp=67108752,$sp=0x3FFFF90 -> $fp=67108768=memory[0xBFFFF90]
selfie.m: $pc=0x2424: 0x27BD0004: addiu $sp,$sp,4: $sp=67108752,$sp=67108752 -> $sp=67108756
selfie.m: $pc=0x2428: 0x8FBF0000: lw $ra,0($sp): $ra=9704,$sp=0x3FFFF94 -> $ra=9704=memory[0xBFFFF94]
selfie.m: $pc=0x242C: 0x27BD0008: addiu $sp,$sp,8: $sp=67108756,$sp=67108756 -> $sp=67108764
selfie.m: $pc=0x2430: 0x03E00008: jr $ra: $ra=0x25E8 -> $pc=0x25E8
selfie.m: $pc=0x25E8: 0x8FA80000: lw $t0,0($sp): $t0=16777216,$sp=0x3FFFF9C -> $t0=1409286144=memory[0xBFFFF9C]
selfie.m: $pc=0x25EC: 0x27BD0004: addiu $sp,$sp,4: $sp=67108764,$sp=67108764 -> $sp=67108768
selfie.m: $pc=0x25F0: 0x24490000: addiu $t1,$v0,0: $t1=96,$v0=16777216 -> $t1=16777216
selfie.m: $pc=0x25F4: 0x24020000: addiu $v0,$zero,0: $v0=16777216,$zero=0 -> $v0=0
selfie.m: $pc=0x25F8: 0x0109001B: divu $t0,$t1: $t0=1409286144,$t1=16777216,$lo=96,$hi=0 -> $lo=84,$hi=0
selfie.m: $pc=0x25FC: 0x00004012: mflo $t0: $t0=1409286144,$lo=84 -> $t0=84
selfie.m: $pc=0x2600: 0x00000000: nop
selfie.m: $pc=0x2604: 0x00000000: nop
selfie.m: $pc=0x2608: 0x00081021: addu $v0,$zero,$t0: $v0=0,$zero=0,$t0=84 -> $v0=84
selfie.m: $pc=0x260C: 0x080009D7: j 0x9D7[0x275C]: -> $pc=0x275C
selfie.m: $pc=0x275C: 0x27DD0000: addiu $sp,$fp,0: $sp=67108768,$fp=67108768 -> $sp=67108768
selfie.m: $pc=0x2760: 0x8FBE0000: lw $fp,0($sp): $fp=67108768,$sp=0x3FFFFA0 -> $fp=67108788=memory[0xBFFFFA0]
selfie.m: $pc=0x2764: 0x27BD0004: addiu $sp,$sp,4: $sp=67108768,$sp=67108768 -> $sp=67108772
selfie.m: $pc=0x2768: 0x8FBF0000: lw $ra,0($sp): $ra=9704,$sp=0x3FFFFA4 -> $ra=10340=memory[0xBFFFFA4]
selfie.m: $pc=0x276C: 0x27BD000C: addiu $sp,$sp,12: $sp=67108772,$sp=67108772 -> $sp=67108784
selfie.m: $pc=0x2770: 0x03E00008: jr $ra: $ra=0x2864 -> $pc=0x2864
selfie.m: $pc=0x2864: 0x24480000: addiu $t0,$v0,0: $t0=84,$v0=84 -> $t0=84
selfie.m: $pc=0x2868: 0x24020000: addiu $v0,$zero,0: $v0=84,$zero=0 -> $v0=0
selfie.m: $pc=0x286C: 0x00081021: addu $v0,$zero,$t0: $v0=0,$zero=0,$t0=84 -> $v0=84
selfie.m: $pc=0x2870: 0x08000A1E: j 0xA1E[0x2878]: -> $pc=0x2878
selfie.m: $pc=0x2878: 0x27DD0000: addiu $sp,$fp,0: $sp=67108784,$fp=67108788 -> $sp=67108788
selfie.m: $pc=0x287C: 0x8FBE0000: lw $fp,0($sp): $fp=67108788,$sp=0x3FFFFB4 -> $fp=67108808=memory[0xBFFFFB4]
selfie.m: $pc=0x2880: 0x27BD0004: addiu $sp,$sp,4: $sp=67108788,$sp=67108788 -> $sp=67108792
selfie.m: $pc=0x2884: 0x8FBF0000: lw $ra,0($sp): $ra=10340,$sp=0x3FFFFB8 -> $ra=15768=memory[0xBFFFFB8]
selfie.m: $pc=0x2888: 0x27BD000C: addiu $sp,$sp,12: $sp=67108792,$sp=67108792 -> $sp=67108804
selfie.m: $pc=0x288C: 0x03E00008: jr $ra: $ra=0x3D98 -> $pc=0x3D98
selfie.m: $pc=0x3D98: 0x24480000: addiu $t0,$v0,0: $t0=84,$v0=84 -> $t0=84
selfie.m: $pc=0x3D9C: 0x24020000: addiu $v0,$zero,0: $v0=84,$zero=0 -> $v0=0
selfie.m: $pc=0x3DA0: 0x24090000: addiu $t1,$zero,0: $t1=16777216,$zero=0 -> $t1=0
selfie.m: $pc=0x3DA4: 0x01094023: subu $t0,$t0,$t1: $t0=84,$t0=84,$t1=0 -> $t0=84
selfie.m: $pc=0x3DA8: 0x14080004: bne $zero,$t0,4[0x3DBC]: $zero=0,$t0=84 -> $pc=0x3DBC
selfie.m: $pc=0x3DBC: 0x24080001: addiu $t0,$zero,1: $t0=84,$zero=0 -> $t0=1
selfie.m: $pc=0x3DC0: 0x10080016: beq $zero,$t0,22[0x3E1C]: $zero=0,$t0=1 -> $pc=0x3DC4
selfie.m: $pc=0x3DC4: 0x00000000: nop
selfie.m: $pc=0x3DC8: 0x8FC80008: lw $t0,8($fp): $t0=1,$fp=0x3FFFFC8 -> $t0=120624=memory[0xBFFFFD0]
selfie.m: $pc=0x3DCC: 0x27BDFFFC: addiu $sp,$sp,-4: $sp=67108804,$sp=67108804 -> $sp=67108800
selfie.m: $pc=0x3DD0: 0xAFA80000: sw $t0,0($sp): $t0=120624,$sp=0x3FFFFC0 -> memory[0xBFFFFC0]=120624=$t0
selfie.m: $pc=0x3DD4: 0x8FC8FFFC: lw $t0,-4($fp): $t0=120624,$fp=0x3FFFFC8 -> $t0=0=memory[0xBFFFFC4]
selfie.m: $pc=0x3DD8: 0x27BDFFFC: addiu $sp,$sp,-4: $sp=67108800,$sp=67108800 -> $sp=67108796
selfie.m: $pc=0x3DDC: 0xAFA80000: sw $t0,0($sp): $t0=0,$sp=0x3FFFFBC -> memory[0xBFFFFBC]=0=$t0
selfie.m: $pc=0x3DE0: 0x0C0009DE: jal 0x9DE[0x2778]: $ra=0x3D98 -> $ra=0x3DE8,$pc=0x2778
selfie.m: $pc=0x2778: 0x27BDFFFC: addiu $sp,$sp,-4: $sp=67108796,$sp=67108796 -> $sp=67108792
selfie.m: $pc=0x277C: 0xAFBF0000: sw $ra,0($sp): $ra=15848,$sp=0x3FFFFB8 -> memory[0xBFFFFB8]=15848=$ra
selfie.m: $pc=0x2780: 0x27BDFFFC: addiu $sp,$sp,-4: $sp=67108792,$sp=67108792 -> $sp=67108788
selfie.m: $pc=0x2784: 0xAFBE0000: sw $fp,0($sp): $fp=67108808,$sp=0x3FFFFB4 -> memory[0xBFFFFB4]=67108808=$fp
selfie.m: $pc=0x2788: 0x27BE0000: addiu $fp,$sp,0: $fp=67108808,$sp=67108788 -> $fp=67108788
selfie.m: $pc=0x278C: 0x27BDFFFC: addiu $sp,$sp,-4: $sp=67108788,$sp=67108788 -> $sp=67108784
selfie.m: $pc=0x2790: 0x8FC80008: lw $t0,8($fp): $t0=0,$fp=0x3FFFFB4 -> $t0=0=memory[0xBFFFFBC]
selfie.m: $pc=0x2794: 0x8F89FFA0: lw $t1,-96($gp): $t1=0,$gp=0x1F264 -> $t1=4=memory[0x401F204]
selfie.m: $pc=0x2798: 0x0109001B: divu $t0,$t1: $t0=0,$t1=4,$lo=84,$hi=0 -> $lo=0,$hi=0
selfie.m: $pc=0x279C: 0x00004012: mflo $t0: $t0=0,$lo=0 -> $t0=0
selfie.m: $pc=0x27A0: 0x00000000: nop
selfie.m: $pc=0x27A4: 0x00000000: nop
selfie.m: $pc=0x27A8: 0xAFC8FFFC: sw $t0,-4($fp): $t0=0,$fp=0x3FFFFB4 -> memory[0xBFFFFB0]=0=$t0
selfie.m: $pc=0x27AC: 0x8FC8000C: lw $t0,12($fp): $t0=0,$fp=0x3FFFFB4 -> $t0=120624=memory[0xBFFFFC0]
selfie.m: $pc=0x27B0: 0x8FC9FFFC: lw $t1,-4($fp): $t1=4,$fp=0x3FFFFB4 -> $t1=0=memory[0xBFFFFB0]
selfie.m: $pc=0x27B4: 0x240A0004: addiu $t2,$zero,4: $t2=4,$zero=0 -> $t2=4
selfie.m: $pc=0x27B8: 0x012A0019: multu $t1,$t2: $t1=0,$t2=4,$lo=0 -> $lo=0
selfie.m: $pc=0x27BC: 0x00004812: mflo $t1: $t1=0,$lo=0 -> $t1=0
selfie.m: $pc=0x27C0: 0x00000000: nop
selfie.m: $pc=0x27C4: 0x00000000: nop
selfie.m: $pc=0x27C8: 0x01094021: addu $t0,$t0,$t1: $t0=120624,$t0=120624,$t1=0 -> $t0=120624
selfie.m: $pc=0x27CC: 0x8D080000: lw $t0,0($t0): $t0=120624,$t0=0x1D730 -> $t0=1936287828=memory[0x401D730]
selfie.m: $pc=0x27D0: 0x27BDFFFC: addiu $sp,$sp,-4: $sp=67108784,$sp=67108784 -> $sp=67108780
selfie.m: $pc=0x27D4: 0xAFA80000: sw $t0,0($sp): $t0=1936287828,$sp=0x3FFFFAC -> memory[0xBFFFFAC]=1936287828=$t0
selfie.m: $pc=0x27D8: 0x8F88FFA0: lw $t0,-96($gp): $t0=1936287828,$gp=0x1F264 -> $t0=4=memory[0x401F204]
selfie.m: $pc=0x27DC: 0x24090001: addiu $t1,$zero,1: $t1=0,$zero=0 -> $t1=1
selfie.m: $pc=0x27E0: 0x01094023: subu $t0,$t0,$t1: $t0=4,$t0=4,$t1=1 -> $t0=3
selfie.m: $pc=0x27E4: 0x8FC90008: lw $t1,8($fp): $t1=1,$fp=0x3FFFFB4 -> $t1=0=memory[0xBFFFFBC]
selfie.m: $pc=0x27E8: 0x8F8AFFA0: lw $t2,-96($gp): $t2=4,$gp=0x1F264 -> $t2=4=memory[0x401F204]
selfie.m: $pc=0x27EC: 0x012A001B: divu $t1,$t2: $t1=0,$t2=4,$lo=0,$hi=0 -> $lo=0,$hi=0
selfie.m: $pc=0x27F0: 0x00004810: mfhi $t1:$t1=0,$hi=0 -> $t1=0
selfie.m: $pc=0x27F4: 0x00000000: nop
selfie.m: $pc=0x27F8: 0x00000000: nop
selfie.m: $pc=0x27FC: 0x01094023: subu $t0,$t0,$t1: $t0=3,$t0=3,$t1=0 -> $t0=3
selfie.m: $pc=0x2800: 0x24090008: addiu $t1,$zero,8: $t1=0,$zero=0 -> $t1=8
selfie.m: $pc=0x2804: 0x01090019: multu $t0,$t1: $t0=3,$t1=8,$lo=0 -> $lo=24
selfie.m: $pc=0x2808: 0x00004012: mflo $t0: $t0=3,$lo=24 -> $t0=24
selfie.m: $pc=0x280C: 0x00000000: nop
selfie.m: $pc=0x2810: 0x00000000: nop
selfie.m: $pc=0x2814: 0x27BDFFFC: addiu $sp,$sp,-4: $sp=67108780,$sp=67108780 -> $sp=67108776
selfie.m: $pc=0x2818: 0xAFA80000: sw $t0,0($sp): $t0=24,$sp=0x3FFFFA8 -> memory[0xBFFFFA8]=24=$t0
selfie.m: $pc=0x281C: 0x0C00090E: jal 0x90E[0x2438]: $ra=0x3DE8 -> $ra=0x2824,$pc=0x2438
selfie.m: $pc=0x2438: 0x27BDFFFC: addiu $sp,$sp,-4: $sp=67108776,$sp=67108776 -> $sp=67108772
selfie.m: $pc=0x243C: 0xAFBF0000: sw $ra,0($sp): $ra=10276,$sp=0x3FFFFA4 -> memory[0xBFFFFA4]=10276=$ra
selfie.m: $pc=0x2440: 0x27BDFFFC: addiu $sp,$sp,-4: $sp=67108772,$sp=67108772 -> $sp=67108768
selfie.m: $pc=0x2444: 0xAFBE0000: sw $fp,0($sp): $fp=67108788,$sp=0x3FFFFA0 -> memory[0xBFFFFA0]=67108788=$fp
selfie.m: $pc=0x2448: 0x27BE0000: addiu $fp,$sp,0: $fp=67108788,$sp=67108768 -> $fp=67108768
selfie.m: $pc=0x244C: 0x8FC80008: lw $t0,8($fp): $t0=24,$fp=0x3FFFFA0 -> $t0=24=memory[0xBFFFFA8]
selfie.m: $pc=0x2450: 0x2409001F: addiu $t1,$zero,31: $t1=8,$zero=0 -> $t1=31
selfie.m: $pc=0x2454: 0x0109402A: slt $t0,$t0,$t1: $t0=24,$t1=31 -> $t0=1
selfie.m: $pc=0x2458: 0x10080016: beq $zero,$t0,22[0x24B4]: $zero=0,$t0=1 -> $pc=0x245C
selfie.m: $pc=0x245C: 0x00000000: nop
selfie.m: $pc=0x2460: 0x8FC8000C: lw $t0,12($fp): $t0=1,$fp=0x3FFFFA0 -> $t0=1936287828=memory[0xBFFFFAC]
selfie.m: $pc=0x2464: 0x27BDFFFC: addiu $sp,$sp,-4: $sp=67108768,$sp=67108768 -> $sp=67108764
selfie.m: $pc=0x2468: 0xAFA80000: sw $t0,0($sp): $t0=1936287828,$sp=0x3FFFF9C -> memory[0xBFFFF9C]=1936287828=$t0
selfie.m: $pc=0x246C: 0x8FC80008: lw $t0,8($fp): $t0=1936287828,$fp=0x3FFFFA0 -> $t0=24=memory[0xBFFFFA8]
selfie.m: $pc=0x2470: 0x27BDFFFC: addiu $sp,$sp,-4: $sp=67108764,$sp=67108764 -> $sp=67108760
selfie.m: $pc=0x2474: 0xAFA80000: sw $t0,0($sp): $t0=24,$sp=0x3FFFF98 -> memory[0xBFFFF98]=24=$t0
selfie.m: $pc=0x2478: 0x0C0008F6: jal 0x8F6[0x23D8]: $ra=0x2824 -> $ra=0x2480,$pc=0x23D8
selfie.m: $pc=0x23D8: 0x27BDFFFC: addiu $sp,$sp,-4: $sp=67108760,$sp=67108760 -> $sp=67108756
selfie.m: $pc=0x23DC: 0xAFBF0000: sw $ra,0($sp): $ra=9344,$sp=0x3FFFF94 -> memory[0xBFFFF94]=9344=$ra
selfie.m: $pc=0x23E0: 0x27BDFFFC: addiu $sp,$sp,-4: $sp=67108756,$sp=67108756 -> $sp=67108752
selfie.m: $pc=0x23E4: 0xAFBE0000: sw $fp,0($sp): $fp=67108768,$sp=0x3FFFF90 -> memory[0xBFFFF90]=67108768=$fp
selfie.m: $pc=0x23E8: 0x27BE0000: addiu $fp,$sp,0: $fp=67108768,$sp=67108752 -> $fp=67108752
selfie.m: $pc=0x23EC: 0x8F88FF98: lw $t0,-104($gp): $t0=24,$gp=0x1F264 -> $t0=131072=memory[0x401F1FC]
selfie.m: $pc=0x23F0: 0x8FC90008: lw $t1,8($fp): $t1=31,$fp=0x3FFFF90 -> $t1=24=memory[0xBFFFF98]
selfie.m: $pc=0x23F4: 0x240A0004: addiu $t2,$zero,4: $t2=4,$zero=0 -> $t2=4
selfie.m: $pc=0x23F8: 0x012A0019: multu $t1,$t2: $t1=24,$t2=4,$lo=24 -> $lo=96
selfie.m: $pc=0x23FC: 0x00004812: mflo $t1: $t1=24,$lo=96 -> $t1=96
selfie.m: $pc=0x2400: 0x00000000: nop
selfie.m: $pc=0x2404: 0x00000000: nop
selfie.m: $pc=0x2408: 0x01094021: addu $t0,$t0,$t1: $t0=131072,$t0=131072,$t1=96 -> $t0=131168
selfie.m: $pc=0x240C: 0x8D080000: lw $t0,0($t0): $t0=131168,$t0=0x20060 -> $t0=16777216=memory[0xC020060]
selfie.m: $pc=0x2410: 0x00081021: addu $v0,$zero,$t0: $v0=0,$zero=0,$t0=16777216 -> $v0=16777216
selfie.m: $pc=0x2414: 0x08000907: j 0x907[0x241C]: -> $pc=0x241C
selfie.m: $pc=0x241C: 0x27DD0000: addiu $sp,$fp,0: $sp=67108752,$fp=67108752 -> $sp=67108752
selfie.m: $pc=0x2420: 0x8FBE0000: lw $fp,0($sp): $fp=67108752,$sp=0x3FFFF90 -> $fp=67108768=memory[0xBFFFF90]
selfie.m: $pc=0x2424: 0x27BD0004: addiu $sp,$sp,4: $sp=67108752,$sp=67108752 -> $sp=67108756
selfie.m: $pc=0x2428: 0x8FBF0000: lw $ra,0($sp): $ra=9344,$sp=0x3FFFF94 -> $ra=9344=memory[0xBFFFF94]
selfie.m: $pc=0x242C: 0x27BD0008: addiu $sp,$sp,8: $sp=67108756,$sp=67108756 -> $sp=67108764
selfie.m: $pc=0x2430: 0x03E00008: jr $ra: $ra=0x2480 -> $pc=0x2480
selfie.m: $pc=0x2480: 0x8FA80000: lw $t0,0($sp): $t0=16777216,$sp=0x3FFFF9C -> $t0=1936287828=memory[0xBFFFF9C]
selfie.m: $pc=0x2484: 0x27BD0004: addiu $sp,$sp,4: $sp=67108764,$sp=67108764 -> $sp=67108768
selfie.m: $pc=0x2488: 0x24490000: addiu $t1,$v0,0: $t1=96,$v0=16777216 -> $t1=16777216
selfie.m: $pc=0x248C: 0x24020000: addiu $v0,$zero,0: $v0=16777216,$zero=0 -> $v0=0
selfie.m: $pc=0x2490: 0x01090019: multu $t0,$t1: $t0=1936287828,$t1=16777216,$lo=96 -> $lo=1409286144
selfie.m: $pc=0x2494: 0x00004012: mflo $t0: $t0=1936287828,$lo=1409286144 -> $t0=1409286144
selfie.m: $pc=0x2498: 0x00000000: nop
selfie.m: $pc=0x249C: 0x00000000: nop
selfie.m: $pc=0x24A0: 0x00081021: addu $v0,$zero,$t0: $v0=0,$zero=0,$t0=1409286144 -> $v0=1409286144
selfie.m: $pc=0x24A4: 0x08000956: j 0x956[0x2558]: -> $pc=0x2558
selfie.m: $pc=0x2558: 0x27DD0000: addiu $sp,$fp,0: $sp=67108768,$fp=67108768 -> $sp=67108768
selfie.m: $pc=0x255C: 0x8FBE0000: lw $fp,0($sp): $fp=67108768,$sp=0x3FFFFA0 -> $fp=67108788=memory[0xBFFFFA0]
selfie.m: $pc=0x2560: 0x27BD0004: addiu $sp,$sp,4: $sp=67108768,$sp=67108768 -> $sp=67108772
selfie.m: $pc=0x2564: 0x8FBF0000: lw $ra,0($sp): $ra=9344,$sp=0x3FFFFA4 -> $ra=10276=memory[0xBFFFFA4]
selfie.m: $pc=0x2568: 0x27BD000C: addiu $sp,$sp,12: $sp=67108772,$sp=67108772 -> $sp=67108784
selfie.m: $pc=0x256C: 0x03E00008: jr $ra: $ra=0x2824 -> $pc=0x2824
selfie.m: $pc=0x2824: 0x24480000: addiu $t0,$v0,0: $t0=1409286144,$v0=1409286144 -> $t0=1409286144
selfie.m: $pc=0x2828: 0x24020000: addiu $v0,$zero,0: $v0=1409286144,$zero=0 -> $v0=0
selfie.m: $pc=0x282C: 0x27BDFFFC: addiu $sp,$sp,-4: $sp=67108784,$sp=67108784 -> $sp=67108780
selfie.m: $pc=0x2830: 0xAFA80000: sw $t0,0($sp): $t0=1409286144,$sp=0x3FFFFAC -> memory[0xBFFFFAC]=1409286144=$t0
selfie.m: $pc=0x2834: 0x8F88FFA0: lw $t0,-96($gp): $t0=1409286144,$gp=0x1F264 -> $t0=4=memory[0x401F204]
selfie.m: $pc=0x2838: 0x24090001: addiu $t1,$zero,1: $t1=16777216,$zero=0 -> $t1=1
selfie.m: $pc=0x283C: 0x01094023: subu $t0,$t0,$t1: $t0=4,$t0=4,$t1=1 -> $t0=3
selfie.m: $pc=0x2840: 0x24090008: addiu $t1,$zero,8: $t1=1,$zero=0 -> $t1=8
selfie.m: $pc=0x2844: 0x01090019: multu $t0,$t1: $t0=3,$t1=8,$lo=1409286144 -> $lo=24
selfie.m: $pc=0x2848: 0x00004012: mflo $t0: $t0=3,$lo=24 -> $t0=24
selfie.m: $pc=0x284C: 0x00000000: nop
selfie.m: $pc=0x2850: 0x00000000: nop
selfie.m: $pc=0x2854: 0x27BDFFFC: addiu $sp,$sp,-4: $sp=67108780,$sp=67108780 -> $sp=67108776
selfie.m: $pc=0x2858: 0xAFA80000: sw $t0,0($sp): $t0=24,$sp=0x3FFFFA8 -> memory[0xBFFFFA8]=24=$t0
selfie.m: $pc=0x285C: 0x0C00095D: jal 0x95D[0x2574]: $ra=0x2824 -> $ra=0x2864,$pc=0x2574
selfie.m: $pc=0x2574: 0x27BDFFFC: addiu $sp,$sp,-4: $sp=67108776,$sp=67108776 -> $sp=67108772
selfie.m: $pc=0x2578: 0xAFBF0000: sw $ra,0($sp): $ra=10340,$sp=0x3FFFFA4 -> memory[0xBFFFFA4]=10340=$ra
selfie.m: $pc=0x257C: 0x27BDFFFC: addiu $sp,$sp,-4: $sp=67108772,$sp=67108772 -> $sp=67108768
selfie.m: $pc=0x2580: 0xAFBE0000: sw $fp,0($sp): $fp=67108788,$sp=0x3FFFFA0 -> memory[0xBFFFFA0]=67108788=$fp
selfie.m: $pc=0x2584: 0x27BE0000: addiu $fp,$sp,0: $fp=67108788,$sp=67108768 -> $fp=67108768
selfie.m: $pc=0x2588: 0x8FC8000C: lw $t0,12($fp): $t0=24,$fp=0x3FFFFA0 -> $t0=1409286144=memory[0xBFFFFAC]
selfie.m: $pc=0x258C: 0x24090000: addiu $t1,$zero,0: $t1=8,$zero=0 -> $t1=0
selfie.m: $pc=0x2590: 0x0109402A: slt $t0,$t0,$t1: $t0=1409286144,$t1=0 -> $t0=0
selfie.m: $pc=0x2594: 0x14080004: bne $zero,$t0,4[0x25A8]: $zero=0,$t0=0 -> $pc=0x2598
selfie.m: $pc=0x2598: 0x00000000: nop
selfie.m: $pc=0x259C: 0x24080001: addiu $t0,$zero,1: $t0=0,$zero=0 -> $t0=1
selfie.m: $pc=0x25A0: 0x10000002: beq $zero,$zero,2[0x25AC]: $zero=0,$zero=0 -> $pc=0x25AC
selfie.m: $pc=0x25AC: 0x10080021: beq $zero,$t0,33[0x2634]: $zero=0,$t0=1 -> $pc=0x25B0
selfie.m: $pc=0x25B0: 0x00000000: nop
selfie.m: $pc=0x25B4: 0x8FC80008: lw $t0,8($fp): $t0=1,$fp=0x3FFFFA0 -> $t0=24=memory[0xBFFFFA8]
selfie.m: $pc=0x25B8: 0x2409001F: addiu $t1,$zero,31: $t1=0,$zero=0 -> $t1=31
selfie.m: $pc=0x25BC: 0x0109402A: slt $t0,$t0,$t1: $t0=24,$t1=31 -> $t0=1
selfie.m: $pc=0x25C0: 0x10080016: beq $zero,$t0,22[0x261C]: $zero=0,$t0=1 -> $pc=0x25C4
selfie.m: $pc=0x25C4: 0x00000000: nop
selfie.m: $pc=0x25C8: 0x8FC8000C: lw $t0,12($fp): $t0=1,$fp=0x3FFFFA0 -> $t0=1409286144=memory[0xBFFFFAC]
selfie.m: $pc=0x25CC: 0x27BDFFFC: addiu $sp,$sp,-4: $sp=67108768,$sp=67108768 -> $sp=67108764
selfie.m: $pc=0x25D0: 0xAFA80000: sw $t0,0($sp): $t0=1409286144,$sp=0x3FFFF9C -> memory[0xBFFFF9C]=1409286144=$t0
selfie.m: $pc=0x25D4: 0x8FC80008: lw $t0,8($fp): $t0=1409286144,$fp=0x3FFFFA0 -> $t0=24=memory[0xBFFFFA8]
selfie.m: $pc=0x25D8: 0x27BDFFFC: addiu $sp,$sp,-4: $sp=67108764,$sp=67108764 -> $sp=67108760
selfie.m: $pc=0x25DC: 0xAFA80000: sw $t0,0($sp): $t0=24,$sp=0x3FFFF98 -> memory[0xBFFFF98]=24=$t0
selfie.m: $pc=0x25E0: 0x0C0008F6: jal 0x8F6[0x23D8]: $ra=0x2864 -> $ra=0x25E8,$pc=0x23D8
selfie.m: $pc=0x23D8: 0x27BDFFFC: addiu $sp,$sp,-4: $sp=67108760,$sp=67108760 -> $sp=67108756
selfie.m: $pc=0x23DC: 0xAFBF0000: sw $ra,0($sp): $ra=9704,$sp=0x3FFFF94 -> memory[0xBFFFF94]=9704=$ra
selfie.m: $pc=0x23E0: 0x27BDFFFC: addiu $sp,$sp,-4: $sp=67108756,$sp=67108756 -> $sp=67108752
selfie.m: $pc=0x23E4: 0xAFBE0000: sw $fp,0($sp): $fp=67108768,$sp=0x3FFFF90 -> memory[0xBFFFF90]=67108768=$fp
selfie.m: $pc=0x23E8: 0x27BE0000: addiu $fp,$sp,0: $fp=67108768,$sp=67108752 -> $fp=67108752
selfie.m: $pc=0x23EC: 0x8F88FF98: lw $t0,-104($gp): $t0=24,$gp=0x1F264 -> $t0=131072=memory[0x401F1FC]
selfie.m: $pc=0x23F0: 0x8FC90008: lw $t1,8($fp): $t1=31,$fp=0x3FFFF90 -> $t1=24=memory[0xBFFFF98]
selfie.m: $pc=0x23F4: 0x240A0004: addiu $t2,$zero,4: $t2=4,$zero=0 -> $t2=4
selfie.m: $pc=0x23F8: 0x012A0019: multu $t1,$t2: $t1=24,$t2=4,$lo=24 -> $lo=96
selfie.m: $pc=0x23FC: 0x00004812: mflo $t1: $t1=24,$lo=96 -> $t1=96
selfie.m: $pc=0x2400: 0x00000000: nop
selfie.m: $pc=0x2404: 0x00000000: nop
selfie.m: $pc=0x2408: 0x01094021: addu $t0,$t0,$t1: $t0=131072,$t0=131072,$t1=96 -> $t0=131168
selfie.m: $pc=0x240C: 0x8D080000: lw $t0,0($t0): $t0=131168,$t0=0x20060 -> $t0=16777216=memory[0xC020060]
selfie.m: $pc=0x2410: 0x00081021: addu $v0,$zero,$t0: $v0=0,$zero=0,$t0=16777216 -> $v0=16777216
selfie.m: $pc=0x2414: 0x08000907: j 0x907[0x241C]: -> $pc=0x241C
selfie.m: $pc=0x241C: 0x27DD0000: addiu $sp,$fp,0: $sp=67108752,$fp=67108752 -> $sp=67108752
selfie.m: $pc=0x2420: 0x8FBE0000: lw $fp,0($sp): $fp=67108752,$sp=0x3FFFF90 -> $fp=67108768=memory[0xBFFFF90]
selfie.m: $pc=0x2424: 0x27BD0004: addiu $sp,$sp,4: $sp=67108752,$sp=67108752 -> $sp=67108756
selfie.m: $pc=0x2428: 0x8FBF0000: lw $ra,0($sp): $ra=9704,$sp=0x3FFFF94 -> $ra=9704=memory[0xBFFFF94]
selfie.m: $pc=0x242C: 0x27BD0008: addiu $sp,$sp,8: $sp=67108756,$sp=67108756 -> $sp=67108764
selfie.m: $pc=0x2430: 0x03E00008: jr $ra: $ra=0x25E8 -> $pc=0x25E8
selfie.m: $pc=0x25E8: 0x8FA80000: lw $t0,0($sp): $t0=16777216,$sp=0x3FFFF9C -> $t0=1409286144=memory[0xBFFFF9C]
selfie.m: $pc=0x25EC: 0x27BD0004: addiu $sp,$sp,4: $sp=67108764,$sp=67108764 -> $sp=67108768
selfie.m: $pc=0x25F0: 0x24490000: addiu $t1,$v0,0: $t1=96,$v0=16777216 -> $t1=16777216
selfie.m: $pc=0x25F4: 0x24020000: addiu $v0,$zero,0: $v0=16777216,$zero=0 -> $v0=0
selfie.m: $pc=0x25F8: 0x0109001B: divu $t0,$t1: $t0=1409286144,$t1=16777216,$lo=96,$hi=0 -> $lo=84,$hi=0
selfie.m: $pc=0x25FC: 0x00004012: mflo $t0: $t0=1409286144,$lo=84 -> $t0=84
selfie.m: $pc=0x2600: 0x00000000: nop
selfie.m: $pc=0x2604: 0x00000000: nop
selfie.m: $pc=0x2608: 0x00081021: addu $v0,$zero,$t0: $v0=0,$zero=0,$t0=84 -> $v0=84
selfie.m: $pc=0x260C: 0x080009D7: j 0x9D7[0x275C]: -> $pc=0x275C
selfie.m: $pc=0x275C: 0x27DD0000: addiu $sp,$fp,0: $sp=67108768,$fp=67108768 -> $sp=67108768
selfie.m: $pc=0x2760: 0x8FBE0000: lw $fp,0($sp): $fp=67108768,$sp=0x3FFFFA0 -> $fp=67108788=memory[0xBFFFFA0]
selfie.m: $pc=0x2764: 0x27BD0004: addiu $sp,$sp,4: $sp=67108768,$sp=67108768 -> $sp=67108772
selfie.m: $pc=0x2768: 0x8FBF0000: lw $ra,0($sp): $ra=9704,$sp=0x3FFFFA4 -> $ra=10340=memory[0xBFFFFA4]
selfie.m: $pc=0x276C: 0x27BD000C: addiu $sp,$sp,12: $sp=67108772,$sp=67108772 -> $sp=67108784
selfie.m: $pc=0x2770: 0x03E00008: jr $ra: $ra=0x2864 -> $pc=0x2864
selfie.m: $pc=0x2864: 0x24480000: addiu $t0,$v0,0: $t0=84,$v0=84 -> $t0=84
selfie.m: $pc=0x2868: 0x24020000: addiu $v0,$zero,0: $v0=84,$zero=0 -> $v0=0
selfie.m: $pc=0x286C: 0x00081021: addu $v0,$zero,$t0: $v0=0,$zero=0,$t0=84 -> $v0=84
selfie.m: $pc=0x2870: 0x08000A1E: j 0xA1E[0x2878]: -> $pc=0x2878
selfie.m: $pc=0x2878: 0x27DD0000: addiu $sp,$fp,0: $sp=67108784,$fp=67108788 -> $sp=67108788
selfie.m: $pc=0x287C: 0x8FBE0000: lw $fp,0($sp): $fp=67108788,$sp=0x3FFFFB4 -> $fp=67108808=memory[0xBFFFFB4]
selfie.m: $pc=0x2880: 0x27BD0004: addiu $sp,$sp,4: $sp=67108788,$sp=67108788 -> $sp=67108792
selfie.m: $pc=0x2884: 0x8FBF0000: lw $ra,0($sp): $ra=10340,$sp=0x3FFFFB8 -> $ra=15848=memory[0xBFFFFB8]
selfie.m: $pc=0x2888: 0x27BD000C: addiu $sp,$sp,12: $sp=67108792,$sp=67108792 -> $sp=67108804
selfie.m: $pc=0x288C: 0x03E00008: jr $ra: $ra=0x3DE8 -> $pc=0x3DE8
selfie.m: $pc=0x3DE8: 0x24480000: addiu $t0,$v0,0: $t0=84,$v0=84 -> $t0=84
selfie.m: $pc=0x3DEC: 0x24020000: addiu $v0,$zero,0: $v0=84,$zero=0 -> $v0=0
selfie.m: $pc=0x3DF0: 0x27BDFFFC: addiu $sp,$sp,-4: $sp=67108804,$sp=67108804 -> $sp=67108800
selfie.m: $pc=0x3DF4: 0xAFA80000: sw $t0,0($sp): $t0=84,$sp=0x3FFFFC0 -> memory[0xBFFFFC0]=84=$t0
selfie.m: $pc=0x3DF8: 0x0C000EF6: jal 0xEF6[0x3BD8]: $ra=0x3DE8 -> $ra=0x3E00,$pc=0x3BD8
selfie.m: $pc=0x3BD8: 0x27BDFFFC: addiu $sp,$sp,-4: $sp=67108800,$sp=67108800 -> $sp=67108796
selfie.m: $pc=0x3BDC: 0xAFBF0000: sw $ra,0($sp): $ra=15872,$sp=0x3FFFFBC -> memory[0xBFFFFBC]=15872=$ra
selfie.m: $pc=0x3BE0: 0x27BDFFFC: addiu $sp,$sp,-4: $sp=67108796,$sp=67108796 -> $sp=67108792
selfie.m: $pc=0x3BE4: 0xAFBE0000: sw $fp,0($sp): $fp=67108808,$sp=0x3FFFFB8 -> memory[0xBFFFFB8]=67108808=$fp
selfie.m: $pc=0x3BE8: 0x27BE0000: addiu $fp,$sp,0: $fp=67108808,$sp=67108792 -> $fp=67108792
selfie.m: $pc=0x3BEC: 0x8F88FF80: lw $t0,-128($gp): $t0=84,$gp=0x1F264 -> $t0=131196=memory[0x401F1E4]
selfie.m: $pc=0x3BF0: 0x8FC90008: lw $t1,8($fp): $t1=16777216,$fp=0x3FFFFB8 -> $t1=84=memory[0xBFFFFC0]
selfie.m: $pc=0x3BF4: 0xAD090000: sw $t1,0($t0): $t1=84,$t0=0x2007C -> memory[0xC02007C]=84=$t1
selfie.m: $pc=0x3BF8: 0x8F88FF54: lw $t0,-172($gp): $t0=131196,$gp=0x1F264 -> $t0=1=memory[0x401F1B8]
selfie.m: $pc=0x3BFC: 0x27BDFFFC: addiu $sp,$sp,-4: $sp=67108792,$sp=67108792 -> $sp=67108788
selfie.m: $pc=0x3C00: 0xAFA80000: sw $t0,0($sp): $t0=1,$sp=0x3FFFFB4 -> memory[0xBFFFFB4]=1=$t0
selfie.m: $pc=0x3C04: 0x8F88FF80: lw $t0,-128($gp): $t0=1,$gp=0x1F264 -> $t0=131196=memory[0x401F1E4]
selfie.m: $pc=0x3C08: 0x27BDFFFC: addiu $sp,$sp,-4: $sp=67108788,$sp=67108788 -> $sp=67108784
selfie.m: $pc=0x3C0C: 0xAFA80000: sw $t0,0($sp): $t0=131196,$sp=0x3FFFFB0 -> memory[0xBFFFFB0]=131196=$t0
selfie.m: $pc=0x3C10: 0x24080001: addiu $t0,$zero,1: $t0=131196,$zero=0 -> $t0=1
selfie.m: $pc=0x3C14: 0x27BDFFFC: addiu $sp,$sp,-4: $sp=67108784,$sp=67108784 -> $sp=67108780
selfie.m: $pc=0x3C18: 0xAFA80000: sw $t0,0($sp): $t0=1,$sp=0x3FFFFAC -> memory[0xBFFFFAC]=1=$t0
selfie.m: $pc=0x3C1C: 0x0C000022: jal 0x22[0x88]: $ra=0x3E00 -> $ra=0x3C24,$pc=0x88
selfie.m: $pc=0x88: 0x8FA60000: lw $a2,0($sp): $a2=0,$sp=0x3FFFFAC -> $a2=1=memory[0xBFFFFAC]
selfie.m: $pc=0x8C: 0x27BD0004: addiu $sp,$sp,4: $sp=67108780,$sp=67108780 -> $sp=67108784
selfie.m: $pc=0x90: 0x8FA50000: lw $a1,0($sp): $a1=0,$sp=0x3FFFFB0 -> $a1=131196=memory[0xBFFFFB0]
selfie.m: $pc=0x94: 0x27BD0004: addiu $sp,$sp,4: $sp=67108784,$sp=67108784 -> $sp=67108788
selfie.m: $pc=0x98: 0x8FA40000: lw $a0,0($sp): $a0=4,$sp=0x3FFFFB4 -> $a0=1=memory[0xBFFFFB4]
selfie.m: $pc=0x9C: 0x27BD0004: addiu $sp,$sp,4: $sp=67108788,$sp=67108788 -> $sp=67108792
selfie.m: $pc=0xA0: 0x24020FA4: addiu $v0,$zero,4004: $v0=0,$zero=0 -> $v0=4004
selfie.m: $pc=0xA4: 0x0000000C: syscall
selfie.m: $pc=0xA8: 0x03E00008: jr $ra: $ra=0x3C24 -> $pc=0x3C24
selfie.m: $pc=0x3C24: 0x24480000: addiu $t0,$v0,0: $t0=1,$v0=-1 -> $t0=-1
selfie.m: $pc=0x3C28: 0x24020000: addiu $v0,$zero,0: $v0=-1,$zero=0 -> $v0=0
selfie.m: $pc=0x3C2C: 0x24090001: addiu $t1,$zero,1: $t1=84,$zero=0 -> $t1=1
selfie.m: $pc=0x3C30: 0x01094023: subu $t0,$t0,$t1: $t0=-1,$t0=-1,$t1=1 -> $t0=-2
selfie.m: $pc=0x3C34: 0x10080004: beq $zero,$t0,4[0x3C48]: $zero=0,$t0=-2 -> $pc=0x3C38
selfie.m: $pc=0x3C38: 0x00000000: nop
selfie.m: $pc=0x3C3C: 0x24080000: addiu $t0,$zero,0: $t0=-2,$zero=0 -> $t0=0
selfie.m: $pc=0x3C40: 0x10080002: beq $zero,$t0,2[0x3C4C]: $zero=0,$t0=0 -> $pc=0x3C4C
selfie.m: $pc=0x3C4C: 0x10080012: beq $zero,$t0,18[0x3C98]: $zero=0,$t0=0 -> $pc=0x3C98
selfie.m: $pc=0x3C98: 0x8F88FF54: lw $t0,-172($gp): $t0=0,$gp=0x1F264 -> $t0=1=memory[0x401F1B8]
selfie.m: $pc=0x3C9C: 0x24090001: addiu $t1,$zero,1: $t1=1,$zero=0 -> $t1=1
selfie.m: $pc=0x3CA0: 0x01094023: subu $t0,$t0,$t1: $t0=1,$t0=1,$t1=1 -> $t0=0
selfie.m: $pc=0x3CA4: 0x14080004: bne $zero,$t0,4[0x3CB8]: $zero=0,$t0=0 -> $pc=0x3CA8
selfie.m: $pc=0x3CA8: 0x00000000: nop
selfie.m: $pc=0x3CAC: 0x24080000: addiu $t0,$zero,0: $t0=0,$zero=0 -> $t0=0
selfie.m: $pc=0x3CB0: 0x10080002: beq $zero,$t0,2[0x3CBC]: $zero=0,$t0=0 -> $pc=0x3CBC
selfie.m: $pc=0x3CBC: 0x10080018: beq $zero,$t0,24[0x3D20]: $zero=0,$t0=0 -> $pc=0x3D20
selfie.m: $pc=0x3D20: 0x24080001: addiu $t0,$zero,1: $t0=0,$zero=0 -> $t0=1
selfie.m: $pc=0x3D24: 0x00084023: subu $t0,$zero,$t0: $t0=1,$zero=0,$t0=1 -> $t0=-1
selfie.m: $pc=0x3D28: 0x27BDFFFC: addiu $sp,$sp,-4: $sp=67108792,$sp=67108792 -> $sp=67108788
selfie.m: $pc=0x3D2C: 0xAFA80000: sw $t0,0($sp): $t0=-1,$sp=0x3FFFFB4 -> memory[0xBFFFFB4]=-1=$t0
selfie.m: $pc=0x3D30: 0x0C000014: jal 0x14[0x50]: $ra=0x3C24 -> $ra=0x3D38,$pc=0x50
selfie.m: $pc=0x50: 0x8FA40000: lw $a0,0($sp): $a0=1,$sp=0x3FFFFB4 -> $a0=-1=memory[0xBFFFFB4]
selfie.m: $pc=0x54: 0x27BD0004: addiu $sp,$sp,4: $sp=67108788,$sp=67108788 -> $sp=67108792
selfie.m: $pc=0x58: 0x24020FA1: addiu $v0,$zero,4001: $v0=0,$zero=0 -> $v0=4001
selfie.m: $pc=0x5C: 0x0000000C: syscall
selfie.m: exiting with exit code -1 and 0.00MB of mallocated memory
./selfie: this is selfie's minster terminating selfie.m with exit code -1 and 16.00MB of mapped memory
./selfie: profile: total,max(ratio%)@addr,2max(ratio%)@addr,3max(ratio%)@addr
./selfie: calls: 28,6(21.45%)@0x23D8,5(17.85%)@0xD8,2(7.14%)@0x2438
./selfie: loops: 30,30(100.00%)@0x1EC,0(0.00%),0(0.00%)
./selfie: loads: 339,31(9.14%)@0x1EC,30(8.84%)@0x200,6(1.76%)@0x23EC
./selfie: stores: 160,30(18.76%)@0x260,6(3.75%)@0x23DC,2(1.25%)@0x243C
